#
# There is insufficient memory for the Java Runtime Environment to continue.
# Native memory allocation (mmap) failed to map 16777216 bytes for G1 virtual space
# Possible reasons:
#   The system is out of physical RAM or swap space
#   The process is running with CompressedOops enabled, and the Java Heap may be blocking the growth of the native heap
# Possible solutions:
#   Reduce memory load on the system
#   Increase physical memory or swap space
#   Check if swap backing store is full
#   Decrease Java heap size (-Xmx/-Xms)
#   Decrease number of Java threads
#   Decrease Java thread stack sizes (-Xss)
#   Set larger code cache with -XX:ReservedCodeCacheSize=
#   JVM is running with Unscaled Compressed Oops mode in which the Java heap is
#     placed in the first 4GB address space. The Java Heap base address is the
#     maximum limit for the native heap growth. Please use -XX:HeapBaseMinAddress
#     to set the Java Heap base and to place the Java Heap above 4GB virtual address.
# This output file may be truncated or incomplete.
#
#  Out of Memory Error (os_windows.cpp:3552), pid=22540, tid=28812
#
# JRE version: Java(TM) SE Runtime Environment (17.0.9+11) (build 17.0.9+11-LTS-201)
# Java VM: Java HotSpot(TM) 64-Bit Server VM (17.0.9+11-LTS-201, mixed mode, sharing, tiered, compressed oops, compressed class ptrs, g1 gc, windows-amd64)
# No core dump will be written. Minidumps are not enabled by default on client versions of Windows
#

---------------  S U M M A R Y ------------

Command Line: -XX:MaxMetaspaceSize=512m --add-opens=java.base/java.util=ALL-UNNAMED --add-opens=java.base/java.lang=ALL-UNNAMED --add-opens=java.base/java.lang.invoke=ALL-UNNAMED --add-opens=java.prefs/java.util.prefs=ALL-UNNAMED --add-opens=java.base/java.nio.charset=ALL-UNNAMED --add-opens=java.base/java.net=ALL-UNNAMED --add-opens=java.base/java.util.concurrent.atomic=ALL-UNNAMED -Xmx2048m -Dfile.encoding=windows-1252 -Duser.country=ES -Duser.language=es -Duser.variant org.gradle.launcher.daemon.bootstrap.GradleDaemon 8.0.1

Host: Intel(R) Core(TM) i7-10610U CPU @ 1.80GHz, 8 cores, 15G,  Windows 11 , 64 bit Build 22621 (10.0.22621.2506)
Time: Tue Jan  2 15:50:44 2024 Hora estándar Europa Occidental elapsed time: 33.562773 seconds (0d 0h 0m 33s)

---------------  T H R E A D  ---------------

Current thread (0x000001e55a22d2b0):  VMThread "VM Thread" [stack: 0x0000002219100000,0x0000002219200000] [id=28812]

Stack: [0x0000002219100000,0x0000002219200000]
Native frames: (J=compiled Java code, j=interpreted, Vv=VM code, C=native code)
V  [jvm.dll+0x678a4a]
V  [jvm.dll+0x7d9cfd]
V  [jvm.dll+0x7db60e]
V  [jvm.dll+0x7dbc73]
V  [jvm.dll+0x245e1f]
V  [jvm.dll+0x6758f9]
V  [jvm.dll+0x66a2a2]
V  [jvm.dll+0x303686]
V  [jvm.dll+0x30ac06]
V  [jvm.dll+0x35a48e]
V  [jvm.dll+0x35a6bf]
V  [jvm.dll+0x2da678]
V  [jvm.dll+0x2d8a85]
V  [jvm.dll+0x2d808c]
V  [jvm.dll+0x31b97b]
V  [jvm.dll+0x7e048b]
V  [jvm.dll+0x7e11c4]
V  [jvm.dll+0x7e16dd]
V  [jvm.dll+0x7e1ab4]
V  [jvm.dll+0x7e1b80]
V  [jvm.dll+0x78998a]
V  [jvm.dll+0x677875]
C  [ucrtbase.dll+0x29363]
C  [KERNEL32.DLL+0x1257d]
C  [ntdll.dll+0x5aa58]

VM_Operation (0x000000221a9f4e00): G1CollectForAllocation, mode: safepoint, requested by thread 0x000001e57aabab10


---------------  P R O C E S S  ---------------

Threads class SMR info:
_java_thread_list=0x000001e57e3c7990, length=73, elements={
0x000001e53a044f50, 0x000001e55a232ed0, 0x000001e55a234aa0, 0x000001e55a38c980,
0x000001e55a38d540, 0x000001e55a38e100, 0x000001e55a390ed0, 0x000001e55a393bd0,
0x000001e55a39c5e0, 0x000001e55a39d3f0, 0x000001e55a4dc6d0, 0x000001e55a4e1f90,
0x000001e55abd0aa0, 0x000001e57a5ff300, 0x000001e57bc4ec70, 0x000001e57a916ee0,
0x000001e57b920450, 0x000001e57a493700, 0x000001e57aabab10, 0x000001e57aabb020,
0x000001e57aabb530, 0x000001e57aabba40, 0x000001e57aabbf50, 0x000001e57aab96d0,
0x000001e57aabc460, 0x000001e57aab8cb0, 0x000001e57aab91c0, 0x000001e57aab9be0,
0x000001e57aaba0f0, 0x000001e57c6edef0, 0x000001e57c6ea230, 0x000001e57c6eac50,
0x000001e57c6ea740, 0x000001e57c6e9810, 0x000001e57c6ec090, 0x000001e57c6e83d0,
0x000001e57c6ed9e0, 0x000001e57c6e8df0, 0x000001e57c6ee910, 0x000001e57c6efd50,
0x000001e57c6e88e0, 0x000001e57c6e9300, 0x000001e57c6eee20, 0x000001e57c6eb670,
0x000001e57c6ebb80, 0x000001e57c6ec5a0, 0x000001e57c6ecab0, 0x000001e57c6ecfc0,
0x000001e57c6ed4d0, 0x000001e57ca0c770, 0x000001e57ca085a0, 0x000001e57ca0cc80,
0x000001e57ca0b840, 0x000001e57ca0e0c0, 0x000001e57ca0d190, 0x000001e57ca07160,
0x000001e57ca08ab0, 0x000001e57ca0d6a0, 0x000001e57ca0dbb0, 0x000001e57ca08fc0,
0x000001e57ca06c50, 0x000001e57ca07670, 0x000001e57ca0b330, 0x000001e57ca0e5d0,
0x000001e57ca094d0, 0x000001e57ca07b80, 0x000001e57ca0a400, 0x000001e57ca0bd50,
0x000001e57ca0c260, 0x000001e57ca08090, 0x000001e57bafca70, 0x000001e57bafbfd0,
0x000001e57ca0a910
}

Java Threads: ( => current thread )
  0x000001e53a044f50 JavaThread "main" [_thread_blocked, id=24256, stack(0x0000002218b00000,0x0000002218c00000)]
  0x000001e55a232ed0 JavaThread "Reference Handler" daemon [_thread_blocked, id=24656, stack(0x0000002219200000,0x0000002219300000)]
  0x000001e55a234aa0 JavaThread "Finalizer" daemon [_thread_blocked, id=21788, stack(0x0000002219300000,0x0000002219400000)]
  0x000001e55a38c980 JavaThread "Signal Dispatcher" daemon [_thread_blocked, id=33728, stack(0x0000002219400000,0x0000002219500000)]
  0x000001e55a38d540 JavaThread "Attach Listener" daemon [_thread_blocked, id=23608, stack(0x0000002219500000,0x0000002219600000)]
  0x000001e55a38e100 JavaThread "Service Thread" daemon [_thread_blocked, id=12736, stack(0x0000002219600000,0x0000002219700000)]
  0x000001e55a390ed0 JavaThread "Monitor Deflation Thread" daemon [_thread_blocked, id=9600, stack(0x0000002219700000,0x0000002219800000)]
  0x000001e55a393bd0 JavaThread "C2 CompilerThread0" daemon [_thread_in_native, id=24304, stack(0x0000002219800000,0x0000002219900000)]
  0x000001e55a39c5e0 JavaThread "C1 CompilerThread0" daemon [_thread_blocked, id=28704, stack(0x0000002219900000,0x0000002219a00000)]
  0x000001e55a39d3f0 JavaThread "Sweeper thread" daemon [_thread_blocked, id=3796, stack(0x0000002219a00000,0x0000002219b00000)]
  0x000001e55a4dc6d0 JavaThread "Common-Cleaner" daemon [_thread_blocked, id=31308, stack(0x0000002219b00000,0x0000002219c00000)]
  0x000001e55a4e1f90 JavaThread "Notification Thread" daemon [_thread_blocked, id=27404, stack(0x0000002219c00000,0x0000002219d00000)]
  0x000001e55abd0aa0 JavaThread "Daemon health stats" [_thread_blocked, id=24672, stack(0x000000221a500000,0x000000221a600000)]
  0x000001e57a5ff300 JavaThread "Incoming local TCP Connector on port 49194" [_thread_in_native, id=21084, stack(0x0000002219e00000,0x0000002219f00000)]
  0x000001e57bc4ec70 JavaThread "Daemon periodic checks" [_thread_blocked, id=10872, stack(0x000000221a400000,0x000000221a500000)]
  0x000001e57a916ee0 JavaThread "Daemon" [_thread_blocked, id=6576, stack(0x000000221a700000,0x000000221a800000)]
  0x000001e57b920450 JavaThread "Handler for socket connection from /127.0.0.1:49194 to /127.0.0.1:49195" [_thread_in_native, id=4144, stack(0x000000221a800000,0x000000221a900000)]
  0x000001e57a493700 JavaThread "Cancel handler" [_thread_blocked, id=26016, stack(0x000000221a600000,0x000000221a700000)]
  0x000001e57aabab10 JavaThread "Daemon worker" [_thread_blocked, id=20756, stack(0x000000221a900000,0x000000221aa00000)]
  0x000001e57aabb020 JavaThread "Asynchronous log dispatcher for DefaultDaemonConnection: socket connection from /127.0.0.1:49194 to /127.0.0.1:49195" [_thread_blocked, id=31992, stack(0x000000221aa00000,0x000000221ab00000)]
  0x000001e57aabb530 JavaThread "Stdin handler" [_thread_blocked, id=8044, stack(0x000000221ab00000,0x000000221ac00000)]
  0x000001e57aabba40 JavaThread "Daemon client event forwarder" [_thread_blocked, id=5988, stack(0x000000221ac00000,0x000000221ad00000)]
  0x000001e57aabbf50 JavaThread "Cache worker for journal cache (C:\Users\leejh\.gradle\caches\journal-1)" [_thread_blocked, id=28852, stack(0x000000221ad00000,0x000000221ae00000)]
  0x000001e57aab96d0 JavaThread "File lock request listener" [_thread_in_native, id=6276, stack(0x000000221ae00000,0x000000221af00000)]
  0x000001e57aabc460 JavaThread "Cache worker for file hash cache (C:\Users\leejh\.gradle\caches\8.0.1\fileHashes)" [_thread_blocked, id=23400, stack(0x000000221b000000,0x000000221b100000)]
  0x000001e57aab8cb0 JavaThread "File watcher server" daemon [_thread_in_native, id=20444, stack(0x000000221af00000,0x000000221b000000)]
  0x000001e57aab91c0 JavaThread "File watcher consumer" daemon [_thread_blocked, id=15052, stack(0x000000221b100000,0x000000221b200000)]
  0x000001e57aab9be0 JavaThread "Cache worker for checksums cache (C:\Users\leejh\Projects\bred\POS\android\.gradle\8.0.1\checksums)" [_thread_blocked, id=13656, stack(0x000000221b200000,0x000000221b300000)]
  0x000001e57aaba0f0 JavaThread "Cache worker for cache directory md-rule (C:\Users\leejh\.gradle\caches\8.0.1\md-rule)" [_thread_blocked, id=10948, stack(0x000000221b300000,0x000000221b400000)]
  0x000001e57c6edef0 JavaThread "Cache worker for file content cache (C:\Users\leejh\.gradle\caches\8.0.1\fileContent)" [_thread_blocked, id=17428, stack(0x000000221b400000,0x000000221b500000)]
  0x000001e57c6ea230 JavaThread "Cache worker for file hash cache (C:\Users\leejh\Projects\bred\POS\android\.gradle\8.0.1\fileHashes)" [_thread_blocked, id=2876, stack(0x000000221b600000,0x000000221b700000)]
  0x000001e57c6eac50 JavaThread "Cache worker for cache directory md-supplier (C:\Users\leejh\.gradle\caches\8.0.1\md-supplier)" [_thread_blocked, id=24828, stack(0x000000221b700000,0x000000221b800000)]
  0x000001e57c6ea740 JavaThread "Cache worker for execution history cache (C:\Users\leejh\.gradle\caches\8.0.1\executionHistory)" [_thread_blocked, id=14720, stack(0x000000221b500000,0x000000221b600000)]
  0x000001e57c6e9810 JavaThread "jar transforms" [_thread_blocked, id=25848, stack(0x000000221bd00000,0x000000221be00000)]
  0x000001e57c6ec090 JavaThread "jar transforms Thread 2" [_thread_blocked, id=22688, stack(0x000000221be00000,0x000000221bf00000)]
  0x000001e57c6e83d0 JavaThread "jar transforms Thread 3" [_thread_blocked, id=19712, stack(0x000000221bf00000,0x000000221c000000)]
  0x000001e57c6ed9e0 JavaThread "jar transforms Thread 4" [_thread_blocked, id=3724, stack(0x000000221c000000,0x000000221c100000)]
  0x000001e57c6e8df0 JavaThread "Cache worker for kotlin-dsl (C:\Users\leejh\.gradle\caches\8.0.1\kotlin-dsl)" [_thread_blocked, id=25528, stack(0x000000221c100000,0x000000221c200000)]
  0x000001e57c6ee910 JavaThread "jar transforms Thread 5" [_thread_blocked, id=25372, stack(0x000000221c200000,0x000000221c300000)]
  0x000001e57c6efd50 JavaThread "jar transforms Thread 6" [_thread_blocked, id=23372, stack(0x000000221bb00000,0x000000221bc00000)]
  0x000001e57c6e88e0 JavaThread "Cache worker for dependencies-accessors (C:\Users\leejh\Projects\bred\POS\android\.gradle\8.0.1\dependencies-accessors)" [_thread_blocked, id=5708, stack(0x000000221bc00000,0x000000221bd00000)]
  0x000001e57c6e9300 JavaThread "Cache worker for Build Output Cleanup Cache (C:\Users\leejh\Projects\bred\POS\node_modules\@react-native\gradle-plugin\.gradle\buildOutputCleanup)" [_thread_blocked, id=28396, stack(0x000000221c400000,0x000000221c500000)]
  0x000001e57c6eee20 JavaThread "jar transforms Thread 7" [_thread_blocked, id=8372, stack(0x000000221c500000,0x000000221c600000)]
  0x000001e57c6eb670 JavaThread "Unconstrained build operations" [_thread_blocked, id=31068, stack(0x000000221c300000,0x000000221c400000)]
  0x000001e57c6ebb80 JavaThread "Unconstrained build operations Thread 2" [_thread_blocked, id=19408, stack(0x000000221c600000,0x000000221c700000)]
  0x000001e57c6ec5a0 JavaThread "Unconstrained build operations Thread 3" [_thread_blocked, id=21884, stack(0x000000221c800000,0x000000221c900000)]
  0x000001e57c6ecab0 JavaThread "Unconstrained build operations Thread 4" [_thread_blocked, id=31188, stack(0x000000221c900000,0x000000221ca00000)]
  0x000001e57c6ecfc0 JavaThread "Unconstrained build operations Thread 5" [_thread_blocked, id=12352, stack(0x000000221ca00000,0x000000221cb00000)]
  0x000001e57c6ed4d0 JavaThread "Unconstrained build operations Thread 6" [_thread_blocked, id=23808, stack(0x000000221cb00000,0x000000221cc00000)]
  0x000001e57ca0c770 JavaThread "Unconstrained build operations Thread 7" [_thread_blocked, id=18728, stack(0x000000221cc00000,0x000000221cd00000)]
  0x000001e57ca085a0 JavaThread "Unconstrained build operations Thread 8" [_thread_blocked, id=26828, stack(0x000000221cd00000,0x000000221ce00000)]
  0x000001e57ca0cc80 JavaThread "Unconstrained build operations Thread 9" [_thread_blocked, id=13788, stack(0x000000221ce00000,0x000000221cf00000)]
  0x000001e57ca0b840 JavaThread "Unconstrained build operations Thread 10" [_thread_blocked, id=1796, stack(0x000000221cf00000,0x000000221d000000)]
  0x000001e57ca0e0c0 JavaThread "Unconstrained build operations Thread 11" [_thread_blocked, id=24600, stack(0x000000221d000000,0x000000221d100000)]
  0x000001e57ca0d190 JavaThread "Unconstrained build operations Thread 12" [_thread_blocked, id=15872, stack(0x000000221d100000,0x000000221d200000)]
  0x000001e57ca07160 JavaThread "Unconstrained build operations Thread 13" [_thread_blocked, id=27668, stack(0x000000221d200000,0x000000221d300000)]
  0x000001e57ca08ab0 JavaThread "Unconstrained build operations Thread 14" [_thread_blocked, id=10940, stack(0x000000221d300000,0x000000221d400000)]
  0x000001e57ca0d6a0 JavaThread "Unconstrained build operations Thread 15" [_thread_blocked, id=26092, stack(0x000000221d400000,0x000000221d500000)]
  0x000001e57ca0dbb0 JavaThread "Unconstrained build operations Thread 16" [_thread_blocked, id=31012, stack(0x000000221d500000,0x000000221d600000)]
  0x000001e57ca08fc0 JavaThread "Unconstrained build operations Thread 17" [_thread_blocked, id=33028, stack(0x000000221d600000,0x000000221d700000)]
  0x000001e57ca06c50 JavaThread "Unconstrained build operations Thread 18" [_thread_blocked, id=17248, stack(0x000000221d700000,0x000000221d800000)]
  0x000001e57ca07670 JavaThread "Unconstrained build operations Thread 19" [_thread_blocked, id=32168, stack(0x000000221d800000,0x000000221d900000)]
  0x000001e57ca0b330 JavaThread "Unconstrained build operations Thread 20" [_thread_blocked, id=9596, stack(0x000000221d900000,0x000000221da00000)]
  0x000001e57ca0e5d0 JavaThread "Unconstrained build operations Thread 21" [_thread_blocked, id=28244, stack(0x000000221da00000,0x000000221db00000)]
  0x000001e57ca094d0 JavaThread "Unconstrained build operations Thread 22" [_thread_blocked, id=26984, stack(0x000000221db00000,0x000000221dc00000)]
  0x000001e57ca07b80 JavaThread "Unconstrained build operations Thread 23" [_thread_blocked, id=19792, stack(0x000000221dc00000,0x000000221dd00000)]
  0x000001e57ca0a400 JavaThread "Unconstrained build operations Thread 24" [_thread_blocked, id=4188, stack(0x000000221dd00000,0x000000221de00000)]
  0x000001e57ca0bd50 JavaThread "Unconstrained build operations Thread 25" [_thread_blocked, id=18912, stack(0x000000221de00000,0x000000221df00000)]
  0x000001e57ca0c260 JavaThread "Unconstrained build operations Thread 26" [_thread_blocked, id=24972, stack(0x000000221df00000,0x000000221e000000)]
  0x000001e57ca08090 JavaThread "jar transforms Thread 8" [_thread_blocked, id=28024, stack(0x000000221e000000,0x000000221e100000)]
  0x000001e57bafca70 JavaThread "C2 CompilerThread1" daemon [_thread_in_native, id=17368, stack(0x000000221e100000,0x000000221e200000)]
  0x000001e57bafbfd0 JavaThread "C2 CompilerThread2" daemon [_thread_blocked, id=28000, stack(0x000000221e200000,0x000000221e300000)]
  0x000001e57ca0a910 JavaThread "Memory manager" [_thread_blocked, id=6628, stack(0x000000221e300000,0x000000221e400000)]

Other Threads:
=>0x000001e55a22d2b0 VMThread "VM Thread" [stack: 0x0000002219100000,0x0000002219200000] [id=28812]
  0x000001e53a0becf0 WatcherThread [stack: 0x0000002219d00000,0x0000002219e00000] [id=23984]
  0x000001e53a0a12c0 GCTaskThread "GC Thread#0" [stack: 0x0000002218c00000,0x0000002218d00000] [id=12596]
  0x000001e55ab89b00 GCTaskThread "GC Thread#1" [stack: 0x0000002219f00000,0x000000221a000000] [id=292]
  0x000001e55aac79c0 GCTaskThread "GC Thread#2" [stack: 0x000000221a000000,0x000000221a100000] [id=6860]
  0x000001e55aac7c80 GCTaskThread "GC Thread#3" [stack: 0x000000221a100000,0x000000221a200000] [id=26696]
  0x000001e55aac7f40 GCTaskThread "GC Thread#4" [stack: 0x000000221a200000,0x000000221a300000] [id=29364]
  0x000001e55a90b5c0 GCTaskThread "GC Thread#5" [stack: 0x000000221a300000,0x000000221a400000] [id=28224]
  0x000001e57cb5bf70 GCTaskThread "GC Thread#6" [stack: 0x000000221b800000,0x000000221b900000] [id=31156]
  0x000001e55ac0ddc0 GCTaskThread "GC Thread#7" [stack: 0x000000221b900000,0x000000221ba00000] [id=23520]
  0x000001e53a0b2210 ConcurrentGCThread "G1 Main Marker" [stack: 0x0000002218d00000,0x0000002218e00000] [id=26936]
  0x000001e53a0b2c20 ConcurrentGCThread "G1 Conc#0" [stack: 0x0000002218e00000,0x0000002218f00000] [id=26152]
  0x000001e57ba247a0 ConcurrentGCThread "G1 Conc#1" [stack: 0x000000221ba00000,0x000000221bb00000] [id=12244]
  0x000001e55a0ede40 ConcurrentGCThread "G1 Refine#0" [stack: 0x0000002218f00000,0x0000002219000000] [id=26908]
  0x000001e55a0ee680 ConcurrentGCThread "G1 Service" [stack: 0x0000002219000000,0x0000002219100000] [id=27704]

Threads with active compile tasks:
C2 CompilerThread0    33625 5800       4       org.objectweb.asm.SymbolTable::addConstantMemberReference (147 bytes)
C1 CompilerThread0    33625 5907       3       java.util.regex.Matcher::replaceAll (59 bytes)
C2 CompilerThread1    33625 5880       4       org.objectweb.asm.MethodWriter::visitMethodInsn (191 bytes)
C2 CompilerThread2    33625 5888       4       org.objectweb.asm.Frame::execute (2318 bytes)

VM state: at safepoint (normal execution)

VM Mutex/Monitor currently owned by a thread:  ([mutex/lock_event])
[0x000001e53a041710] Threads_lock - owner thread: 0x000001e55a22d2b0
[0x000001e53a040ea0] Heap_lock - owner thread: 0x000001e57aabab10

Heap address: 0x0000000080000000, size: 2048 MB, Compressed Oops mode: 32-bit

CDS archive(s) mapped at: [0x000001e55b000000-0x000001e55bbd0000-0x000001e55bbd0000), size 12386304, SharedBaseAddress: 0x000001e55b000000, ArchiveRelocationMode: 1.
Compressed class space mapped at: 0x000001e55c000000-0x000001e576000000, reserved size: 436207616
Narrow klass base: 0x000001e55b000000, Narrow klass shift: 0, Narrow klass range: 0x100000000

GC Precious Log:
 CPUs: 8 total, 8 available
 Memory: 16067M
 Large Page Support: Disabled
 NUMA Support: Disabled
 Compressed Oops: Enabled (32-bit)
 Heap Region Size: 1M
 Heap Min Capacity: 8M
 Heap Initial Capacity: 252M
 Heap Max Capacity: 2G
 Pre-touch: Disabled
 Parallel Workers: 8
 Concurrent Workers: 2
 Concurrent Refinement Workers: 8
 Periodic GC: Disabled

Heap:
 garbage-first heap   total 81920K, used 49469K [0x0000000080000000, 0x0000000100000000)
  region size 1024K, 1 young (1024K), 1 survivors (1024K)
 Metaspace       used 53270K, committed 53888K, reserved 491520K
  class space    used 7327K, committed 7616K, reserved 425984K

Heap Regions: E=young(eden), S=young(survivor), O=old, HS=humongous(starts), HC=humongous(continues), CS=collection set, F=free, OA=open archive, CA=closed archive, TAMS=top-at-mark-start (previous, next)
|   0|0x0000000080000000, 0x0000000080100000, 0x0000000080100000|100%|HS|  |TAMS 0x0000000080100000, 0x0000000080100000| Complete 
|   1|0x0000000080100000, 0x0000000080200000, 0x0000000080200000|100%|HC|  |TAMS 0x0000000080200000, 0x0000000080200000| Complete 
|   2|0x0000000080200000, 0x0000000080300000, 0x0000000080300000|100%|HC|  |TAMS 0x0000000080300000, 0x0000000080300000| Complete 
|   3|0x0000000080300000, 0x0000000080400000, 0x0000000080400000|100%|HC|  |TAMS 0x0000000080400000, 0x0000000080400000| Complete 
|   4|0x0000000080400000, 0x0000000080500000, 0x0000000080500000|100%| O|  |TAMS 0x0000000080500000, 0x0000000080500000| Untracked 
|   5|0x0000000080500000, 0x0000000080600000, 0x0000000080600000|100%| O|  |TAMS 0x0000000080600000, 0x0000000080600000| Untracked 
|   6|0x0000000080600000, 0x0000000080700000, 0x0000000080700000|100%| O|  |TAMS 0x0000000080700000, 0x0000000080700000| Untracked 
|   7|0x0000000080700000, 0x0000000080800000, 0x0000000080800000|100%| O|  |TAMS 0x0000000080800000, 0x0000000080800000| Untracked 
|   8|0x0000000080800000, 0x0000000080900000, 0x0000000080900000|100%| O|  |TAMS 0x0000000080900000, 0x0000000080900000| Untracked 
|   9|0x0000000080900000, 0x0000000080a00000, 0x0000000080a00000|100%| O|  |TAMS 0x0000000080a00000, 0x0000000080a00000| Untracked 
|  10|0x0000000080a00000, 0x0000000080b00000, 0x0000000080b00000|100%| O|  |TAMS 0x0000000080b00000, 0x0000000080b00000| Untracked 
|  11|0x0000000080b00000, 0x0000000080b3da00, 0x0000000080c00000| 24%| O|  |TAMS 0x0000000080b3da00, 0x0000000080b3da00| Untracked 
|  12|0x0000000080c00000, 0x0000000080d00000, 0x0000000080d00000|100%| O|  |TAMS 0x0000000080d00000, 0x0000000080d00000| Untracked 
|  13|0x0000000080d00000, 0x0000000080e00000, 0x0000000080e00000|100%| O|  |TAMS 0x0000000080e00000, 0x0000000080e00000| Untracked 
|  14|0x0000000080e00000, 0x0000000080f00000, 0x0000000080f00000|100%| O|  |TAMS 0x0000000080f00000, 0x0000000080f00000| Untracked 
|  15|0x0000000080f00000, 0x0000000081000000, 0x0000000081000000|100%| O|  |TAMS 0x0000000081000000, 0x0000000081000000| Untracked 
|  16|0x0000000081000000, 0x0000000081100000, 0x0000000081100000|100%| O|  |TAMS 0x0000000081100000, 0x0000000081100000| Untracked 
|  17|0x0000000081100000, 0x0000000081200000, 0x0000000081200000|100%| O|  |TAMS 0x0000000081200000, 0x0000000081200000| Untracked 
|  18|0x0000000081200000, 0x0000000081300000, 0x0000000081300000|100%| O|  |TAMS 0x0000000081300000, 0x0000000081300000| Untracked 
|  19|0x0000000081300000, 0x0000000081400000, 0x0000000081400000|100%| O|  |TAMS 0x0000000081400000, 0x0000000081400000| Untracked 
|  20|0x0000000081400000, 0x0000000081500000, 0x0000000081500000|100%| O|  |TAMS 0x0000000081500000, 0x0000000081500000| Untracked 
|  21|0x0000000081500000, 0x0000000081600000, 0x0000000081600000|100%| O|  |TAMS 0x0000000081600000, 0x0000000081600000| Untracked 
|  22|0x0000000081600000, 0x0000000081700000, 0x0000000081700000|100%| O|  |TAMS 0x0000000081700000, 0x0000000081700000| Untracked 
|  23|0x0000000081700000, 0x0000000081800000, 0x0000000081800000|100%| O|  |TAMS 0x0000000081800000, 0x0000000081800000| Untracked 
|  24|0x0000000081800000, 0x0000000081900000, 0x0000000081900000|100%| O|  |TAMS 0x0000000081900000, 0x0000000081900000| Untracked 
|  25|0x0000000081900000, 0x0000000081a00000, 0x0000000081a00000|100%| O|  |TAMS 0x0000000081a00000, 0x0000000081a00000| Untracked 
|  26|0x0000000081a00000, 0x0000000081b00000, 0x0000000081b00000|100%| O|  |TAMS 0x0000000081b00000, 0x0000000081b00000| Untracked 
|  27|0x0000000081b00000, 0x0000000081c00000, 0x0000000081c00000|100%| O|  |TAMS 0x0000000081c00000, 0x0000000081c00000| Untracked 
|  28|0x0000000081c00000, 0x0000000081d00000, 0x0000000081d00000|100%| O|  |TAMS 0x0000000081d00000, 0x0000000081d00000| Untracked 
|  29|0x0000000081d00000, 0x0000000081e00000, 0x0000000081e00000|100%| O|  |TAMS 0x0000000081e00000, 0x0000000081e00000| Untracked 
|  30|0x0000000081e00000, 0x0000000081f00000, 0x0000000081f00000|100%| O|  |TAMS 0x0000000081f00000, 0x0000000081f00000| Untracked 
|  31|0x0000000081f00000, 0x0000000082000000, 0x0000000082000000|100%| O|  |TAMS 0x0000000082000000, 0x0000000082000000| Untracked 
|  32|0x0000000082000000, 0x0000000082100000, 0x0000000082100000|100%| O|  |TAMS 0x0000000082100000, 0x0000000082100000| Untracked 
|  33|0x0000000082100000, 0x0000000082200000, 0x0000000082200000|100%| O|  |TAMS 0x0000000082200000, 0x0000000082200000| Untracked 
|  34|0x0000000082200000, 0x0000000082300000, 0x0000000082300000|100%|HS|  |TAMS 0x0000000082300000, 0x0000000082300000| Complete 
|  35|0x0000000082300000, 0x0000000082400000, 0x0000000082400000|100%|HC|  |TAMS 0x0000000082400000, 0x0000000082400000| Complete 
|  36|0x0000000082400000, 0x0000000082500000, 0x0000000082500000|100%| O|  |TAMS 0x0000000082500000, 0x0000000082500000| Untracked 
|  37|0x0000000082500000, 0x0000000082600000, 0x0000000082600000|100%| O|  |TAMS 0x000000008256e600, 0x0000000082600000| Untracked 
|  38|0x0000000082600000, 0x0000000082700000, 0x0000000082700000|100%| O|  |TAMS 0x0000000082600000, 0x0000000082700000| Untracked 
|  39|0x0000000082700000, 0x0000000082800000, 0x0000000082800000|100%| O|  |TAMS 0x0000000082700000, 0x0000000082800000| Untracked 
|  40|0x0000000082800000, 0x0000000082900000, 0x0000000082900000|100%| O|  |TAMS 0x0000000082800000, 0x0000000082900000| Untracked 
|  41|0x0000000082900000, 0x0000000082a00000, 0x0000000082a00000|100%| O|  |TAMS 0x0000000082900000, 0x0000000082987800| Untracked 
|  42|0x0000000082a00000, 0x0000000082b00000, 0x0000000082b00000|100%|HS|  |TAMS 0x0000000082a00000, 0x0000000082b00000| Complete 
|  43|0x0000000082b00000, 0x0000000082c00000, 0x0000000082c00000|100%|HC|  |TAMS 0x0000000082b00000, 0x0000000082c00000| Complete 
|  44|0x0000000082c00000, 0x0000000082d00000, 0x0000000082d00000|100%|HC|  |TAMS 0x0000000082c00000, 0x0000000082d00000| Complete 
|  45|0x0000000082d00000, 0x0000000082e00000, 0x0000000082e00000|100%|HC|  |TAMS 0x0000000082d00000, 0x0000000082e00000| Complete 
|  46|0x0000000082e00000, 0x0000000082f00000, 0x0000000082f00000|100%| O|  |TAMS 0x0000000082e00000, 0x0000000082e00000| Untracked 
|  47|0x0000000082f00000, 0x0000000083000000, 0x0000000083000000|100%| O|  |TAMS 0x0000000082f00000, 0x0000000082f00000| Untracked 
|  48|0x0000000083000000, 0x0000000083056a00, 0x0000000083100000| 33%| O|  |TAMS 0x0000000083000000, 0x0000000083000000| Untracked 
|  49|0x0000000083100000, 0x0000000083100000, 0x0000000083200000|  0%| F|  |TAMS 0x0000000083100000, 0x0000000083100000| Untracked 
|  50|0x0000000083200000, 0x0000000083200000, 0x0000000083300000|  0%| F|  |TAMS 0x0000000083200000, 0x0000000083200000| Untracked 
|  51|0x0000000083300000, 0x0000000083300000, 0x0000000083400000|  0%| F|  |TAMS 0x0000000083300000, 0x0000000083300000| Untracked 
|  52|0x0000000083400000, 0x0000000083400000, 0x0000000083500000|  0%| F|  |TAMS 0x0000000083400000, 0x0000000083400000| Untracked 
|  53|0x0000000083500000, 0x0000000083500000, 0x0000000083600000|  0%| F|  |TAMS 0x0000000083500000, 0x0000000083500000| Untracked 
|  54|0x0000000083600000, 0x0000000083600000, 0x0000000083700000|  0%| F|  |TAMS 0x0000000083600000, 0x0000000083600000| Untracked 
|  55|0x0000000083700000, 0x0000000083700000, 0x0000000083800000|  0%| F|  |TAMS 0x0000000083700000, 0x0000000083700000| Untracked 
|  56|0x0000000083800000, 0x0000000083800000, 0x0000000083900000|  0%| F|  |TAMS 0x0000000083800000, 0x0000000083800000| Untracked 
|  57|0x0000000083900000, 0x0000000083900000, 0x0000000083a00000|  0%| F|  |TAMS 0x0000000083900000, 0x0000000083900000| Untracked 
|  58|0x0000000083a00000, 0x0000000083a00000, 0x0000000083b00000|  0%| F|  |TAMS 0x0000000083a00000, 0x0000000083a00000| Untracked 
|  59|0x0000000083b00000, 0x0000000083b00000, 0x0000000083c00000|  0%| F|  |TAMS 0x0000000083b00000, 0x0000000083b00000| Untracked 
|  60|0x0000000083c00000, 0x0000000083c00000, 0x0000000083d00000|  0%| F|  |TAMS 0x0000000083c00000, 0x0000000083c00000| Untracked 
|  61|0x0000000083d00000, 0x0000000083d00000, 0x0000000083e00000|  0%| F|  |TAMS 0x0000000083d00000, 0x0000000083d00000| Untracked 
|  62|0x0000000083e00000, 0x0000000083e00000, 0x0000000083f00000|  0%| F|  |TAMS 0x0000000083e00000, 0x0000000083e00000| Untracked 
|  63|0x0000000083f00000, 0x0000000083f00000, 0x0000000084000000|  0%| F|  |TAMS 0x0000000083f00000, 0x0000000083f00000| Untracked 
|  64|0x0000000084000000, 0x00000000840bb080, 0x0000000084100000| 73%| S|CS|TAMS 0x0000000084000000, 0x0000000084000000| Complete 
|  65|0x0000000084100000, 0x0000000084100000, 0x0000000084200000|  0%| F|  |TAMS 0x0000000084100000, 0x0000000084100000| Untracked 
|  66|0x0000000084200000, 0x0000000084200000, 0x0000000084300000|  0%| F|  |TAMS 0x0000000084200000, 0x0000000084200000| Untracked 
| 135|0x0000000088700000, 0x0000000088700000, 0x0000000088800000|  0%| F|  |TAMS 0x0000000088700000, 0x0000000088700000| Untracked 
| 136|0x0000000088800000, 0x0000000088800000, 0x0000000088900000|  0%| F|  |TAMS 0x0000000088800000, 0x0000000088800000| Untracked 
| 137|0x0000000088900000, 0x0000000088900000, 0x0000000088a00000|  0%| F|  |TAMS 0x0000000088900000, 0x0000000088900000| Untracked 
| 138|0x0000000088a00000, 0x0000000088a00000, 0x0000000088b00000|  0%| F|  |TAMS 0x0000000088a00000, 0x0000000088a00000| Untracked 
| 139|0x0000000088b00000, 0x0000000088b00000, 0x0000000088c00000|  0%| F|  |TAMS 0x0000000088b00000, 0x0000000088b00000| Untracked 
| 140|0x0000000088c00000, 0x0000000088c00000, 0x0000000088d00000|  0%| F|  |TAMS 0x0000000088c00000, 0x0000000088c00000| Untracked 
| 141|0x0000000088d00000, 0x0000000088d00000, 0x0000000088e00000|  0%| F|  |TAMS 0x0000000088d00000, 0x0000000088d00000| Untracked 
| 142|0x0000000088e00000, 0x0000000088e00000, 0x0000000088f00000|  0%| F|  |TAMS 0x0000000088e00000, 0x0000000088e00000| Untracked 
| 143|0x0000000088f00000, 0x0000000088f00000, 0x0000000089000000|  0%| F|  |TAMS 0x0000000088f00000, 0x0000000088f00000| Untracked 
| 144|0x0000000089000000, 0x0000000089000000, 0x0000000089100000|  0%| F|  |TAMS 0x0000000089000000, 0x0000000089000000| Untracked 
| 145|0x0000000089100000, 0x0000000089100000, 0x0000000089200000|  0%| F|  |TAMS 0x0000000089100000, 0x0000000089100000| Untracked 
| 146|0x0000000089200000, 0x0000000089200000, 0x0000000089300000|  0%| F|  |TAMS 0x0000000089200000, 0x0000000089200000| Untracked 
| 251|0x000000008fb00000, 0x000000008fb00000, 0x000000008fc00000|  0%| F|  |TAMS 0x000000008fb00000, 0x000000008fb00000| Untracked 

Card table byte_map: [0x000001e552f30000,0x000001e553330000] _byte_map_base: 0x000001e552b30000

Marking Bits (Prev, Next): (CMBitMap*) 0x000001e53a0a1920, (CMBitMap*) 0x000001e53a0a18e0
 Prev Bits: [0x000001e555730000, 0x000001e557730000)
 Next Bits: [0x000001e553730000, 0x000001e555730000)

Polling page: 0x000001e53a110000

Metaspace:

Usage:
  Non-class:     44.87 MB used.
      Class:      7.16 MB used.
       Both:     52.02 MB used.

Virtual space:
  Non-class space:       64.00 MB reserved,      45.19 MB ( 71%) committed,  1 nodes.
      Class space:      416.00 MB reserved,       7.44 MB (  2%) committed,  1 nodes.
             Both:      480.00 MB reserved,      52.62 MB ( 11%) committed. 

Chunk freelists:
   Non-Class:  1.89 MB
       Class:  8.61 MB
        Both:  10.50 MB

MaxMetaspaceSize: 512.00 MB
CompressedClassSpaceSize: 416.00 MB
Initial GC threshold: 21.00 MB
Current GC threshold: 80.31 MB
CDS: on
MetaspaceReclaimPolicy: balanced
 - commit_granule_bytes: 65536.
 - commit_granule_words: 8192.
 - virtual_space_node_default_size: 8388608.
 - enlarge_chunks_in_place: 1.
 - new_chunks_are_fully_committed: 0.
 - uncommit_free_chunks: 1.
 - use_allocation_guard: 0.
 - handle_deallocations: 1.


Internal statistics:

num_allocs_failed_limit: 6.
num_arena_births: 648.
num_arena_deaths: 0.
num_vsnodes_births: 2.
num_vsnodes_deaths: 0.
num_space_committed: 842.
num_space_uncommitted: 0.
num_chunks_returned_to_freelist: 6.
num_chunks_taken_from_freelist: 2536.
num_chunk_merges: 6.
num_chunk_splits: 1695.
num_chunks_enlarged: 1149.
num_inconsistent_stats: 0.

CodeHeap 'non-profiled nmethods': size=120000Kb used=3043Kb max_used=3125Kb free=116956Kb
 bounds [0x000001e54ab80000, 0x000001e54ae90000, 0x000001e5520b0000]
CodeHeap 'profiled nmethods': size=120000Kb used=10146Kb max_used=10146Kb free=109853Kb
 bounds [0x000001e5430b0000, 0x000001e543aa0000, 0x000001e54a5e0000]
CodeHeap 'non-nmethods': size=5760Kb used=2383Kb max_used=2427Kb free=3377Kb
 bounds [0x000001e54a5e0000, 0x000001e54a850000, 0x000001e54ab80000]
 total_blobs=6084 nmethods=5174 adapters=822
 compilation: enabled
              stopped_count=0, restarted_count=0
 full_count=0

Compilation events (20 events):
Event: 33.523 Thread 0x000001e55a39c5e0 nmethod 5895 0x000001e543a93a10 code [0x000001e543a93d00, 0x000001e543a951d8]
Event: 33.535 Thread 0x000001e55a39c5e0 5898       3       org.gradle.internal.instantiation.generator.ParamsMatchingConstructorSelector::vetoParameters (1 bytes)
Event: 33.536 Thread 0x000001e55a39c5e0 nmethod 5898 0x000001e543a95790 code [0x000001e543a95920, 0x000001e543a95a38]
Event: 33.537 Thread 0x000001e55a39c5e0 5899       1       org.gradle.internal.logging.events.ProgressStartEvent::getProgressOperationId (5 bytes)
Event: 33.537 Thread 0x000001e55a39c5e0 nmethod 5899 0x000001e54ad50f90 code [0x000001e54ad51120, 0x000001e54ad511f8]
Event: 33.538 Thread 0x000001e55a39c5e0 5900       3       org.gradle.internal.instantiation.generator.AsmBackedClassGenerator::getServicesForNext (13 bytes)
Event: 33.538 Thread 0x000001e55a39c5e0 nmethod 5900 0x000001e543a95b10 code [0x000001e543a95cc0, 0x000001e543a95f68]
Event: 33.538 Thread 0x000001e55a39c5e0 5901       3       java.lang.AbstractStringBuilder::append (55 bytes)
Event: 33.539 Thread 0x000001e55a39c5e0 nmethod 5901 0x000001e543a96090 code [0x000001e543a96260, 0x000001e543a96598]
Event: 33.539 Thread 0x000001e55a39c5e0 5903       3       java.util.concurrent.atomic.AtomicBoolean::get (13 bytes)
Event: 33.539 Thread 0x000001e55a39c5e0 nmethod 5903 0x000001e543a96710 code [0x000001e543a968a0, 0x000001e543a96a18]
Event: 33.539 Thread 0x000001e55a39c5e0 5902       1       org.gradle.api.internal.provider.Collectors$ElementFromProvider::size (2 bytes)
Event: 33.539 Thread 0x000001e55a39c5e0 nmethod 5902 0x000001e54ad50c90 code [0x000001e54ad50e20, 0x000001e54ad50ef8]
Event: 33.544 Thread 0x000001e55a39c5e0 5904   !   3       java.net.URL::getURLStreamHandler (191 bytes)
Event: 33.545 Thread 0x000001e55a39c5e0 nmethod 5904 0x000001e543a96a90 code [0x000001e543a96d40, 0x000001e543a97bb8]
Event: 33.550 Thread 0x000001e55a39c5e0 5905       3       jdk.internal.loader.ClassLoaders::bootLoader (4 bytes)
Event: 33.551 Thread 0x000001e55a39c5e0 nmethod 5905 0x000001e543a98010 code [0x000001e543a981a0, 0x000001e543a98298]
Event: 33.554 Thread 0x000001e55a39c5e0 5906       3       java.lang.String::replaceAll (13 bytes)
Event: 33.554 Thread 0x000001e55a39c5e0 nmethod 5906 0x000001e543a98310 code [0x000001e543a984e0, 0x000001e543a98768]
Event: 33.554 Thread 0x000001e55a39c5e0 5907       3       java.util.regex.Matcher::replaceAll (59 bytes)

GC Heap History (20 events):
Event: 12.529 GC heap after
{Heap after GC invocations=5 (full 0):
 garbage-first heap   total 81920K, used 26619K [0x0000000080000000, 0x0000000100000000)
  region size 1024K, 5 young (5120K), 5 survivors (5120K)
 Metaspace       used 28793K, committed 29184K, reserved 491520K
  class space    used 4034K, committed 4224K, reserved 425984K
}
Event: 13.354 GC heap before
{Heap before GC invocations=5 (full 0):
 garbage-first heap   total 81920K, used 59387K [0x0000000080000000, 0x0000000100000000)
  region size 1024K, 35 young (35840K), 5 survivors (5120K)
 Metaspace       used 31520K, committed 31936K, reserved 491520K
  class space    used 4337K, committed 4544K, reserved 425984K
}
Event: 13.364 GC heap after
{Heap after GC invocations=6 (full 0):
 garbage-first heap   total 81920K, used 28993K [0x0000000080000000, 0x0000000100000000)
  region size 1024K, 4 young (4096K), 4 survivors (4096K)
 Metaspace       used 31520K, committed 31936K, reserved 491520K
  class space    used 4337K, committed 4544K, reserved 425984K
}
Event: 26.419 GC heap before
{Heap before GC invocations=6 (full 0):
 garbage-first heap   total 81920K, used 58689K [0x0000000080000000, 0x0000000100000000)
  region size 1024K, 33 young (33792K), 4 survivors (4096K)
 Metaspace       used 32554K, committed 33024K, reserved 491520K
  class space    used 4477K, committed 4672K, reserved 425984K
}
Event: 26.427 GC heap after
{Heap after GC invocations=7 (full 0):
 garbage-first heap   total 81920K, used 31189K [0x0000000080000000, 0x0000000100000000)
  region size 1024K, 3 young (3072K), 3 survivors (3072K)
 Metaspace       used 32554K, committed 33024K, reserved 491520K
  class space    used 4477K, committed 4672K, reserved 425984K
}
Event: 27.761 GC heap before
{Heap before GC invocations=7 (full 0):
 garbage-first heap   total 81920K, used 59861K [0x0000000080000000, 0x0000000100000000)
  region size 1024K, 31 young (31744K), 3 survivors (3072K)
 Metaspace       used 35411K, committed 35968K, reserved 491520K
  class space    used 4823K, committed 5056K, reserved 425984K
}
Event: 27.768 GC heap after
{Heap after GC invocations=8 (full 0):
 garbage-first heap   total 81920K, used 32994K [0x0000000080000000, 0x0000000100000000)
  region size 1024K, 2 young (2048K), 2 survivors (2048K)
 Metaspace       used 35411K, committed 35968K, reserved 491520K
  class space    used 4823K, committed 5056K, reserved 425984K
}
Event: 27.795 GC heap before
{Heap before GC invocations=8 (full 0):
 garbage-first heap   total 81920K, used 32994K [0x0000000080000000, 0x0000000100000000)
  region size 1024K, 3 young (3072K), 2 survivors (2048K)
 Metaspace       used 35476K, committed 35968K, reserved 491520K
  class space    used 4839K, committed 5056K, reserved 425984K
}
Event: 27.801 GC heap after
{Heap after GC invocations=9 (full 0):
 garbage-first heap   total 81920K, used 33112K [0x0000000080000000, 0x0000000100000000)
  region size 1024K, 2 young (2048K), 2 survivors (2048K)
 Metaspace       used 35476K, committed 35968K, reserved 491520K
  class space    used 4839K, committed 5056K, reserved 425984K
}
Event: 28.654 GC heap before
{Heap before GC invocations=10 (full 0):
 garbage-first heap   total 81920K, used 60760K [0x0000000080000000, 0x0000000100000000)
  region size 1024K, 30 young (30720K), 2 survivors (2048K)
 Metaspace       used 38863K, committed 39360K, reserved 491520K
  class space    used 5408K, committed 5632K, reserved 425984K
}
Event: 28.659 GC heap after
{Heap after GC invocations=11 (full 0):
 garbage-first heap   total 81920K, used 34744K [0x0000000080000000, 0x0000000100000000)
  region size 1024K, 4 young (4096K), 4 survivors (4096K)
 Metaspace       used 38863K, committed 39360K, reserved 491520K
  class space    used 5408K, committed 5632K, reserved 425984K
}
Event: 29.829 GC heap before
{Heap before GC invocations=11 (full 0):
 garbage-first heap   total 81920K, used 61368K [0x0000000080000000, 0x0000000100000000)
  region size 1024K, 31 young (31744K), 4 survivors (4096K)
 Metaspace       used 42083K, committed 42624K, reserved 491520K
  class space    used 5868K, committed 6080K, reserved 425984K
}
Event: 29.834 GC heap after
{Heap after GC invocations=12 (full 0):
 garbage-first heap   total 81920K, used 36228K [0x0000000080000000, 0x0000000100000000)
  region size 1024K, 4 young (4096K), 4 survivors (4096K)
 Metaspace       used 42083K, committed 42624K, reserved 491520K
  class space    used 5868K, committed 6080K, reserved 425984K
}
Event: 32.491 GC heap before
{Heap before GC invocations=12 (full 0):
 garbage-first heap   total 81920K, used 64900K [0x0000000080000000, 0x0000000100000000)
  region size 1024K, 31 young (31744K), 4 survivors (4096K)
 Metaspace       used 48727K, committed 49344K, reserved 491520K
  class space    used 6682K, committed 6976K, reserved 425984K
}
Event: 32.510 GC heap after
{Heap after GC invocations=13 (full 0):
 garbage-first heap   total 81920K, used 41648K [0x0000000080000000, 0x0000000100000000)
  region size 1024K, 4 young (4096K), 4 survivors (4096K)
 Metaspace       used 48727K, committed 49344K, reserved 491520K
  class space    used 6682K, committed 6976K, reserved 425984K
}
Event: 32.537 GC heap before
{Heap before GC invocations=13 (full 0):
 garbage-first heap   total 81920K, used 41648K [0x0000000080000000, 0x0000000100000000)
  region size 1024K, 5 young (5120K), 4 survivors (4096K)
 Metaspace       used 48753K, committed 49344K, reserved 491520K
  class space    used 6685K, committed 6976K, reserved 425984K
}
Event: 32.543 GC heap after
{Heap after GC invocations=14 (full 0):
 garbage-first heap   total 81920K, used 42635K [0x0000000080000000, 0x0000000100000000)
  region size 1024K, 1 young (1024K), 1 survivors (1024K)
 Metaspace       used 48753K, committed 49344K, reserved 491520K
  class space    used 6685K, committed 6976K, reserved 425984K
}
Event: 33.144 GC heap before
{Heap before GC invocations=15 (full 0):
 garbage-first heap   total 81920K, used 64139K [0x0000000080000000, 0x0000000100000000)
  region size 1024K, 19 young (19456K), 1 survivors (1024K)
 Metaspace       used 51556K, committed 52160K, reserved 491520K
  class space    used 7041K, committed 7296K, reserved 425984K
}
Event: 33.148 GC heap after
{Heap after GC invocations=16 (full 0):
 garbage-first heap   total 81920K, used 48674K [0x0000000080000000, 0x0000000100000000)
  region size 1024K, 3 young (3072K), 3 survivors (3072K)
 Metaspace       used 51556K, committed 52160K, reserved 491520K
  class space    used 7041K, committed 7296K, reserved 425984K
}
Event: 33.555 GC heap before
{Heap before GC invocations=16 (full 0):
 garbage-first heap   total 81920K, used 64034K [0x0000000080000000, 0x0000000100000000)
  region size 1024K, 18 young (18432K), 3 survivors (3072K)
 Metaspace       used 53270K, committed 53888K, reserved 491520K
  class space    used 7327K, committed 7616K, reserved 425984K
}

Deoptimization events (20 events):
Event: 33.253 Thread 0x000001e57aabab10 DEOPT PACKING pc=0x000001e5434ff3dc sp=0x000000221a9f5e60
Event: 33.253 Thread 0x000001e57aabab10 DEOPT UNPACKING pc=0x000001e54a632b43 sp=0x000000221a9f53e0 mode 0
Event: 33.362 Thread 0x000001e57aabab10 Uncommon trap: trap_request=0xffffff45 fr.pc=0x000001e54ad59900 relative=0x00000000000003a0
Event: 33.362 Thread 0x000001e57aabab10 Uncommon trap: reason=unstable_if action=reinterpret pc=0x000001e54ad59900 method=com.google.common.reflect.TypeResolver$TypeVariableKey.equalsTypeVariable(Ljava/lang/reflect/TypeVariable;)Z @ 39 c2
Event: 33.362 Thread 0x000001e57aabab10 DEOPT PACKING pc=0x000001e54ad59900 sp=0x000000221a9f3ad0
Event: 33.362 Thread 0x000001e57aabab10 DEOPT UNPACKING pc=0x000001e54a6323a3 sp=0x000000221a9f3a80 mode 2
Event: 33.425 Thread 0x000001e57aabab10 Uncommon trap: trap_request=0xffffff45 fr.pc=0x000001e54ae5f68c relative=0x00000000000001ec
Event: 33.425 Thread 0x000001e57aabab10 Uncommon trap: reason=unstable_if action=reinterpret pc=0x000001e54ae5f68c method=java.security.SecureClassLoader$CodeSourceKey.hashCode()I @ 9 c2
Event: 33.426 Thread 0x000001e57aabab10 DEOPT PACKING pc=0x000001e54ae5f68c sp=0x000000221a9f2580
Event: 33.426 Thread 0x000001e57aabab10 DEOPT UNPACKING pc=0x000001e54a6323a3 sp=0x000000221a9f2510 mode 2
Event: 33.426 Thread 0x000001e57aabab10 Uncommon trap: trap_request=0xffffff45 fr.pc=0x000001e54ae6c9fc relative=0x00000000000014fc
Event: 33.426 Thread 0x000001e57aabab10 Uncommon trap: reason=unstable_if action=reinterpret pc=0x000001e54ae6c9fc method=java.lang.ClassLoader.defineClassSourceLocation(Ljava/security/ProtectionDomain;)Ljava/lang/String; @ 15 c2
Event: 33.426 Thread 0x000001e57aabab10 DEOPT PACKING pc=0x000001e54ae6c9fc sp=0x000000221a9f25b0
Event: 33.426 Thread 0x000001e57aabab10 DEOPT UNPACKING pc=0x000001e54a6323a3 sp=0x000000221a9f2508 mode 2
Event: 33.491 Thread 0x000001e57aabab10 Uncommon trap: trap_request=0xffffffdc fr.pc=0x000001e54ad52df0 relative=0x00000000000002d0
Event: 33.491 Thread 0x000001e57aabab10 Uncommon trap: reason=class_check action=make_not_entrant pc=0x000001e54ad52df0 method=java.util.ArrayList.toArray([Ljava/lang/Object;)[Ljava/lang/Object; @ 21 c2
Event: 33.491 Thread 0x000001e57aabab10 DEOPT PACKING pc=0x000001e54ad52df0 sp=0x000000221a9f4510
Event: 33.491 Thread 0x000001e57aabab10 DEOPT UNPACKING pc=0x000001e54a6323a3 sp=0x000000221a9f44e0 mode 2
Event: 33.529 Thread 0x000001e57aabab10 DEOPT PACKING pc=0x000001e54342bc59 sp=0x000000221a9f3da0
Event: 33.529 Thread 0x000001e57aabab10 DEOPT UNPACKING pc=0x000001e54a632b43 sp=0x000000221a9f3298 mode 0

Classes unloaded (0 events):
No events

Classes redefined (0 events):
No events

Internal exceptions (20 events):
Event: 32.599 Thread 0x000001e57aabab10 Exception <a 'java/lang/ClassNotFoundException'{0x000000008fbeccc0}: org/gradle/api/internal/project/DefaultProjectBeanInfo> (0x000000008fbeccc0) 
thrown [s\open\src\hotspot\share\classfile\systemDictionary.cpp, line 256]
Event: 32.600 Thread 0x000001e57aabab10 Exception <a 'java/lang/ClassNotFoundException'{0x0000000089102668}: org/gradle/api/internal/project/DefaultProjectCustomizer> (0x0000000089102668) 
thrown [s\open\src\hotspot\share\classfile\systemDictionary.cpp, line 256]
Event: 32.609 Thread 0x000001e57aabab10 Exception <a 'java/lang/ClassNotFoundException'{0x00000000891b6950}: org/gradle/api/internal/project/DefaultProject_DecoratedCustomizer> (0x00000000891b6950) 
thrown [s\open\src\hotspot\share\classfile\systemDictionary.cpp, line 256]
Event: 32.661 Thread 0x000001e57aabab10 Exception <a 'java/lang/IncompatibleClassChangeError'{0x0000000088f5d700}: Found class java.lang.Object, but interface was expected> (0x0000000088f5d700) 
thrown [s\open\src\hotspot\share\interpreter\linkResolver.cpp, line 826]
Event: 32.712 Thread 0x000001e57aabab10 Exception <a 'java/lang/ClassNotFoundException'{0x0000000088ef9b68}: org/gradle/api/internal/project/DefaultAntBuilderBeanInfo> (0x0000000088ef9b68) 
thrown [s\open\src\hotspot\share\classfile\systemDictionary.cpp, line 256]
Event: 32.713 Thread 0x000001e57aabab10 Exception <a 'java/lang/ClassNotFoundException'{0x0000000088d11540}: org/gradle/api/internal/project/ant/BasicAntBuilderBeanInfo> (0x0000000088d11540) 
thrown [s\open\src\hotspot\share\classfile\systemDictionary.cpp, line 256]
Event: 32.714 Thread 0x000001e57aabab10 Exception <a 'java/lang/ClassNotFoundException'{0x0000000088d28040}: org/gradle/api/AntBuilderBeanInfo> (0x0000000088d28040) 
thrown [s\open\src\hotspot\share\classfile\systemDictionary.cpp, line 256]
Event: 32.716 Thread 0x000001e57aabab10 Exception <a 'java/lang/ClassNotFoundException'{0x0000000088d40e60}: groovy/ant/AntBuilderBeanInfo> (0x0000000088d40e60) 
thrown [s\open\src\hotspot\share\classfile\systemDictionary.cpp, line 256]
Event: 32.717 Thread 0x000001e57aabab10 Exception <a 'java/lang/ClassNotFoundException'{0x0000000088da8d30}: groovy/util/BuilderSupportBeanInfo> (0x0000000088da8d30) 
thrown [s\open\src\hotspot\share\classfile\systemDictionary.cpp, line 256]
Event: 32.719 Thread 0x000001e57aabab10 Exception <a 'java/lang/ClassNotFoundException'{0x0000000088c11338}: groovy/util/BuilderSupportCustomizer> (0x0000000088c11338) 
thrown [s\open\src\hotspot\share\classfile\systemDictionary.cpp, line 256]
Event: 32.721 Thread 0x000001e57aabab10 Exception <a 'java/lang/ClassNotFoundException'{0x0000000088c2c468}: groovy/ant/AntBuilderCustomizer> (0x0000000088c2c468) 
thrown [s\open\src\hotspot\share\classfile\systemDictionary.cpp, line 256]
Event: 32.722 Thread 0x000001e57aabab10 Exception <a 'java/lang/ClassNotFoundException'{0x0000000088c47ea0}: org/gradle/api/AntBuilderCustomizer> (0x0000000088c47ea0) 
thrown [s\open\src\hotspot\share\classfile\systemDictionary.cpp, line 256]
Event: 32.724 Thread 0x000001e57aabab10 Exception <a 'java/lang/ClassNotFoundException'{0x0000000088c69d08}: org/gradle/api/internal/project/ant/BasicAntBuilderCustomizer> (0x0000000088c69d08) 
thrown [s\open\src\hotspot\share\classfile\systemDictionary.cpp, line 256]
Event: 32.726 Thread 0x000001e57aabab10 Exception <a 'java/lang/ClassNotFoundException'{0x0000000088c92e90}: org/gradle/api/internal/project/DefaultAntBuilderCustomizer> (0x0000000088c92e90) 
thrown [s\open\src\hotspot\share\classfile\systemDictionary.cpp, line 256]
Event: 32.792 Thread 0x000001e57aabab10 Exception <a 'java/lang/IncompatibleClassChangeError'{0x0000000088a188f0}: Found class java.lang.Object, but interface was expected> (0x0000000088a188f0) 
thrown [s\open\src\hotspot\share\interpreter\linkResolver.cpp, line 826]
Event: 33.005 Thread 0x000001e57aabab10 Exception <a 'java/lang/NoSuchMethodError'{0x00000000841f2f40}: 'java.lang.Object java.lang.invoke.DirectMethodHandle$Holder.newInvokeSpecial(java.lang.Object, java.lang.Object, java.lang.Object, java.lang.Object, int)'> (0x00000000841f2f40) 
thrown [s\open\src\hotspot\share\interpreter\linkResolver.cpp, line 759]
Event: 33.006 Thread 0x000001e57aabab10 Exception <a 'java/lang/NoSuchMethodError'{0x00000000841f8388}: 'java.lang.Object java.lang.invoke.DirectMethodHandle$Holder.invokeSpecial(java.lang.Object, java.lang.Object, java.lang.Object, java.lang.Object, java.lang.Object, int)'> (0x00000000841f8388) 
thrown [s\open\src\hotspot\share\interpreter\linkResolver.cpp, line 759]
Event: 33.006 Thread 0x000001e57aabab10 Exception <a 'java/lang/NoSuchMethodError'{0x00000000841fd108}: 'java.lang.Object java.lang.invoke.Invokers$Holder.linkToTargetMethod(java.lang.Object, java.lang.Object, java.lang.Object, int, java.lang.Object)'> (0x00000000841fd108) 
thrown [s\open\src\hotspot\share\interpreter\linkResolver.cpp, line 759]
Event: 33.425 Thread 0x000001e57aabab10 Implicit null exception at 0x000001e54ae5f4d4 to 0x000001e54ae5f680
Event: 33.426 Thread 0x000001e57aabab10 Implicit null exception at 0x000001e54ae6b571 to 0x000001e54ae6c9d4

VM Operations (20 events):
Event: 29.912 Executing VM operation: HandshakeAllThreads done
Event: 30.005 Executing VM operation: HandshakeAllThreads
Event: 30.005 Executing VM operation: HandshakeAllThreads done
Event: 30.358 Executing VM operation: HandshakeAllThreads
Event: 30.358 Executing VM operation: HandshakeAllThreads done
Event: 31.364 Executing VM operation: Cleanup
Event: 31.364 Executing VM operation: Cleanup done
Event: 32.373 Executing VM operation: Cleanup
Event: 32.374 Executing VM operation: Cleanup done
Event: 32.491 Executing VM operation: G1CollectForAllocation
Event: 32.510 Executing VM operation: G1CollectForAllocation done
Event: 32.537 Executing VM operation: G1TryInitiateConcMark
Event: 32.544 Executing VM operation: G1TryInitiateConcMark done
Event: 32.594 Executing VM operation: G1Concurrent
Event: 32.598 Executing VM operation: G1Concurrent done
Event: 32.622 Executing VM operation: G1Concurrent
Event: 32.622 Executing VM operation: G1Concurrent done
Event: 33.144 Executing VM operation: G1CollectForAllocation
Event: 33.148 Executing VM operation: G1CollectForAllocation done
Event: 33.554 Executing VM operation: G1CollectForAllocation

Events (20 events):
Event: 33.404 loading class com/sun/org/apache/xerces/internal/utils/XMLSecurityPropertyManager$State
Event: 33.405 loading class com/sun/org/apache/xerces/internal/utils/XMLSecurityPropertyManager$State done
Event: 33.405 loading class com/sun/org/apache/xerces/internal/utils/XMLSecurityPropertyManager$Property
Event: 33.405 loading class com/sun/org/apache/xerces/internal/utils/XMLSecurityPropertyManager$Property done
Event: 33.406 Thread 0x000001e57bafbfd0 Thread added: 0x000001e57bafbfd0
Event: 33.422 loading class javax/management/InstanceNotFoundException
Event: 33.423 loading class javax/management/InstanceNotFoundException done
Event: 33.423 loading class javax/management/ReflectionException
Event: 33.423 loading class javax/management/ReflectionException done
Event: 33.423 loading class javax/management/MalformedObjectNameException
Event: 33.423 loading class javax/management/MalformedObjectNameException done
Event: 33.423 loading class javax/management/MBeanException
Event: 33.423 loading class javax/management/MBeanException done
Event: 33.423 loading class javax/management/AttributeNotFoundException
Event: 33.424 loading class javax/management/AttributeNotFoundException done
Event: 33.424 loading class sun/reflect/misc/MethodUtil
Event: 33.424 loading class sun/reflect/misc/MethodUtil done
Event: 33.425 loading class sun/reflect/misc/MethodUtil$1
Event: 33.425 loading class sun/reflect/misc/MethodUtil$1 done
Event: 33.431 Thread 0x000001e57ca0a910 Thread added: 0x000001e57ca0a910


Dynamic libraries:
0x00007ff648e30000 - 0x00007ff648e40000 	C:\Program Files\Java\jdk-17\bin\java.exe
0x00007ffbd3a50000 - 0x00007ffbd3c67000 	C:\WINDOWS\SYSTEM32\ntdll.dll
0x00007ffbd1d20000 - 0x00007ffbd1de4000 	C:\WINDOWS\System32\KERNEL32.DLL
0x00007ffbd1110000 - 0x00007ffbd14b6000 	C:\WINDOWS\System32\KERNELBASE.dll
0x00007ffbd0ff0000 - 0x00007ffbd1101000 	C:\WINDOWS\System32\ucrtbase.dll
0x00007ffbc84f0000 - 0x00007ffbc850b000 	C:\Program Files\Java\jdk-17\bin\VCRUNTIME140.dll
0x00007ffbc84d0000 - 0x00007ffbc84e9000 	C:\Program Files\Java\jdk-17\bin\jli.dll
0x00007ffbd27e0000 - 0x00007ffbd2891000 	C:\WINDOWS\System32\ADVAPI32.dll
0x00007ffbd24f0000 - 0x00007ffbd2597000 	C:\WINDOWS\System32\msvcrt.dll
0x00007ffbd21a0000 - 0x00007ffbd2245000 	C:\WINDOWS\System32\sechost.dll
0x00007ffbd2260000 - 0x00007ffbd2377000 	C:\WINDOWS\System32\RPCRT4.dll
0x00007ffbd36a0000 - 0x00007ffbd384e000 	C:\WINDOWS\System32\USER32.dll
0x00007ffbd16f0000 - 0x00007ffbd1716000 	C:\WINDOWS\System32\win32u.dll
0x00007ffbd17a0000 - 0x00007ffbd17c9000 	C:\WINDOWS\System32\GDI32.dll
0x00007ffbd15d0000 - 0x00007ffbd16e8000 	C:\WINDOWS\System32\gdi32full.dll
0x00007ffbd14c0000 - 0x00007ffbd155a000 	C:\WINDOWS\System32\msvcp_win.dll
0x00007ffbb5160000 - 0x00007ffbb53f3000 	C:\WINDOWS\WinSxS\amd64_microsoft.windows.common-controls_6595b64144ccf1df_6.0.22621.2506_none_270c5ae97388e100\COMCTL32.dll
0x00007ffbbef60000 - 0x00007ffbbef6a000 	C:\WINDOWS\SYSTEM32\VERSION.dll
0x00007ffbd2a10000 - 0x00007ffbd2a41000 	C:\WINDOWS\System32\IMM32.DLL
0x00007ffbc8560000 - 0x00007ffbc856c000 	C:\Program Files\Java\jdk-17\bin\vcruntime140_1.dll
0x00007ffbb2720000 - 0x00007ffbb27ae000 	C:\Program Files\Java\jdk-17\bin\msvcp140.dll
0x00007ffb79b30000 - 0x00007ffb7a711000 	C:\Program Files\Java\jdk-17\bin\server\jvm.dll
0x00007ffbd2250000 - 0x00007ffbd2258000 	C:\WINDOWS\System32\PSAPI.DLL
0x00007ffb97330000 - 0x00007ffb97339000 	C:\WINDOWS\SYSTEM32\WSOCK32.dll
0x00007ffbbf440000 - 0x00007ffbbf474000 	C:\WINDOWS\SYSTEM32\WINMM.dll
0x00007ffbd28b0000 - 0x00007ffbd2921000 	C:\WINDOWS\System32\WS2_32.dll
0x00007ffbcfd80000 - 0x00007ffbcfd98000 	C:\WINDOWS\SYSTEM32\kernel.appcore.dll
0x00007ffbc84c0000 - 0x00007ffbc84ca000 	C:\Program Files\Java\jdk-17\bin\jimage.dll
0x00007ffbcb600000 - 0x00007ffbcb833000 	C:\WINDOWS\SYSTEM32\DBGHELP.DLL
0x00007ffbd1df0000 - 0x00007ffbd2179000 	C:\WINDOWS\System32\combase.dll
0x00007ffbd2930000 - 0x00007ffbd2a07000 	C:\WINDOWS\System32\OLEAUT32.dll
0x00007ffb91040000 - 0x00007ffb91072000 	C:\WINDOWS\SYSTEM32\dbgcore.DLL
0x00007ffbd1720000 - 0x00007ffbd179a000 	C:\WINDOWS\System32\bcryptPrimitives.dll
0x00007ffbc8320000 - 0x00007ffbc8345000 	C:\Program Files\Java\jdk-17\bin\java.dll
0x00007ffb8d240000 - 0x00007ffb8d317000 	C:\Program Files\Java\jdk-17\bin\jsvml.dll
0x00007ffbd2bf0000 - 0x00007ffbd344a000 	C:\WINDOWS\System32\SHELL32.dll
0x00007ffbcec90000 - 0x00007ffbcf586000 	C:\WINDOWS\SYSTEM32\windows.storage.dll
0x00007ffbceb50000 - 0x00007ffbcec8e000 	C:\WINDOWS\SYSTEM32\wintypes.dll
0x00007ffbd38b0000 - 0x00007ffbd39a3000 	C:\WINDOWS\System32\SHCORE.dll
0x00007ffbd39b0000 - 0x00007ffbd3a0e000 	C:\WINDOWS\System32\shlwapi.dll
0x00007ffbd0cf0000 - 0x00007ffbd0d16000 	C:\WINDOWS\SYSTEM32\profapi.dll
0x00007ffbc83c0000 - 0x00007ffbc83d9000 	C:\Program Files\Java\jdk-17\bin\net.dll
0x00007ffbc54e0000 - 0x00007ffbc5617000 	C:\WINDOWS\SYSTEM32\WINHTTP.dll
0x00007ffbd01f0000 - 0x00007ffbd0259000 	C:\WINDOWS\system32\mswsock.dll
0x00007ffbc8300000 - 0x00007ffbc8316000 	C:\Program Files\Java\jdk-17\bin\nio.dll
0x00007ffbc6ae0000 - 0x00007ffbc6af8000 	C:\Program Files\Java\jdk-17\bin\zip.dll
0x00007ffbc8490000 - 0x00007ffbc84a0000 	C:\Program Files\Java\jdk-17\bin\verify.dll
0x00007ffbc5180000 - 0x00007ffbc51a7000 	C:\Users\leejh\.gradle\native\68d5fa5c4cc2d200863cafc0d521ce42e7d3e7ee720ec0a83991735586a16f82\windows-amd64\native-platform.dll
0x00007ffb8b9c0000 - 0x00007ffb8bb04000 	C:\Users\leejh\.gradle\native\e376f236ea51e6404a007f0833ffe2c6e607c4080706a723a18a27aeea778392\windows-amd64\native-platform-file-events.dll
0x00007ffbc8370000 - 0x00007ffbc837a000 	C:\Program Files\Java\jdk-17\bin\management.dll
0x00007ffbc82b0000 - 0x00007ffbc82bb000 	C:\Program Files\Java\jdk-17\bin\management_ext.dll
0x00007ffbd0540000 - 0x00007ffbd055b000 	C:\WINDOWS\SYSTEM32\CRYPTSP.dll
0x00007ffbcfce0000 - 0x00007ffbcfd15000 	C:\WINDOWS\system32\rsaenh.dll
0x00007ffbd0290000 - 0x00007ffbd02bc000 	C:\WINDOWS\SYSTEM32\USERENV.dll
0x00007ffbd06d0000 - 0x00007ffbd06f8000 	C:\WINDOWS\SYSTEM32\bcrypt.dll
0x00007ffbd0520000 - 0x00007ffbd052c000 	C:\WINDOWS\SYSTEM32\CRYPTBASE.dll
0x00007ffbcf830000 - 0x00007ffbcf85d000 	C:\WINDOWS\SYSTEM32\IPHLPAPI.DLL
0x00007ffbd28a0000 - 0x00007ffbd28a9000 	C:\WINDOWS\System32\NSI.dll
0x00007ffbc5110000 - 0x00007ffbc5129000 	C:\WINDOWS\SYSTEM32\dhcpcsvc6.DLL
0x00007ffbc50f0000 - 0x00007ffbc510f000 	C:\WINDOWS\SYSTEM32\dhcpcsvc.DLL
0x00007ffbcf860000 - 0x00007ffbcf959000 	C:\WINDOWS\SYSTEM32\DNSAPI.dll
0x00007ffbc5130000 - 0x00007ffbc513e000 	C:\Program Files\Java\jdk-17\bin\sunmscapi.dll
0x00007ffbd0dc0000 - 0x00007ffbd0f26000 	C:\WINDOWS\System32\CRYPT32.dll
0x00007ffbd06a0000 - 0x00007ffbd06cd000 	C:\WINDOWS\SYSTEM32\ncrypt.dll
0x00007ffbd0660000 - 0x00007ffbd0697000 	C:\WINDOWS\SYSTEM32\NTASN1.dll
0x00007ffb7cb10000 - 0x00007ffb7cb18000 	C:\WINDOWS\system32\wshunix.dll
0x0000000076b60000 - 0x0000000076b86000 	C:\Program Files\Bonjour\mdnsNSP.dll
0x00007ffbbf0b0000 - 0x00007ffbbf0ba000 	C:\Windows\System32\rasadhlp.dll
0x00007ffbbf330000 - 0x00007ffbbf3b3000 	C:\WINDOWS\System32\fwpuclnt.dll

dbghelp: loaded successfully - version: 4.0.5 - missing functions: none
symbol engine: initialized successfully - sym options: 0x614 - pdb path: .;C:\Program Files\Java\jdk-17\bin;C:\WINDOWS\SYSTEM32;C:\WINDOWS\WinSxS\amd64_microsoft.windows.common-controls_6595b64144ccf1df_6.0.22621.2506_none_270c5ae97388e100;C:\Program Files\Java\jdk-17\bin\server;C:\Users\leejh\.gradle\native\68d5fa5c4cc2d200863cafc0d521ce42e7d3e7ee720ec0a83991735586a16f82\windows-amd64;C:\Users\leejh\.gradle\native\e376f236ea51e6404a007f0833ffe2c6e607c4080706a723a18a27aeea778392\windows-amd64;C:\Program Files\Bonjour

VM Arguments:
jvm_args: -XX:MaxMetaspaceSize=512m --add-opens=java.base/java.util=ALL-UNNAMED --add-opens=java.base/java.lang=ALL-UNNAMED --add-opens=java.base/java.lang.invoke=ALL-UNNAMED --add-opens=java.prefs/java.util.prefs=ALL-UNNAMED --add-opens=java.base/java.nio.charset=ALL-UNNAMED --add-opens=java.base/java.net=ALL-UNNAMED --add-opens=java.base/java.util.concurrent.atomic=ALL-UNNAMED -Xmx2048m -Dfile.encoding=windows-1252 -Duser.country=ES -Duser.language=es -Duser.variant 
java_command: org.gradle.launcher.daemon.bootstrap.GradleDaemon 8.0.1
java_class_path (initial): C:\Users\leejh\.gradle\wrapper\dists\gradle-8.0.1-all\aro4hu1c3oeioove7l0i4i14o\gradle-8.0.1\lib\gradle-launcher-8.0.1.jar
Launcher Type: SUN_STANDARD

[Global flags]
     intx CICompilerCount                          = 4                                         {product} {ergonomic}
   size_t CompressedClassSpaceSize                 = 436207616                                 {product} {ergonomic}
     uint ConcGCThreads                            = 2                                         {product} {ergonomic}
     uint G1ConcRefinementThreads                  = 8                                         {product} {ergonomic}
   size_t G1HeapRegionSize                         = 1048576                                   {product} {ergonomic}
    uintx GCDrainStackTargetSize                   = 64                                        {product} {ergonomic}
   size_t InitialHeapSize                          = 264241152                                 {product} {ergonomic}
   size_t MarkStackSize                            = 4194304                                   {product} {ergonomic}
   size_t MaxHeapSize                              = 2147483648                                {product} {command line}
   size_t MaxMetaspaceSize                         = 536870912                                 {product} {command line}
   size_t MaxNewSize                               = 1287651328                                {product} {ergonomic}
   size_t MinHeapDeltaBytes                        = 1048576                                   {product} {ergonomic}
   size_t MinHeapSize                              = 8388608                                   {product} {ergonomic}
    uintx NonNMethodCodeHeapSize                   = 5839372                                {pd product} {ergonomic}
    uintx NonProfiledCodeHeapSize                  = 122909434                              {pd product} {ergonomic}
    uintx ProfiledCodeHeapSize                     = 122909434                              {pd product} {ergonomic}
    uintx ReservedCodeCacheSize                    = 251658240                              {pd product} {ergonomic}
     bool SegmentedCodeCache                       = true                                      {product} {ergonomic}
   size_t SoftMaxHeapSize                          = 2147483648                             {manageable} {ergonomic}
     bool UseCompressedClassPointers               = true                           {product lp64_product} {ergonomic}
     bool UseCompressedOops                        = true                           {product lp64_product} {ergonomic}
     bool UseG1GC                                  = true                                      {product} {ergonomic}
     bool UseLargePagesIndividualAllocation        = false                                  {pd product} {ergonomic}

Logging:
Log output configuration:
 #0: stdout all=warning uptime,level,tags
 #1: stderr all=off uptime,level,tags

Environment Variables:
JAVA_HOME=C:\Program Files\Java\jdk-17
CLASSPATH=C:\Users\leejh\Projects\bred\POS\android\\gradle\wrapper\gradle-wrapper.jar
PATH=C:\Users\leejh\Projects\bred\POS\node_modules\.bin;C:\Users\leejh\Projects\bred\POS\node_modules\.bin;C:\Users\leejh\Projects\bred\node_modules\.bin;C:\Users\leejh\Projects\node_modules\.bin;C:\Users\leejh\node_modules\.bin;C:\Users\node_modules\.bin;C:\node_modules\.bin;C:\Program Files\nodejs\node_modules\npm\node_modules\@npmcli\run-script\lib\node-gyp-bin;C:\Program Files\Java\jdk-17\bin;C:\Program Files\Common Files\Oracle\Java\javapath;C:\Python312\Scripts\;C:\Python312\;C:\Program Files\Microsoft MPI\Bin\;C:\Program Files (x86)\Common Files\Intel\Shared Libraries\redist\intel64\compiler;C:\WINDOWS\system32;C:\WINDOWS;C:\WINDOWS\System32\Wbem;C:\WINDOWS\System32\WindowsPowerShell\v1.0\;C:\WINDOWS\System32\OpenSSH\;C:\Program Files\dotnet\;C:\Program Files\Microsoft SQL Server\150\Tools\Binn\;C:\Program Files\Microsoft SQL Server\130\Tools\Binn\;C:\Program Files\Git\cmd;C:\Program Files (x86)\Microsoft SQL Server\160\Tools\Binn\;C:\Program Files\Microsoft SQL Server\160\Tools\Binn\;C:\Program Files\Microsoft SQL Server\Client SDK\ODBC\170\Tools\Binn\;C:\Program Files\Microsoft SQL Server\160\DTS\Binn\;C:\Program Files (x86)\Microsoft SQL Server\160\DTS\Binn\;C:\Program Files\Azure Data Studio\bin;C:\Program Files\Docker\Docker\resources\bin;C:\Program Files\nodejs\;C:\ProgramData\chocolatey\bin;C:\Users\leejh\AppData\Local\Android\Sdk\platform-tools;C:\Program Files\PowerShell\7;C:\Users\leejh\.gradle\wrapper\dists\gradle-8.0.1-all\aro4hu1c3oeioove7l0i4i14o\gradle-8.0.1\bin;C:\Users\leejh\AppData\Local\Android\Sdk\emulator;C:\Users\leejh\Projects\pyenv-win\bin;C:\Users\leejh\Projects\pyenv-win\shims;C:\Program Files (x86)\Windows Kits\10\Windows Performance Toolkit\;C:\Program Files (x86)\ZeroTier\One\;C:\Users\leejh\.pyenv\pyenv-win\bin;C:\Users\leejh\.pyenv\pyenv-win\shims;C:\Users\leejh\AppData\Local\Programs\Python\Python311\Scripts\;C:\Users\leejh\AppData\Local\Programs\Python\Python311\;C:\Users\leejh\AppData\Local\Microsoft\WindowsApps;C:\Users\leejh\.
USERNAME=leejh
OS=Windows_NT
PROCESSOR_IDENTIFIER=Intel64 Family 6 Model 142 Stepping 12, GenuineIntel



---------------  S Y S T E M  ---------------

OS:
 Windows 11 , 64 bit Build 22621 (10.0.22621.2506)
OS uptime: 2 days 18:04 hours
Hyper-V role detected

CPU: total 8 (initial active 8) (4 cores per cpu, 2 threads per core) family 6 model 142 stepping 12 microcode 0xf4, cx8, cmov, fxsr, ht, mmx, 3dnowpref, sse, sse2, sse3, ssse3, sse4.1, sse4.2, popcnt, lzcnt, tsc, tscinvbit, avx, avx2, aes, erms, clmul, bmi1, bmi2, adx, fma, vzeroupper, clflush, clflushopt, hv

Memory: 4k page, system-wide physical 16067M (721M free)
TotalPageFile size 65219M (AvailPageFile size 8M)
current process WorkingSet (physical memory assigned to process): 259M, peak: 261M
current process commit charge ("private bytes"): 300M, peak: 425M

vm_info: Java HotSpot(TM) 64-Bit Server VM (17.0.9+11-LTS-201) for windows-amd64 JRE (17.0.9+11-LTS-201), built on Oct 10 2023 23:16:06 by "mach5one" with MS VC++ 17.1 (VS2022)

END.
