#
# There is insufficient memory for the Java Runtime Environment to continue.
# Native memory allocation (mmap) failed to map 29360128 bytes for G1 virtual space
# Possible reasons:
#   The system is out of physical RAM or swap space
#   The process is running with CompressedOops enabled, and the Java Heap may be blocking the growth of the native heap
# Possible solutions:
#   Reduce memory load on the system
#   Increase physical memory or swap space
#   Check if swap backing store is full
#   Decrease Java heap size (-Xmx/-Xms)
#   Decrease number of Java threads
#   Decrease Java thread stack sizes (-Xss)
#   Set larger code cache with -XX:ReservedCodeCacheSize=
#   JVM is running with Unscaled Compressed Oops mode in which the Java heap is
#     placed in the first 4GB address space. The Java Heap base address is the
#     maximum limit for the native heap growth. Please use -XX:HeapBaseMinAddress
#     to set the Java Heap base and to place the Java Heap above 4GB virtual address.
# This output file may be truncated or incomplete.
#
#  Out of Memory Error (os_windows.cpp:3552), pid=15728, tid=1664
#
# JRE version: Java(TM) SE Runtime Environment (17.0.9+11) (build 17.0.9+11-LTS-201)
# Java VM: Java HotSpot(TM) 64-Bit Server VM (17.0.9+11-LTS-201, mixed mode, sharing, tiered, compressed oops, compressed class ptrs, g1 gc, windows-amd64)
# No core dump will be written. Minidumps are not enabled by default on client versions of Windows
#

---------------  S U M M A R Y ------------

Command Line: -XX:MaxMetaspaceSize=512m --add-opens=java.base/java.util=ALL-UNNAMED --add-opens=java.base/java.lang=ALL-UNNAMED --add-opens=java.base/java.lang.invoke=ALL-UNNAMED --add-opens=java.prefs/java.util.prefs=ALL-UNNAMED --add-opens=java.base/java.nio.charset=ALL-UNNAMED --add-opens=java.base/java.net=ALL-UNNAMED --add-opens=java.base/java.util.concurrent.atomic=ALL-UNNAMED -Xmx2048m -Dfile.encoding=windows-1252 -Duser.country=ES -Duser.language=es -Duser.variant org.gradle.launcher.daemon.bootstrap.GradleDaemon 8.0.1

Host: Intel(R) Core(TM) i7-10610U CPU @ 1.80GHz, 8 cores, 15G,  Windows 11 , 64 bit Build 22621 (10.0.22621.2506)
Time: Tue Jan  2 15:58:50 2024 Hora estándar Europa Occidental elapsed time: 64.403626 seconds (0d 0h 1m 4s)

---------------  T H R E A D  ---------------

Current thread (0x0000020920629eb0):  VMThread "VM Thread" [stack: 0x0000008d82200000,0x0000008d82300000] [id=1664]

Stack: [0x0000008d82200000,0x0000008d82300000]
Native frames: (J=compiled Java code, j=interpreted, Vv=VM code, C=native code)
V  [jvm.dll+0x678a4a]
V  [jvm.dll+0x7d9cfd]
V  [jvm.dll+0x7db60e]
V  [jvm.dll+0x7dbc73]
V  [jvm.dll+0x245e1f]
V  [jvm.dll+0x6758f9]
V  [jvm.dll+0x66a2a2]
V  [jvm.dll+0x303686]
V  [jvm.dll+0x30ac06]
V  [jvm.dll+0x35a48e]
V  [jvm.dll+0x35a6bf]
V  [jvm.dll+0x2da678]
V  [jvm.dll+0x2dd716]
V  [jvm.dll+0x2e7f18]
V  [jvm.dll+0x31bb90]
V  [jvm.dll+0x7e048b]
V  [jvm.dll+0x7e11c4]
V  [jvm.dll+0x7e16dd]
V  [jvm.dll+0x7e1ab4]
V  [jvm.dll+0x7e1b80]
V  [jvm.dll+0x78998a]
V  [jvm.dll+0x677875]
C  [ucrtbase.dll+0x29363]
C  [KERNEL32.DLL+0x1257d]
C  [ntdll.dll+0x5aa58]

VM_Operation (0x0000008d81eff360): G1Concurrent, mode: safepoint, requested by thread 0x0000020902474350


---------------  P R O C E S S  ---------------

Threads class SMR info:
_java_thread_list=0x0000020945fe0af0, length=138, elements={
0x0000020902407290, 0x000002092062fad0, 0x0000020920630950, 0x00000209206471d0,
0x0000020920647d90, 0x0000020920648950, 0x000002092064b720, 0x000002092064c410,
0x000002092064eed0, 0x00000209206518e0, 0x00000209208bc4b0, 0x00000209208c89d0,
0x00000209409902c0, 0x0000020940cd3f80, 0x00000209415f7040, 0x00000209416eae90,
0x0000020940ff40b0, 0x000002094131b7e0, 0x0000020940f5c750, 0x0000020940f4f740,
0x0000020940f52ef0, 0x0000020940f4fc50, 0x0000020940f515a0, 0x0000020940f50670,
0x0000020940f50160, 0x0000020940f50b80, 0x0000020940f51090, 0x0000020940f51fc0,
0x0000020940f524d0, 0x0000020940f529e0, 0x0000020941966280, 0x0000020941967bd0,
0x000002094196a450, 0x000002094196b890, 0x0000020941969010, 0x0000020941969f40,
0x00000209419676c0, 0x0000020941965350, 0x00000209419680e0, 0x0000020941969520,
0x0000020941969a30, 0x0000020941964e40, 0x0000020941966ca0, 0x000002094196a960,
0x000002094196ae70, 0x000002094196b380, 0x0000020941964420, 0x0000020941965860,
0x000002094196bda0, 0x0000020941964930, 0x0000020941965d70, 0x0000020941966790,
0x00000209419671b0, 0x00000209437f3da0, 0x00000209437f7f70, 0x00000209437f2450,
0x00000209437f6b30, 0x00000209437f8480, 0x00000209437f7040, 0x00000209437f6620,
0x00000209437f7a60, 0x00000209437f42b0, 0x00000209437f8990, 0x00000209437f4cd0,
0x00000209437f93b0, 0x00000209437f47c0, 0x00000209437f7550, 0x00000209437f8ea0,
0x00000209437f1f40, 0x00000209437f98c0, 0x00000209437f2960, 0x00000209437f6110,
0x00000209437f3380, 0x00000209437f51e0, 0x00000209437f3890, 0x00000209437f5c00,
0x0000020941968b00, 0x0000020942f00940, 0x0000020942f05020, 0x0000020942f040f0,
0x0000020942efff20, 0x0000020942f03be0, 0x0000020942f04b10, 0x0000020942f02290,
0x0000020942efeff0, 0x0000020942f00430, 0x0000020942f05f50, 0x0000020942f06460,
0x0000020942f05530, 0x0000020942f00e50, 0x0000020942f04600, 0x0000020942f01360,
0x0000020942f05a40, 0x0000020942f06970, 0x0000020942f031c0, 0x0000020942f027a0,
0x0000020942f02cb0, 0x0000020942eff500, 0x0000020942f01870, 0x0000020942effa10,
0x0000020942f01d80, 0x00000209431cc590, 0x00000209431c6050, 0x00000209431ca730,
0x00000209431c92f0, 0x00000209431c9800, 0x00000209431c7490, 0x00000209431ccaa0,
0x00000209431cb660, 0x00000209431c6560, 0x00000209431cac40, 0x00000209431ccfb0,
0x00000209431c9d10, 0x00000209431cc080, 0x00000209431cbb70, 0x00000209431cb150,
0x00000209431cd4c0, 0x00000209431c79a0, 0x00000209431cd9d0, 0x00000209431c6f80,
0x00000209431ca220, 0x00000209431c6a70, 0x00000209431c7eb0, 0x00000209431c83c0,
0x00000209431c88d0, 0x00000209431c8de0, 0x0000020941f68850, 0x0000020941f655b0,
0x0000020941f66f00, 0x0000020941f65fd0, 0x0000020941f65ac0, 0x0000020941f664e0,
0x0000020941f69270, 0x0000020941f69c90, 0x0000020941f67410, 0x0000020940e049c0,
0x0000020941f67920, 0x00000209471014c0
}

Java Threads: ( => current thread )
  0x0000020902407290 JavaThread "main" [_thread_blocked, id=19132, stack(0x0000008d81c00000,0x0000008d81d00000)]
  0x000002092062fad0 JavaThread "Reference Handler" daemon [_thread_blocked, id=19504, stack(0x0000008d82300000,0x0000008d82400000)]
  0x0000020920630950 JavaThread "Finalizer" daemon [_thread_blocked, id=14980, stack(0x0000008d82400000,0x0000008d82500000)]
  0x00000209206471d0 JavaThread "Signal Dispatcher" daemon [_thread_blocked, id=6368, stack(0x0000008d82500000,0x0000008d82600000)]
  0x0000020920647d90 JavaThread "Attach Listener" daemon [_thread_blocked, id=8976, stack(0x0000008d82600000,0x0000008d82700000)]
  0x0000020920648950 JavaThread "Service Thread" daemon [_thread_blocked, id=33464, stack(0x0000008d82700000,0x0000008d82800000)]
  0x000002092064b720 JavaThread "Monitor Deflation Thread" daemon [_thread_blocked, id=23768, stack(0x0000008d82800000,0x0000008d82900000)]
  0x000002092064c410 JavaThread "C2 CompilerThread0" daemon [_thread_blocked, id=23408, stack(0x0000008d82900000,0x0000008d82a00000)]
  0x000002092064eed0 JavaThread "C1 CompilerThread0" daemon [_thread_blocked, id=6776, stack(0x0000008d82a00000,0x0000008d82b00000)]
  0x00000209206518e0 JavaThread "Sweeper thread" daemon [_thread_blocked, id=28144, stack(0x0000008d82b00000,0x0000008d82c00000)]
  0x00000209208bc4b0 JavaThread "Common-Cleaner" daemon [_thread_blocked, id=32280, stack(0x0000008d82c00000,0x0000008d82d00000)]
  0x00000209208c89d0 JavaThread "Notification Thread" daemon [_thread_blocked, id=32540, stack(0x0000008d82d00000,0x0000008d82e00000)]
  0x00000209409902c0 JavaThread "Daemon health stats" [_thread_blocked, id=12008, stack(0x0000008d82f00000,0x0000008d83000000)]
  0x0000020940cd3f80 JavaThread "Incoming local TCP Connector on port 49985" [_thread_in_native, id=26612, stack(0x0000008d83000000,0x0000008d83100000)]
  0x00000209415f7040 JavaThread "Daemon periodic checks" [_thread_blocked, id=22612, stack(0x0000008d83600000,0x0000008d83700000)]
  0x00000209416eae90 JavaThread "Daemon" [_thread_blocked, id=22292, stack(0x0000008d83800000,0x0000008d83900000)]
  0x0000020940ff40b0 JavaThread "Handler for socket connection from /127.0.0.1:49985 to /127.0.0.1:49986" [_thread_in_native, id=18960, stack(0x0000008d83900000,0x0000008d83a00000)]
  0x000002094131b7e0 JavaThread "Cancel handler" [_thread_blocked, id=10072, stack(0x0000008d83a00000,0x0000008d83b00000)]
  0x0000020940f5c750 JavaThread "Daemon worker" [_thread_blocked, id=1680, stack(0x0000008d83b00000,0x0000008d83c00000)]
  0x0000020940f4f740 JavaThread "Asynchronous log dispatcher for DefaultDaemonConnection: socket connection from /127.0.0.1:49985 to /127.0.0.1:49986" [_thread_blocked, id=31036, stack(0x0000008d83c00000,0x0000008d83d00000)]
  0x0000020940f52ef0 JavaThread "Stdin handler" [_thread_blocked, id=5372, stack(0x0000008d83d00000,0x0000008d83e00000)]
  0x0000020940f4fc50 JavaThread "Daemon client event forwarder" [_thread_blocked, id=10772, stack(0x0000008d83e00000,0x0000008d83f00000)]
  0x0000020940f515a0 JavaThread "Cache worker for journal cache (C:\Users\leejh\.gradle\caches\journal-1)" [_thread_blocked, id=12964, stack(0x0000008d83700000,0x0000008d83800000)]
  0x0000020940f50670 JavaThread "File lock request listener" [_thread_in_native, id=22464, stack(0x0000008d83f00000,0x0000008d84000000)]
  0x0000020940f50160 JavaThread "Cache worker for file hash cache (C:\Users\leejh\.gradle\caches\8.0.1\fileHashes)" [_thread_blocked, id=14436, stack(0x0000008d84100000,0x0000008d84200000)]
  0x0000020940f50b80 JavaThread "File watcher server" daemon [_thread_in_native, id=31884, stack(0x0000008d84000000,0x0000008d84100000)]
  0x0000020940f51090 JavaThread "File watcher consumer" daemon [_thread_blocked, id=25676, stack(0x0000008d84200000,0x0000008d84300000)]
  0x0000020940f51fc0 JavaThread "Cache worker for checksums cache (C:\Users\leejh\Projects\bred\POS\android\.gradle\8.0.1\checksums)" [_thread_blocked, id=29124, stack(0x0000008d84300000,0x0000008d84400000)]
  0x0000020940f524d0 JavaThread "Cache worker for cache directory md-rule (C:\Users\leejh\.gradle\caches\8.0.1\md-rule)" [_thread_blocked, id=26184, stack(0x0000008d84400000,0x0000008d84500000)]
  0x0000020940f529e0 JavaThread "Cache worker for file content cache (C:\Users\leejh\.gradle\caches\8.0.1\fileContent)" [_thread_blocked, id=14028, stack(0x0000008d84500000,0x0000008d84600000)]
  0x0000020941966280 JavaThread "Cache worker for file hash cache (C:\Users\leejh\Projects\bred\POS\android\.gradle\8.0.1\fileHashes)" [_thread_blocked, id=12912, stack(0x0000008d84600000,0x0000008d84700000)]
  0x0000020941967bd0 JavaThread "Cache worker for cache directory md-supplier (C:\Users\leejh\.gradle\caches\8.0.1\md-supplier)" [_thread_blocked, id=8640, stack(0x0000008d84700000,0x0000008d84800000)]
  0x000002094196a450 JavaThread "Cache worker for execution history cache (C:\Users\leejh\.gradle\caches\8.0.1\executionHistory)" [_thread_blocked, id=13608, stack(0x0000008d84b00000,0x0000008d84c00000)]
  0x000002094196b890 JavaThread "jar transforms" [_thread_blocked, id=26484, stack(0x0000008d84d00000,0x0000008d84e00000)]
  0x0000020941969010 JavaThread "jar transforms Thread 2" [_thread_blocked, id=18536, stack(0x0000008d84e00000,0x0000008d84f00000)]
  0x0000020941969f40 JavaThread "jar transforms Thread 3" [_thread_blocked, id=7008, stack(0x0000008d84f00000,0x0000008d85000000)]
  0x00000209419676c0 JavaThread "jar transforms Thread 4" [_thread_blocked, id=33784, stack(0x0000008d84c00000,0x0000008d84d00000)]
  0x0000020941965350 JavaThread "Cache worker for kotlin-dsl (C:\Users\leejh\.gradle\caches\8.0.1\kotlin-dsl)" [_thread_blocked, id=31328, stack(0x0000008d85100000,0x0000008d85200000)]
  0x00000209419680e0 JavaThread "jar transforms Thread 5" [_thread_blocked, id=6132, stack(0x0000008d85300000,0x0000008d85400000)]
  0x0000020941969520 JavaThread "jar transforms Thread 6" [_thread_blocked, id=27140, stack(0x0000008d85200000,0x0000008d85300000)]
  0x0000020941969a30 JavaThread "Cache worker for dependencies-accessors (C:\Users\leejh\Projects\bred\POS\android\.gradle\8.0.1\dependencies-accessors)" [_thread_blocked, id=13972, stack(0x0000008d85400000,0x0000008d85500000)]
  0x0000020941964e40 JavaThread "Cache worker for Build Output Cleanup Cache (C:\Users\leejh\Projects\bred\POS\node_modules\@react-native\gradle-plugin\.gradle\buildOutputCleanup)" [_thread_blocked, id=30960, stack(0x0000008d85500000,0x0000008d85600000)]
  0x0000020941966ca0 JavaThread "jar transforms Thread 7" [_thread_blocked, id=30044, stack(0x0000008d85600000,0x0000008d85700000)]
  0x000002094196a960 JavaThread "Unconstrained build operations" [_thread_blocked, id=32012, stack(0x0000008d85000000,0x0000008d85100000)]
  0x000002094196ae70 JavaThread "Unconstrained build operations Thread 2" [_thread_blocked, id=7712, stack(0x0000008d85700000,0x0000008d85800000)]
  0x000002094196b380 JavaThread "Unconstrained build operations Thread 3" [_thread_blocked, id=31636, stack(0x0000008d85800000,0x0000008d85900000)]
  0x0000020941964420 JavaThread "Unconstrained build operations Thread 4" [_thread_blocked, id=5480, stack(0x0000008d85900000,0x0000008d85a00000)]
  0x0000020941965860 JavaThread "Unconstrained build operations Thread 5" [_thread_blocked, id=6808, stack(0x0000008d85a00000,0x0000008d85b00000)]
  0x000002094196bda0 JavaThread "Unconstrained build operations Thread 6" [_thread_blocked, id=17488, stack(0x0000008d85b00000,0x0000008d85c00000)]
  0x0000020941964930 JavaThread "Unconstrained build operations Thread 7" [_thread_blocked, id=30332, stack(0x0000008d85c00000,0x0000008d85d00000)]
  0x0000020941965d70 JavaThread "Unconstrained build operations Thread 8" [_thread_blocked, id=13680, stack(0x0000008d85d00000,0x0000008d85e00000)]
  0x0000020941966790 JavaThread "Unconstrained build operations Thread 9" [_thread_blocked, id=25740, stack(0x0000008d85e00000,0x0000008d85f00000)]
  0x00000209419671b0 JavaThread "Unconstrained build operations Thread 10" [_thread_blocked, id=19980, stack(0x0000008d85f00000,0x0000008d86000000)]
  0x00000209437f3da0 JavaThread "Unconstrained build operations Thread 11" [_thread_blocked, id=10712, stack(0x0000008d86000000,0x0000008d86100000)]
  0x00000209437f7f70 JavaThread "Unconstrained build operations Thread 12" [_thread_blocked, id=25164, stack(0x0000008d86100000,0x0000008d86200000)]
  0x00000209437f2450 JavaThread "Unconstrained build operations Thread 13" [_thread_blocked, id=15324, stack(0x0000008d86200000,0x0000008d86300000)]
  0x00000209437f6b30 JavaThread "Unconstrained build operations Thread 14" [_thread_blocked, id=22468, stack(0x0000008d86300000,0x0000008d86400000)]
  0x00000209437f8480 JavaThread "Unconstrained build operations Thread 15" [_thread_blocked, id=13300, stack(0x0000008d86400000,0x0000008d86500000)]
  0x00000209437f7040 JavaThread "Unconstrained build operations Thread 16" [_thread_blocked, id=9140, stack(0x0000008d86500000,0x0000008d86600000)]
  0x00000209437f6620 JavaThread "Unconstrained build operations Thread 17" [_thread_blocked, id=31760, stack(0x0000008d86600000,0x0000008d86700000)]
  0x00000209437f7a60 JavaThread "Unconstrained build operations Thread 18" [_thread_blocked, id=880, stack(0x0000008d86700000,0x0000008d86800000)]
  0x00000209437f42b0 JavaThread "Unconstrained build operations Thread 19" [_thread_blocked, id=32816, stack(0x0000008d86800000,0x0000008d86900000)]
  0x00000209437f8990 JavaThread "Unconstrained build operations Thread 20" [_thread_blocked, id=3984, stack(0x0000008d86900000,0x0000008d86a00000)]
  0x00000209437f4cd0 JavaThread "Unconstrained build operations Thread 21" [_thread_blocked, id=22056, stack(0x0000008d86a00000,0x0000008d86b00000)]
  0x00000209437f93b0 JavaThread "Unconstrained build operations Thread 22" [_thread_blocked, id=30512, stack(0x0000008d86b00000,0x0000008d86c00000)]
  0x00000209437f47c0 JavaThread "Unconstrained build operations Thread 23" [_thread_blocked, id=5200, stack(0x0000008d86c00000,0x0000008d86d00000)]
  0x00000209437f7550 JavaThread "Unconstrained build operations Thread 24" [_thread_blocked, id=28624, stack(0x0000008d86d00000,0x0000008d86e00000)]
  0x00000209437f8ea0 JavaThread "Unconstrained build operations Thread 25" [_thread_blocked, id=13820, stack(0x0000008d86e00000,0x0000008d86f00000)]
  0x00000209437f1f40 JavaThread "Unconstrained build operations Thread 26" [_thread_blocked, id=16224, stack(0x0000008d86f00000,0x0000008d87000000)]
  0x00000209437f98c0 JavaThread "jar transforms Thread 8" [_thread_blocked, id=4368, stack(0x0000008d87000000,0x0000008d87100000)]
  0x00000209437f2960 JavaThread "Memory manager" [_thread_blocked, id=3676, stack(0x0000008d87200000,0x0000008d87300000)]
  0x00000209437f6110 JavaThread "Cache worker for Build Output Cleanup Cache (C:\Users\leejh\Projects\bred\POS\android\.gradle\buildOutputCleanup)" [_thread_blocked, id=33772, stack(0x0000008d87100000,0x0000008d87200000)]
  0x00000209437f3380 JavaThread "included builds" [_thread_blocked, id=29572, stack(0x0000008d87400000,0x0000008d87500000)]
  0x00000209437f51e0 JavaThread "Execution worker" [_thread_blocked, id=14992, stack(0x0000008d87500000,0x0000008d87600000)]
  0x00000209437f3890 JavaThread "Execution worker Thread 2" [_thread_blocked, id=16036, stack(0x0000008d87600000,0x0000008d87700000)]
  0x00000209437f5c00 JavaThread "Execution worker Thread 3" [_thread_blocked, id=1308, stack(0x0000008d87700000,0x0000008d87800000)]
  0x0000020941968b00 JavaThread "Execution worker Thread 4" [_thread_blocked, id=3176, stack(0x0000008d87800000,0x0000008d87900000)]
  0x0000020942f00940 JavaThread "Execution worker Thread 5" [_thread_blocked, id=27608, stack(0x0000008d87900000,0x0000008d87a00000)]
  0x0000020942f05020 JavaThread "Execution worker Thread 6" [_thread_blocked, id=25480, stack(0x0000008d87a00000,0x0000008d87b00000)]
  0x0000020942f040f0 JavaThread "Execution worker Thread 7" [_thread_blocked, id=11828, stack(0x0000008d87b00000,0x0000008d87c00000)]
  0x0000020942efff20 JavaThread "Cache worker for execution history cache (C:\Users\leejh\Projects\bred\POS\node_modules\@react-native\gradle-plugin\.gradle\8.0.1\executionHistory)" [_thread_blocked, id=18964, stack(0x0000008d87c00000,0x0000008d87d00000)]
  0x0000020942f03be0 JavaThread "Unconstrained build operations Thread 27" [_thread_blocked, id=29232, stack(0x0000008d87f00000,0x0000008d88000000)]
  0x0000020942f04b10 JavaThread "Unconstrained build operations Thread 28" [_thread_blocked, id=24068, stack(0x0000008d88000000,0x0000008d88100000)]
  0x0000020942f02290 JavaThread "Unconstrained build operations Thread 29" [_thread_blocked, id=20716, stack(0x0000008d88100000,0x0000008d88200000)]
  0x0000020942efeff0 JavaThread "Unconstrained build operations Thread 30" [_thread_blocked, id=27960, stack(0x0000008d88200000,0x0000008d88300000)]
  0x0000020942f00430 JavaThread "Unconstrained build operations Thread 31" [_thread_blocked, id=6932, stack(0x0000008d88300000,0x0000008d88400000)]
  0x0000020942f05f50 JavaThread "Unconstrained build operations Thread 32" [_thread_blocked, id=23544, stack(0x0000008d88400000,0x0000008d88500000)]
  0x0000020942f06460 JavaThread "Unconstrained build operations Thread 33" [_thread_blocked, id=31428, stack(0x0000008d88500000,0x0000008d88600000)]
  0x0000020942f05530 JavaThread "Unconstrained build operations Thread 34" [_thread_blocked, id=5252, stack(0x0000008d88600000,0x0000008d88700000)]
  0x0000020942f00e50 JavaThread "Unconstrained build operations Thread 35" [_thread_blocked, id=11656, stack(0x0000008d88700000,0x0000008d88800000)]
  0x0000020942f04600 JavaThread "Unconstrained build operations Thread 36" [_thread_blocked, id=19032, stack(0x0000008d88800000,0x0000008d88900000)]
  0x0000020942f01360 JavaThread "Unconstrained build operations Thread 37" [_thread_blocked, id=5048, stack(0x0000008d88900000,0x0000008d88a00000)]
  0x0000020942f05a40 JavaThread "Unconstrained build operations Thread 38" [_thread_blocked, id=27736, stack(0x0000008d88a00000,0x0000008d88b00000)]
  0x0000020942f06970 JavaThread "Unconstrained build operations Thread 39" [_thread_blocked, id=29904, stack(0x0000008d88b00000,0x0000008d88c00000)]
  0x0000020942f031c0 JavaThread "Unconstrained build operations Thread 40" [_thread_blocked, id=23160, stack(0x0000008d88c00000,0x0000008d88d00000)]
  0x0000020942f027a0 JavaThread "Unconstrained build operations Thread 41" [_thread_blocked, id=664, stack(0x0000008d88d00000,0x0000008d88e00000)]
  0x0000020942f02cb0 JavaThread "Unconstrained build operations Thread 42" [_thread_blocked, id=24052, stack(0x0000008d88e00000,0x0000008d88f00000)]
  0x0000020942eff500 JavaThread "Unconstrained build operations Thread 43" [_thread_blocked, id=31008, stack(0x0000008d88f00000,0x0000008d89000000)]
  0x0000020942f01870 JavaThread "Unconstrained build operations Thread 44" [_thread_blocked, id=18988, stack(0x0000008d89000000,0x0000008d89100000)]
  0x0000020942effa10 JavaThread "Unconstrained build operations Thread 45" [_thread_blocked, id=33192, stack(0x0000008d89100000,0x0000008d89200000)]
  0x0000020942f01d80 JavaThread "Unconstrained build operations Thread 46" [_thread_blocked, id=31100, stack(0x0000008d89200000,0x0000008d89300000)]
  0x00000209431cc590 JavaThread "Unconstrained build operations Thread 47" [_thread_blocked, id=20404, stack(0x0000008d89300000,0x0000008d89400000)]
  0x00000209431c6050 JavaThread "Unconstrained build operations Thread 48" [_thread_blocked, id=32000, stack(0x0000008d89400000,0x0000008d89500000)]
  0x00000209431ca730 JavaThread "Unconstrained build operations Thread 49" [_thread_blocked, id=13952, stack(0x0000008d89500000,0x0000008d89600000)]
  0x00000209431c92f0 JavaThread "Unconstrained build operations Thread 50" [_thread_blocked, id=27844, stack(0x0000008d89600000,0x0000008d89700000)]
  0x00000209431c9800 JavaThread "Unconstrained build operations Thread 51" [_thread_blocked, id=15304, stack(0x0000008d89700000,0x0000008d89800000)]
  0x00000209431c7490 JavaThread "Unconstrained build operations Thread 52" [_thread_blocked, id=14972, stack(0x0000008d89900000,0x0000008d89a00000)]
  0x00000209431ccaa0 JavaThread "Unconstrained build operations Thread 53" [_thread_blocked, id=24760, stack(0x0000008d89a00000,0x0000008d89b00000)]
  0x00000209431cb660 JavaThread "Unconstrained build operations Thread 54" [_thread_blocked, id=15072, stack(0x0000008d89b00000,0x0000008d89c00000)]
  0x00000209431c6560 JavaThread "Unconstrained build operations Thread 55" [_thread_blocked, id=15432, stack(0x0000008d89c00000,0x0000008d89d00000)]
  0x00000209431cac40 JavaThread "Unconstrained build operations Thread 56" [_thread_blocked, id=30648, stack(0x0000008d89d00000,0x0000008d89e00000)]
  0x00000209431ccfb0 JavaThread "Unconstrained build operations Thread 57" [_thread_blocked, id=32092, stack(0x0000008d89e00000,0x0000008d89f00000)]
  0x00000209431c9d10 JavaThread "Unconstrained build operations Thread 58" [_thread_blocked, id=17232, stack(0x0000008d89f00000,0x0000008d8a000000)]
  0x00000209431cc080 JavaThread "Unconstrained build operations Thread 59" [_thread_blocked, id=23864, stack(0x0000008d8a000000,0x0000008d8a100000)]
  0x00000209431cbb70 JavaThread "Unconstrained build operations Thread 60" [_thread_blocked, id=26524, stack(0x0000008d8a100000,0x0000008d8a200000)]
  0x00000209431cb150 JavaThread "Unconstrained build operations Thread 61" [_thread_blocked, id=7720, stack(0x0000008d8a200000,0x0000008d8a300000)]
  0x00000209431cd4c0 JavaThread "Unconstrained build operations Thread 62" [_thread_blocked, id=22532, stack(0x0000008d8a300000,0x0000008d8a400000)]
  0x00000209431c79a0 JavaThread "Unconstrained build operations Thread 63" [_thread_blocked, id=31768, stack(0x0000008d8a400000,0x0000008d8a500000)]
  0x00000209431cd9d0 JavaThread "Unconstrained build operations Thread 64" [_thread_blocked, id=31140, stack(0x0000008d8a500000,0x0000008d8a600000)]
  0x00000209431c6f80 JavaThread "Unconstrained build operations Thread 65" [_thread_blocked, id=33076, stack(0x0000008d8a600000,0x0000008d8a700000)]
  0x00000209431ca220 JavaThread "Unconstrained build operations Thread 66" [_thread_blocked, id=27408, stack(0x0000008d8a700000,0x0000008d8a800000)]
  0x00000209431c6a70 JavaThread "Unconstrained build operations Thread 67" [_thread_blocked, id=20212, stack(0x0000008d8a800000,0x0000008d8a900000)]
  0x00000209431c7eb0 JavaThread "Unconstrained build operations Thread 68" [_thread_blocked, id=12424, stack(0x0000008d8a900000,0x0000008d8aa00000)]
  0x00000209431c83c0 JavaThread "Unconstrained build operations Thread 69" [_thread_blocked, id=656, stack(0x0000008d8aa00000,0x0000008d8ab00000)]
  0x00000209431c88d0 JavaThread "Unconstrained build operations Thread 70" [_thread_blocked, id=16132, stack(0x0000008d8ab00000,0x0000008d8ac00000)]
  0x00000209431c8de0 JavaThread "Unconstrained build operations Thread 71" [_thread_blocked, id=28456, stack(0x0000008d8ac00000,0x0000008d8ad00000)]
  0x0000020941f68850 JavaThread "Unconstrained build operations Thread 72" [_thread_blocked, id=23516, stack(0x0000008d8ad00000,0x0000008d8ae00000)]
  0x0000020941f655b0 JavaThread "Unconstrained build operations Thread 73" [_thread_blocked, id=21404, stack(0x0000008d8ae00000,0x0000008d8af00000)]
  0x0000020941f66f00 JavaThread "Unconstrained build operations Thread 74" [_thread_blocked, id=6380, stack(0x0000008d8af00000,0x0000008d8b000000)]
  0x0000020941f65fd0 JavaThread "Unconstrained build operations Thread 75" [_thread_blocked, id=27172, stack(0x0000008d8b000000,0x0000008d8b100000)]
  0x0000020941f65ac0 JavaThread "Unconstrained build operations Thread 76" [_thread_blocked, id=27904, stack(0x0000008d8b100000,0x0000008d8b200000)]
  0x0000020941f664e0 JavaThread "Unconstrained build operations Thread 77" [_thread_blocked, id=28016, stack(0x0000008d8b200000,0x0000008d8b300000)]
  0x0000020941f69270 JavaThread "Unconstrained build operations Thread 78" [_thread_blocked, id=10576, stack(0x0000008d8b300000,0x0000008d8b400000)]
  0x0000020941f69c90 JavaThread "Unconstrained build operations Thread 79" [_thread_blocked, id=2224, stack(0x0000008d8b400000,0x0000008d8b500000)]
  0x0000020941f67410 JavaThread "Unconstrained build operations Thread 80" [_thread_blocked, id=29156, stack(0x0000008d8b500000,0x0000008d8b600000)]
  0x0000020940e049c0 JavaThread "C2 CompilerThread1" daemon [_thread_in_native, id=9532, stack(0x0000008d87300000,0x0000008d87400000)]
  0x0000020941f67920 JavaThread "Cache worker for execution history cache (C:\Users\leejh\Projects\bred\POS\android\.gradle\8.0.1\executionHistory)" [_thread_blocked, id=16280, stack(0x0000008d81900000,0x0000008d81a00000)]
  0x00000209471014c0 JavaThread "C2 CompilerThread2" daemon [_thread_blocked, id=7724, stack(0x0000008d81a00000,0x0000008d81b00000)]

Other Threads:
=>0x0000020920629eb0 VMThread "VM Thread" [stack: 0x0000008d82200000,0x0000008d82300000] [id=1664]
  0x000002090247ca80 WatcherThread [stack: 0x0000008d82e00000,0x0000008d82f00000] [id=25888]
  0x0000020902463400 GCTaskThread "GC Thread#0" [stack: 0x0000008d81d00000,0x0000008d81e00000] [id=31516]
  0x0000020940a5b8d0 GCTaskThread "GC Thread#1" [stack: 0x0000008d83100000,0x0000008d83200000] [id=20496]
  0x0000020940a5ab10 GCTaskThread "GC Thread#2" [stack: 0x0000008d83200000,0x0000008d83300000] [id=20028]
  0x0000020940a5bb90 GCTaskThread "GC Thread#3" [stack: 0x0000008d83300000,0x0000008d83400000] [id=17008]
  0x0000020940a5a010 GCTaskThread "GC Thread#4" [stack: 0x0000008d83400000,0x0000008d83500000] [id=1980]
  0x0000020940a5a590 GCTaskThread "GC Thread#5" [stack: 0x0000008d83500000,0x0000008d83600000] [id=17624]
  0x0000020941ca4070 GCTaskThread "GC Thread#6" [stack: 0x0000008d84800000,0x0000008d84900000] [id=22808]
  0x0000020941ca7a30 GCTaskThread "GC Thread#7" [stack: 0x0000008d84900000,0x0000008d84a00000] [id=17584]
  0x0000020902474350 ConcurrentGCThread "G1 Main Marker" [stack: 0x0000008d81e00000,0x0000008d81f00000] [id=11396]
  0x0000020902475500 ConcurrentGCThread "G1 Conc#0" [stack: 0x0000008d81f00000,0x0000008d82000000] [id=22848]
  0x0000020941ca69b0 ConcurrentGCThread "G1 Conc#1" [stack: 0x0000008d84a00000,0x0000008d84b00000] [id=31824]
  0x00000209024cd860 ConcurrentGCThread "G1 Refine#0" [stack: 0x0000008d82000000,0x0000008d82100000] [id=17264]
  0x00000209024ce290 ConcurrentGCThread "G1 Service" [stack: 0x0000008d82100000,0x0000008d82200000] [id=15316]

Threads with active compile tasks:
C2 CompilerThread1    64474 13311       4       com.google.common.reflect.TypeResolver::resolveType (74 bytes)

VM state: at safepoint (normal execution)

VM Mutex/Monitor currently owned by a thread:  ([mutex/lock_event])
[0x00000209024023d0] Threads_lock - owner thread: 0x0000020920629eb0
[0x0000020902403300] Heap_lock - owner thread: 0x0000020902474350

Heap address: 0x0000000080000000, size: 2048 MB, Compressed Oops mode: 32-bit

CDS archive(s) mapped at: [0x0000020921000000-0x0000020921bd0000-0x0000020921bd0000), size 12386304, SharedBaseAddress: 0x0000020921000000, ArchiveRelocationMode: 1.
Compressed class space mapped at: 0x0000020922000000-0x000002093c000000, reserved size: 436207616
Narrow klass base: 0x0000020921000000, Narrow klass shift: 0, Narrow klass range: 0x100000000

GC Precious Log:
 CPUs: 8 total, 8 available
 Memory: 16067M
 Large Page Support: Disabled
 NUMA Support: Disabled
 Compressed Oops: Enabled (32-bit)
 Heap Region Size: 1M
 Heap Min Capacity: 8M
 Heap Initial Capacity: 252M
 Heap Max Capacity: 2G
 Pre-touch: Disabled
 Parallel Workers: 8
 Concurrent Workers: 2
 Concurrent Refinement Workers: 8
 Periodic GC: Disabled

Heap:
 garbage-first heap   total 258048K, used 170384K [0x0000000080000000, 0x0000000100000000)
  region size 1024K, 6 young (6144K), 3 survivors (3072K)
 Metaspace       used 96457K, committed 97408K, reserved 557056K
  class space    used 13356K, committed 13824K, reserved 425984K

Heap Regions: E=young(eden), S=young(survivor), O=old, HS=humongous(starts), HC=humongous(continues), CS=collection set, F=free, OA=open archive, CA=closed archive, TAMS=top-at-mark-start (previous, next)
|   0|0x0000000080000000, 0x0000000080100000, 0x0000000080100000|100%|HS|  |TAMS 0x0000000080100000, 0x0000000080000000| Complete 
|   1|0x0000000080100000, 0x0000000080200000, 0x0000000080200000|100%|HC|  |TAMS 0x0000000080200000, 0x0000000080100000| Complete 
|   2|0x0000000080200000, 0x0000000080300000, 0x0000000080300000|100%|HC|  |TAMS 0x0000000080300000, 0x0000000080200000| Complete 
|   3|0x0000000080300000, 0x0000000080400000, 0x0000000080400000|100%|HC|  |TAMS 0x0000000080400000, 0x0000000080300000| Complete 
|   4|0x0000000080400000, 0x0000000080500000, 0x0000000080500000|100%| O|  |TAMS 0x0000000080500000, 0x0000000080400000| Untracked 
|   5|0x0000000080500000, 0x0000000080600000, 0x0000000080600000|100%| O|  |TAMS 0x0000000080600000, 0x0000000080500000| Untracked 
|   6|0x0000000080600000, 0x0000000080700000, 0x0000000080700000|100%| O|  |TAMS 0x0000000080700000, 0x0000000080600000| Untracked 
|   7|0x0000000080700000, 0x0000000080800000, 0x0000000080800000|100%| O|  |TAMS 0x0000000080800000, 0x0000000080700000| Untracked 
|   8|0x0000000080800000, 0x0000000080900000, 0x0000000080900000|100%| O|  |TAMS 0x0000000080900000, 0x0000000080800000| Untracked 
|   9|0x0000000080900000, 0x0000000080a00000, 0x0000000080a00000|100%| O|  |TAMS 0x0000000080a00000, 0x0000000080900000| Untracked 
|  10|0x0000000080a00000, 0x0000000080b00000, 0x0000000080b00000|100%| O|  |TAMS 0x0000000080b00000, 0x0000000080a00000| Untracked 
|  11|0x0000000080b00000, 0x0000000080c00000, 0x0000000080c00000|100%| O|  |TAMS 0x0000000080c00000, 0x0000000080b00000| Untracked 
|  12|0x0000000080c00000, 0x0000000080d00000, 0x0000000080d00000|100%| O|  |TAMS 0x0000000080d00000, 0x0000000080c00000| Untracked 
|  13|0x0000000080d00000, 0x0000000080e00000, 0x0000000080e00000|100%| O|  |TAMS 0x0000000080e00000, 0x0000000080d00000| Updating 
|  14|0x0000000080e00000, 0x0000000080f00000, 0x0000000080f00000|100%| O|  |TAMS 0x0000000080f00000, 0x0000000080e00000| Untracked 
|  15|0x0000000080f00000, 0x0000000081000000, 0x0000000081000000|100%| O|  |TAMS 0x0000000081000000, 0x0000000080f00000| Untracked 
|  16|0x0000000081000000, 0x0000000081100000, 0x0000000081100000|100%| O|  |TAMS 0x0000000081100000, 0x0000000081000000| Untracked 
|  17|0x0000000081100000, 0x0000000081200000, 0x0000000081200000|100%| O|  |TAMS 0x0000000081200000, 0x0000000081100000| Untracked 
|  18|0x0000000081200000, 0x0000000081300000, 0x0000000081300000|100%| O|  |TAMS 0x0000000081300000, 0x0000000081200000| Untracked 
|  19|0x0000000081300000, 0x0000000081400000, 0x0000000081400000|100%| O|  |TAMS 0x0000000081400000, 0x0000000081300000| Untracked 
|  20|0x0000000081400000, 0x0000000081500000, 0x0000000081500000|100%| O|  |TAMS 0x0000000081500000, 0x0000000081400000| Untracked 
|  21|0x0000000081500000, 0x0000000081600000, 0x0000000081600000|100%| O|  |TAMS 0x0000000081600000, 0x0000000081500000| Untracked 
|  22|0x0000000081600000, 0x0000000081700000, 0x0000000081700000|100%| O|  |TAMS 0x0000000081700000, 0x0000000081600000| Untracked 
|  23|0x0000000081700000, 0x0000000081800000, 0x0000000081800000|100%| O|  |TAMS 0x0000000081800000, 0x0000000081700000| Untracked 
|  24|0x0000000081800000, 0x0000000081900000, 0x0000000081900000|100%| O|  |TAMS 0x0000000081900000, 0x0000000081800000| Untracked 
|  25|0x0000000081900000, 0x0000000081a00000, 0x0000000081a00000|100%| O|  |TAMS 0x0000000081a00000, 0x0000000081900000| Untracked 
|  26|0x0000000081a00000, 0x0000000081b00000, 0x0000000081b00000|100%| O|  |TAMS 0x0000000081b00000, 0x0000000081a00000| Updating 
|  27|0x0000000081b00000, 0x0000000081c00000, 0x0000000081c00000|100%| O|  |TAMS 0x0000000081c00000, 0x0000000081b00000| Updating 
|  28|0x0000000081c00000, 0x0000000081d00000, 0x0000000081d00000|100%| O|  |TAMS 0x0000000081d00000, 0x0000000081c00000| Untracked 
|  29|0x0000000081d00000, 0x0000000081e00000, 0x0000000081e00000|100%| O|  |TAMS 0x0000000081e00000, 0x0000000081d00000| Updating 
|  30|0x0000000081e00000, 0x0000000081f00000, 0x0000000081f00000|100%| O|  |TAMS 0x0000000081f00000, 0x0000000081e00000| Untracked 
|  31|0x0000000081f00000, 0x0000000082000000, 0x0000000082000000|100%| O|  |TAMS 0x0000000082000000, 0x0000000081f00000| Untracked 
|  32|0x0000000082000000, 0x0000000082100000, 0x0000000082100000|100%| O|  |TAMS 0x0000000082100000, 0x0000000082000000| Updating 
|  33|0x0000000082100000, 0x0000000082200000, 0x0000000082200000|100%|HS|  |TAMS 0x0000000082200000, 0x0000000082100000| Complete 
|  34|0x0000000082200000, 0x0000000082300000, 0x0000000082300000|100%|HC|  |TAMS 0x0000000082300000, 0x0000000082200000| Complete 
|  35|0x0000000082300000, 0x0000000082400000, 0x0000000082400000|100%| O|  |TAMS 0x0000000082400000, 0x0000000082300000| Untracked 
|  36|0x0000000082400000, 0x0000000082500000, 0x0000000082500000|100%| O|  |TAMS 0x0000000082500000, 0x0000000082400000| Untracked 
|  37|0x0000000082500000, 0x0000000082600000, 0x0000000082600000|100%|HS|  |TAMS 0x0000000082600000, 0x0000000082500000| Complete 
|  38|0x0000000082600000, 0x0000000082700000, 0x0000000082700000|100%|HC|  |TAMS 0x0000000082700000, 0x0000000082600000| Complete 
|  39|0x0000000082700000, 0x0000000082800000, 0x0000000082800000|100%|HC|  |TAMS 0x0000000082800000, 0x0000000082700000| Complete 
|  40|0x0000000082800000, 0x0000000082900000, 0x0000000082900000|100%|HC|  |TAMS 0x0000000082900000, 0x0000000082800000| Complete 
|  41|0x0000000082900000, 0x0000000082a00000, 0x0000000082a00000|100%| O|  |TAMS 0x0000000082a00000, 0x0000000082900000| Untracked 
|  42|0x0000000082a00000, 0x0000000082b00000, 0x0000000082b00000|100%| O|  |TAMS 0x0000000082b00000, 0x0000000082a00000| Untracked 
|  43|0x0000000082b00000, 0x0000000082c00000, 0x0000000082c00000|100%| O|  |TAMS 0x0000000082c00000, 0x0000000082b00000| Untracked 
|  44|0x0000000082c00000, 0x0000000082d00000, 0x0000000082d00000|100%| O|  |TAMS 0x0000000082d00000, 0x0000000082c00000| Untracked 
|  45|0x0000000082d00000, 0x0000000082e00000, 0x0000000082e00000|100%| O|  |TAMS 0x0000000082e00000, 0x0000000082d00000| Untracked 
|  46|0x0000000082e00000, 0x0000000082f00000, 0x0000000082f00000|100%| O|  |TAMS 0x0000000082f00000, 0x0000000082e00000| Untracked 
|  47|0x0000000082f00000, 0x0000000083000000, 0x0000000083000000|100%| O|  |TAMS 0x0000000083000000, 0x0000000082f00000| Untracked 
|  48|0x0000000083000000, 0x0000000083100000, 0x0000000083100000|100%| O|  |TAMS 0x0000000083100000, 0x0000000083000000| Untracked 
|  49|0x0000000083100000, 0x0000000083200000, 0x0000000083200000|100%| O|  |TAMS 0x0000000083200000, 0x0000000083100000| Updating 
|  50|0x0000000083200000, 0x0000000083300000, 0x0000000083300000|100%| O|  |TAMS 0x0000000083300000, 0x0000000083200000| Untracked 
|  51|0x0000000083300000, 0x0000000083400000, 0x0000000083400000|100%| O|  |TAMS 0x0000000083400000, 0x0000000083300000| Untracked 
|  52|0x0000000083400000, 0x0000000083500000, 0x0000000083500000|100%| O|  |TAMS 0x0000000083500000, 0x0000000083400000| Untracked 
|  53|0x0000000083500000, 0x0000000083600000, 0x0000000083600000|100%| O|  |TAMS 0x0000000083600000, 0x0000000083500000| Untracked 
|  54|0x0000000083600000, 0x0000000083700000, 0x0000000083700000|100%| O|  |TAMS 0x0000000083700000, 0x0000000083600000| Untracked 
|  55|0x0000000083700000, 0x0000000083800000, 0x0000000083800000|100%| O|  |TAMS 0x0000000083800000, 0x0000000083700000| Updating 
|  56|0x0000000083800000, 0x0000000083900000, 0x0000000083900000|100%| O|  |TAMS 0x0000000083900000, 0x0000000083800000| Untracked 
|  57|0x0000000083900000, 0x0000000083a00000, 0x0000000083a00000|100%| O|  |TAMS 0x0000000083a00000, 0x0000000083900000| Untracked 
|  58|0x0000000083a00000, 0x0000000083b00000, 0x0000000083b00000|100%| O|  |TAMS 0x0000000083b00000, 0x0000000083a00000| Untracked 
|  59|0x0000000083b00000, 0x0000000083c00000, 0x0000000083c00000|100%| O|  |TAMS 0x0000000083c00000, 0x0000000083b00000| Updating 
|  60|0x0000000083c00000, 0x0000000083d00000, 0x0000000083d00000|100%|HS|  |TAMS 0x0000000083d00000, 0x0000000083c00000| Complete 
|  61|0x0000000083d00000, 0x0000000083e00000, 0x0000000083e00000|100%|HS|  |TAMS 0x0000000083e00000, 0x0000000083d00000| Complete 
|  62|0x0000000083e00000, 0x0000000083f00000, 0x0000000083f00000|100%| O|  |TAMS 0x0000000083f00000, 0x0000000083e00000| Updating 
|  63|0x0000000083f00000, 0x0000000084000000, 0x0000000084000000|100%| O|  |TAMS 0x0000000084000000, 0x0000000083f00000| Untracked 
|  64|0x0000000084000000, 0x0000000084100000, 0x0000000084100000|100%| O|  |TAMS 0x0000000084100000, 0x0000000084000000| Untracked 
|  65|0x0000000084100000, 0x0000000084200000, 0x0000000084200000|100%| O|  |TAMS 0x0000000084200000, 0x0000000084100000| Untracked 
|  66|0x0000000084200000, 0x0000000084300000, 0x0000000084300000|100%| O|  |TAMS 0x0000000084300000, 0x0000000084200000| Untracked 
|  67|0x0000000084300000, 0x0000000084400000, 0x0000000084400000|100%| O|  |TAMS 0x0000000084400000, 0x0000000084300000| Updating 
|  68|0x0000000084400000, 0x0000000084500000, 0x0000000084500000|100%| O|  |TAMS 0x0000000084500000, 0x0000000084400000| Untracked 
|  69|0x0000000084500000, 0x0000000084600000, 0x0000000084600000|100%| O|  |TAMS 0x0000000084600000, 0x0000000084500000| Untracked 
|  70|0x0000000084600000, 0x0000000084700000, 0x0000000084700000|100%| O|  |TAMS 0x0000000084700000, 0x0000000084600000| Untracked 
|  71|0x0000000084700000, 0x0000000084800000, 0x0000000084800000|100%| O|  |TAMS 0x0000000084800000, 0x0000000084700000| Untracked 
|  72|0x0000000084800000, 0x0000000084900000, 0x0000000084900000|100%| O|  |TAMS 0x0000000084900000, 0x0000000084800000| Untracked 
|  73|0x0000000084900000, 0x0000000084a00000, 0x0000000084a00000|100%| O|  |TAMS 0x0000000084a00000, 0x0000000084900000| Untracked 
|  74|0x0000000084a00000, 0x0000000084b00000, 0x0000000084b00000|100%| O|  |TAMS 0x0000000084b00000, 0x0000000084a00000| Untracked 
|  75|0x0000000084b00000, 0x0000000084c00000, 0x0000000084c00000|100%| O|  |TAMS 0x0000000084c00000, 0x0000000084b00000| Untracked 
|  76|0x0000000084c00000, 0x0000000084d00000, 0x0000000084d00000|100%| O|  |TAMS 0x0000000084d00000, 0x0000000084c00000| Untracked 
|  77|0x0000000084d00000, 0x0000000084e00000, 0x0000000084e00000|100%| O|  |TAMS 0x0000000084e00000, 0x0000000084d00000| Untracked 
|  78|0x0000000084e00000, 0x0000000084f00000, 0x0000000084f00000|100%| O|  |TAMS 0x0000000084f00000, 0x0000000084e00000| Updating 
|  79|0x0000000084f00000, 0x0000000085000000, 0x0000000085000000|100%|HS|  |TAMS 0x0000000085000000, 0x0000000084f00000| Complete 
|  80|0x0000000085000000, 0x0000000085100000, 0x0000000085100000|100%|HS|  |TAMS 0x0000000085100000, 0x0000000085000000| Complete 
|  81|0x0000000085100000, 0x0000000085200000, 0x0000000085200000|100%|HS|  |TAMS 0x0000000085200000, 0x0000000085100000| Complete 
|  82|0x0000000085200000, 0x0000000085300000, 0x0000000085300000|100%|HS|  |TAMS 0x0000000085300000, 0x0000000085200000| Complete 
|  83|0x0000000085300000, 0x0000000085400000, 0x0000000085400000|100%|HC|  |TAMS 0x0000000085400000, 0x0000000085300000| Complete 
|  84|0x0000000085400000, 0x0000000085500000, 0x0000000085500000|100%|HC|  |TAMS 0x0000000085500000, 0x0000000085400000| Complete 
|  85|0x0000000085500000, 0x0000000085600000, 0x0000000085600000|100%|HS|  |TAMS 0x0000000085600000, 0x0000000085500000| Complete 
|  86|0x0000000085600000, 0x0000000085700000, 0x0000000085700000|100%|HC|  |TAMS 0x0000000085700000, 0x0000000085600000| Complete 
|  87|0x0000000085700000, 0x0000000085800000, 0x0000000085800000|100%| O|  |TAMS 0x0000000085800000, 0x0000000085700000| Untracked 
|  88|0x0000000085800000, 0x0000000085900000, 0x0000000085900000|100%| O|  |TAMS 0x0000000085900000, 0x0000000085800000| Untracked 
|  89|0x0000000085900000, 0x0000000085a00000, 0x0000000085a00000|100%| O|  |TAMS 0x0000000085a00000, 0x0000000085900000| Untracked 
|  90|0x0000000085a00000, 0x0000000085b00000, 0x0000000085b00000|100%| O|  |TAMS 0x0000000085b00000, 0x0000000085a00000| Untracked 
|  91|0x0000000085b00000, 0x0000000085c00000, 0x0000000085c00000|100%| O|  |TAMS 0x0000000085c00000, 0x0000000085b00000| Untracked 
|  92|0x0000000085c00000, 0x0000000085d00000, 0x0000000085d00000|100%| O|  |TAMS 0x0000000085d00000, 0x0000000085c00000| Untracked 
|  93|0x0000000085d00000, 0x0000000085e00000, 0x0000000085e00000|100%| O|  |TAMS 0x0000000085e00000, 0x0000000085d00000| Untracked 
|  94|0x0000000085e00000, 0x0000000085f00000, 0x0000000085f00000|100%| O|  |TAMS 0x0000000085f00000, 0x0000000085e00000| Untracked 
|  95|0x0000000085f00000, 0x0000000086000000, 0x0000000086000000|100%| O|  |TAMS 0x0000000086000000, 0x0000000085f00000| Updating 
|  96|0x0000000086000000, 0x0000000086100000, 0x0000000086100000|100%| O|  |TAMS 0x0000000086100000, 0x0000000086000000| Untracked 
|  97|0x0000000086100000, 0x0000000086200000, 0x0000000086200000|100%|HS|  |TAMS 0x0000000086200000, 0x0000000086100000| Complete 
|  98|0x0000000086200000, 0x0000000086300000, 0x0000000086300000|100%|HS|  |TAMS 0x0000000086300000, 0x0000000086200000| Complete 
|  99|0x0000000086300000, 0x0000000086400000, 0x0000000086400000|100%|HS|  |TAMS 0x0000000086400000, 0x0000000086300000| Complete 
| 100|0x0000000086400000, 0x0000000086500000, 0x0000000086500000|100%|HS|  |TAMS 0x0000000086500000, 0x0000000086400000| Complete 
| 101|0x0000000086500000, 0x0000000086600000, 0x0000000086600000|100%|HS|  |TAMS 0x0000000086600000, 0x0000000086500000| Complete 
| 102|0x0000000086600000, 0x0000000086700000, 0x0000000086700000|100%|HC|  |TAMS 0x0000000086700000, 0x0000000086600000| Complete 
| 103|0x0000000086700000, 0x0000000086800000, 0x0000000086800000|100%|HC|  |TAMS 0x0000000086800000, 0x0000000086700000| Complete 
| 104|0x0000000086800000, 0x0000000086900000, 0x0000000086900000|100%|HS|  |TAMS 0x0000000086900000, 0x0000000086800000| Complete 
| 105|0x0000000086900000, 0x0000000086a00000, 0x0000000086a00000|100%| O|  |TAMS 0x0000000086a00000, 0x0000000086900000| Untracked 
| 106|0x0000000086a00000, 0x0000000086b00000, 0x0000000086b00000|100%| O|  |TAMS 0x0000000086b00000, 0x0000000086a00000| Untracked 
| 107|0x0000000086b00000, 0x0000000086c00000, 0x0000000086c00000|100%| O|  |TAMS 0x0000000086c00000, 0x0000000086b00000| Untracked 
| 108|0x0000000086c00000, 0x0000000086d00000, 0x0000000086d00000|100%| O|  |TAMS 0x0000000086d00000, 0x0000000086c00000| Untracked 
| 109|0x0000000086d00000, 0x0000000086e00000, 0x0000000086e00000|100%| O|  |TAMS 0x0000000086e00000, 0x0000000086d00000| Untracked 
| 110|0x0000000086e00000, 0x0000000086f00000, 0x0000000086f00000|100%| O|  |TAMS 0x0000000086f00000, 0x0000000086e00000| Untracked 
| 111|0x0000000086f00000, 0x0000000087000000, 0x0000000087000000|100%| O|  |TAMS 0x0000000087000000, 0x0000000086f00000| Untracked 
| 112|0x0000000087000000, 0x0000000087100000, 0x0000000087100000|100%| O|  |TAMS 0x0000000087100000, 0x0000000087000000| Untracked 
| 113|0x0000000087100000, 0x0000000087200000, 0x0000000087200000|100%| O|  |TAMS 0x0000000087200000, 0x0000000087100000| Untracked 
| 114|0x0000000087200000, 0x0000000087300000, 0x0000000087300000|100%| O|  |TAMS 0x0000000087300000, 0x0000000087200000| Untracked 
| 115|0x0000000087300000, 0x0000000087400000, 0x0000000087400000|100%| O|  |TAMS 0x0000000087400000, 0x0000000087300000| Updating 
| 116|0x0000000087400000, 0x0000000087500000, 0x0000000087500000|100%| O|  |TAMS 0x0000000087500000, 0x0000000087400000| Updating 
| 117|0x0000000087500000, 0x0000000087600000, 0x0000000087600000|100%|HS|  |TAMS 0x0000000087600000, 0x0000000087500000| Complete 
| 118|0x0000000087600000, 0x0000000087700000, 0x0000000087700000|100%|HC|  |TAMS 0x0000000087700000, 0x0000000087600000| Complete 
| 119|0x0000000087700000, 0x0000000087800000, 0x0000000087800000|100%|HS|  |TAMS 0x0000000087800000, 0x0000000087700000| Complete 
| 120|0x0000000087800000, 0x0000000087900000, 0x0000000087900000|100%|HC|  |TAMS 0x0000000087900000, 0x0000000087800000| Complete 
| 121|0x0000000087900000, 0x0000000087a00000, 0x0000000087a00000|100%|HC|  |TAMS 0x0000000087a00000, 0x0000000087900000| Complete 
| 122|0x0000000087a00000, 0x0000000087b00000, 0x0000000087b00000|100%|HC|  |TAMS 0x0000000087b00000, 0x0000000087a00000| Complete 
| 123|0x0000000087b00000, 0x0000000087c00000, 0x0000000087c00000|100%| O|  |TAMS 0x0000000087c00000, 0x0000000087b00000| Updating 
| 124|0x0000000087c00000, 0x0000000087d00000, 0x0000000087d00000|100%| O|  |TAMS 0x0000000087d00000, 0x0000000087c00000| Untracked 
| 125|0x0000000087d00000, 0x0000000087e00000, 0x0000000087e00000|100%| O|  |TAMS 0x0000000087e00000, 0x0000000087d00000| Untracked 
| 126|0x0000000087e00000, 0x0000000087f00000, 0x0000000087f00000|100%| O|  |TAMS 0x0000000087f00000, 0x0000000087e00000| Untracked 
| 127|0x0000000087f00000, 0x0000000088000000, 0x0000000088000000|100%| O|  |TAMS 0x0000000088000000, 0x0000000087f00000| Untracked 
| 128|0x0000000088000000, 0x0000000088100000, 0x0000000088100000|100%| O|  |TAMS 0x0000000088100000, 0x0000000088000000| Untracked 
| 129|0x0000000088100000, 0x0000000088200000, 0x0000000088200000|100%| O|  |TAMS 0x0000000088200000, 0x0000000088100000| Untracked 
| 130|0x0000000088200000, 0x0000000088300000, 0x0000000088300000|100%| O|  |TAMS 0x0000000088300000, 0x0000000088200000| Untracked 
| 131|0x0000000088300000, 0x0000000088400000, 0x0000000088400000|100%| O|  |TAMS 0x0000000088400000, 0x0000000088300000| Updating 
| 132|0x0000000088400000, 0x0000000088500000, 0x0000000088500000|100%| O|  |TAMS 0x0000000088500000, 0x0000000088400000| Updating 
| 133|0x0000000088500000, 0x0000000088600000, 0x0000000088600000|100%| O|  |TAMS 0x0000000088600000, 0x0000000088500000| Updating 
| 134|0x0000000088600000, 0x0000000088700000, 0x0000000088700000|100%| O|  |TAMS 0x0000000088700000, 0x0000000088600000| Updating 
| 135|0x0000000088700000, 0x0000000088800000, 0x0000000088800000|100%| O|  |TAMS 0x0000000088800000, 0x0000000088700000| Untracked 
| 136|0x0000000088800000, 0x0000000088900000, 0x0000000088900000|100%| O|  |TAMS 0x0000000088900000, 0x0000000088800000| Untracked 
| 137|0x0000000088900000, 0x0000000088a00000, 0x0000000088a00000|100%| O|  |TAMS 0x0000000088a00000, 0x0000000088900000| Untracked 
| 138|0x0000000088a00000, 0x0000000088b00000, 0x0000000088b00000|100%| O|  |TAMS 0x0000000088b00000, 0x0000000088a00000| Untracked 
| 139|0x0000000088b00000, 0x0000000088c00000, 0x0000000088c00000|100%| O|  |TAMS 0x0000000088c00000, 0x0000000088b00000| Updating 
| 140|0x0000000088c00000, 0x0000000088d00000, 0x0000000088d00000|100%| O|  |TAMS 0x0000000088d00000, 0x0000000088c00000| Updating 
| 141|0x0000000088d00000, 0x0000000088e00000, 0x0000000088e00000|100%| O|  |TAMS 0x0000000088e00000, 0x0000000088d00000| Untracked 
| 142|0x0000000088e00000, 0x0000000088f00000, 0x0000000088f00000|100%| O|  |TAMS 0x0000000088f00000, 0x0000000088e00000| Untracked 
| 143|0x0000000088f00000, 0x0000000089000000, 0x0000000089000000|100%| O|  |TAMS 0x0000000089000000, 0x0000000088f00000| Untracked 
| 144|0x0000000089000000, 0x0000000089100000, 0x0000000089100000|100%| O|  |TAMS 0x0000000089100000, 0x0000000089000000| Updating 
| 145|0x0000000089100000, 0x0000000089200000, 0x0000000089200000|100%| O|  |TAMS 0x0000000089200000, 0x0000000089100000| Untracked 
| 146|0x0000000089200000, 0x0000000089300000, 0x0000000089300000|100%| O|  |TAMS 0x0000000089300000, 0x0000000089200000| Untracked 
| 147|0x0000000089300000, 0x0000000089400000, 0x0000000089400000|100%| O|  |TAMS 0x0000000089400000, 0x0000000089300000| Untracked 
| 148|0x0000000089400000, 0x0000000089500000, 0x0000000089500000|100%| O|  |TAMS 0x0000000089500000, 0x0000000089400000| Untracked 
| 149|0x0000000089500000, 0x0000000089600000, 0x0000000089600000|100%| O|  |TAMS 0x0000000089600000, 0x0000000089500000| Untracked 
| 150|0x0000000089600000, 0x0000000089700000, 0x0000000089700000|100%| O|  |TAMS 0x0000000089700000, 0x0000000089600000| Updating 
| 151|0x0000000089700000, 0x0000000089800000, 0x0000000089800000|100%| O|  |TAMS 0x0000000089800000, 0x0000000089700000| Untracked 
| 152|0x0000000089800000, 0x0000000089900000, 0x0000000089900000|100%| O|  |TAMS 0x0000000089900000, 0x0000000089800000| Untracked 
| 153|0x0000000089900000, 0x0000000089a00000, 0x0000000089a00000|100%| O|  |TAMS 0x0000000089a00000, 0x0000000089900000| Untracked 
| 154|0x0000000089a00000, 0x0000000089b00000, 0x0000000089b00000|100%| O|  |TAMS 0x0000000089b00000, 0x0000000089a00000| Untracked 
| 155|0x0000000089b00000, 0x0000000089c00000, 0x0000000089c00000|100%| O|  |TAMS 0x0000000089b7b800, 0x0000000089b00000| Untracked 
| 156|0x0000000089c00000, 0x0000000089d00000, 0x0000000089d00000|100%| O|  |TAMS 0x0000000089c00000, 0x0000000089c00000| Untracked 
| 157|0x0000000089d00000, 0x0000000089e00000, 0x0000000089e00000|100%| O|  |TAMS 0x0000000089d00000, 0x0000000089d00000| Untracked 
| 158|0x0000000089e00000, 0x0000000089f00000, 0x0000000089f00000|100%| O|  |TAMS 0x0000000089e00000, 0x0000000089e00000| Untracked 
| 159|0x0000000089f00000, 0x000000008a000000, 0x000000008a000000|100%| O|  |TAMS 0x0000000089f00000, 0x0000000089f00000| Untracked 
| 160|0x000000008a000000, 0x000000008a100000, 0x000000008a100000|100%| O|  |TAMS 0x000000008a000000, 0x000000008a000000| Untracked 
| 161|0x000000008a100000, 0x000000008a164200, 0x000000008a200000| 39%| O|  |TAMS 0x000000008a100000, 0x000000008a100000| Updating 
| 162|0x000000008a200000, 0x000000008a200000, 0x000000008a300000|  0%| F|  |TAMS 0x000000008a200000, 0x000000008a200000| Untracked 
| 163|0x000000008a300000, 0x000000008a300000, 0x000000008a400000|  0%| F|  |TAMS 0x000000008a300000, 0x000000008a300000| Untracked 
| 164|0x000000008a400000, 0x000000008a400000, 0x000000008a500000|  0%| F|  |TAMS 0x000000008a400000, 0x000000008a400000| Untracked 
| 165|0x000000008a500000, 0x000000008a500000, 0x000000008a600000|  0%| F|  |TAMS 0x000000008a500000, 0x000000008a500000| Untracked 
| 166|0x000000008a600000, 0x000000008a600000, 0x000000008a700000|  0%| F|  |TAMS 0x000000008a600000, 0x000000008a600000| Untracked 
| 167|0x000000008a700000, 0x000000008a700000, 0x000000008a800000|  0%| F|  |TAMS 0x000000008a700000, 0x000000008a700000| Untracked 
| 168|0x000000008a800000, 0x000000008a800000, 0x000000008a900000|  0%| F|  |TAMS 0x000000008a800000, 0x000000008a800000| Untracked 
| 169|0x000000008a900000, 0x000000008a900000, 0x000000008aa00000|  0%| F|  |TAMS 0x000000008a900000, 0x000000008a900000| Untracked 
| 170|0x000000008aa00000, 0x000000008aa00000, 0x000000008ab00000|  0%| F|  |TAMS 0x000000008aa00000, 0x000000008aa00000| Untracked 
| 171|0x000000008ab00000, 0x000000008ab00000, 0x000000008ac00000|  0%| F|  |TAMS 0x000000008ab00000, 0x000000008ab00000| Untracked 
| 172|0x000000008ac00000, 0x000000008ac00000, 0x000000008ad00000|  0%| F|  |TAMS 0x000000008ac00000, 0x000000008ac00000| Untracked 
| 173|0x000000008ad00000, 0x000000008ad00000, 0x000000008ae00000|  0%| F|  |TAMS 0x000000008ad00000, 0x000000008ad00000| Untracked 
| 174|0x000000008ae00000, 0x000000008ae00000, 0x000000008af00000|  0%| F|  |TAMS 0x000000008ae00000, 0x000000008ae00000| Untracked 
| 175|0x000000008af00000, 0x000000008af00000, 0x000000008b000000|  0%| F|  |TAMS 0x000000008af00000, 0x000000008af00000| Untracked 
| 176|0x000000008b000000, 0x000000008b000000, 0x000000008b100000|  0%| F|  |TAMS 0x000000008b000000, 0x000000008b000000| Untracked 
| 177|0x000000008b100000, 0x000000008b100000, 0x000000008b200000|  0%| F|  |TAMS 0x000000008b100000, 0x000000008b100000| Untracked 
| 178|0x000000008b200000, 0x000000008b200000, 0x000000008b300000|  0%| F|  |TAMS 0x000000008b200000, 0x000000008b200000| Untracked 
| 179|0x000000008b300000, 0x000000008b300000, 0x000000008b400000|  0%| F|  |TAMS 0x000000008b300000, 0x000000008b300000| Untracked 
| 180|0x000000008b400000, 0x000000008b400000, 0x000000008b500000|  0%| F|  |TAMS 0x000000008b400000, 0x000000008b400000| Untracked 
| 181|0x000000008b500000, 0x000000008b500000, 0x000000008b600000|  0%| F|  |TAMS 0x000000008b500000, 0x000000008b500000| Untracked 
| 182|0x000000008b600000, 0x000000008b600000, 0x000000008b700000|  0%| F|  |TAMS 0x000000008b600000, 0x000000008b600000| Untracked 
| 183|0x000000008b700000, 0x000000008b700000, 0x000000008b800000|  0%| F|  |TAMS 0x000000008b700000, 0x000000008b700000| Untracked 
| 184|0x000000008b800000, 0x000000008b800000, 0x000000008b900000|  0%| F|  |TAMS 0x000000008b800000, 0x000000008b800000| Untracked 
| 185|0x000000008b900000, 0x000000008b900000, 0x000000008ba00000|  0%| F|  |TAMS 0x000000008b900000, 0x000000008b900000| Untracked 
| 186|0x000000008ba00000, 0x000000008ba00000, 0x000000008bb00000|  0%| F|  |TAMS 0x000000008ba00000, 0x000000008ba00000| Untracked 
| 187|0x000000008bb00000, 0x000000008bb00000, 0x000000008bc00000|  0%| F|  |TAMS 0x000000008bb00000, 0x000000008bb00000| Untracked 
| 188|0x000000008bc00000, 0x000000008bd00000, 0x000000008bd00000|100%| S|CS|TAMS 0x000000008bc00000, 0x000000008bc00000| Complete 
| 189|0x000000008bd00000, 0x000000008be00000, 0x000000008be00000|100%| S|CS|TAMS 0x000000008bd00000, 0x000000008bd00000| Complete 
| 190|0x000000008be00000, 0x000000008bf00000, 0x000000008bf00000|100%| S|CS|TAMS 0x000000008be00000, 0x000000008be00000| Complete 
| 191|0x000000008bf00000, 0x000000008bf00000, 0x000000008c000000|  0%| F|  |TAMS 0x000000008bf00000, 0x000000008bf00000| Untracked 
| 192|0x000000008c000000, 0x000000008c000000, 0x000000008c100000|  0%| F|  |TAMS 0x000000008c000000, 0x000000008c000000| Untracked 
| 193|0x000000008c100000, 0x000000008c100000, 0x000000008c200000|  0%| F|  |TAMS 0x000000008c100000, 0x000000008c100000| Untracked 
| 194|0x000000008c200000, 0x000000008c200000, 0x000000008c300000|  0%| F|  |TAMS 0x000000008c200000, 0x000000008c200000| Untracked 
| 195|0x000000008c300000, 0x000000008c300000, 0x000000008c400000|  0%| F|  |TAMS 0x000000008c300000, 0x000000008c300000| Untracked 
| 196|0x000000008c400000, 0x000000008c400000, 0x000000008c500000|  0%| F|  |TAMS 0x000000008c400000, 0x000000008c400000| Untracked 
| 197|0x000000008c500000, 0x000000008c500000, 0x000000008c600000|  0%| F|  |TAMS 0x000000008c500000, 0x000000008c500000| Untracked 
| 198|0x000000008c600000, 0x000000008c600000, 0x000000008c700000|  0%| F|  |TAMS 0x000000008c600000, 0x000000008c600000| Untracked 
| 199|0x000000008c700000, 0x000000008c700000, 0x000000008c800000|  0%| F|  |TAMS 0x000000008c700000, 0x000000008c700000| Untracked 
| 200|0x000000008c800000, 0x000000008c800000, 0x000000008c900000|  0%| F|  |TAMS 0x000000008c800000, 0x000000008c800000| Untracked 
| 201|0x000000008c900000, 0x000000008c900000, 0x000000008ca00000|  0%| F|  |TAMS 0x000000008c900000, 0x000000008c900000| Untracked 
| 202|0x000000008ca00000, 0x000000008ca00000, 0x000000008cb00000|  0%| F|  |TAMS 0x000000008ca00000, 0x000000008ca00000| Untracked 
| 203|0x000000008cb00000, 0x000000008cb00000, 0x000000008cc00000|  0%| F|  |TAMS 0x000000008cb00000, 0x000000008cb00000| Untracked 
| 204|0x000000008cc00000, 0x000000008cc00000, 0x000000008cd00000|  0%| F|  |TAMS 0x000000008cc00000, 0x000000008cc00000| Untracked 
| 205|0x000000008cd00000, 0x000000008cd00000, 0x000000008ce00000|  0%| F|  |TAMS 0x000000008cd00000, 0x000000008cd00000| Untracked 
| 206|0x000000008ce00000, 0x000000008ce00000, 0x000000008cf00000|  0%| F|  |TAMS 0x000000008ce00000, 0x000000008ce00000| Untracked 
| 207|0x000000008cf00000, 0x000000008cf00000, 0x000000008d000000|  0%| F|  |TAMS 0x000000008cf00000, 0x000000008cf00000| Untracked 
| 208|0x000000008d000000, 0x000000008d0cfa30, 0x000000008d100000| 81%| E|  |TAMS 0x000000008d000000, 0x000000008d000000| Complete 
| 209|0x000000008d100000, 0x000000008d200000, 0x000000008d200000|100%| E|CS|TAMS 0x000000008d100000, 0x000000008d100000| Complete 
| 210|0x000000008d200000, 0x000000008d200000, 0x000000008d300000|  0%| F|  |TAMS 0x000000008d200000, 0x000000008d200000| Untracked 
| 211|0x000000008d300000, 0x000000008d300000, 0x000000008d400000|  0%| F|  |TAMS 0x000000008d300000, 0x000000008d300000| Untracked 
| 212|0x000000008d400000, 0x000000008d400000, 0x000000008d500000|  0%| F|  |TAMS 0x000000008d400000, 0x000000008d400000| Untracked 
| 213|0x000000008d500000, 0x000000008d500000, 0x000000008d600000|  0%| F|  |TAMS 0x000000008d500000, 0x000000008d500000| Untracked 
| 214|0x000000008d600000, 0x000000008d600000, 0x000000008d700000|  0%| F|  |TAMS 0x000000008d600000, 0x000000008d600000| Untracked 
| 215|0x000000008d700000, 0x000000008d700000, 0x000000008d800000|  0%| F|  |TAMS 0x000000008d700000, 0x000000008d700000| Untracked 
| 216|0x000000008d800000, 0x000000008d800000, 0x000000008d900000|  0%| F|  |TAMS 0x000000008d800000, 0x000000008d800000| Untracked 
| 217|0x000000008d900000, 0x000000008d900000, 0x000000008da00000|  0%| F|  |TAMS 0x000000008d900000, 0x000000008d900000| Untracked 
| 218|0x000000008da00000, 0x000000008da00000, 0x000000008db00000|  0%| F|  |TAMS 0x000000008da00000, 0x000000008da00000| Untracked 
| 219|0x000000008db00000, 0x000000008db00000, 0x000000008dc00000|  0%| F|  |TAMS 0x000000008db00000, 0x000000008db00000| Untracked 
| 220|0x000000008dc00000, 0x000000008dc00000, 0x000000008dd00000|  0%| F|  |TAMS 0x000000008dc00000, 0x000000008dc00000| Untracked 
| 221|0x000000008dd00000, 0x000000008dd00000, 0x000000008de00000|  0%| F|  |TAMS 0x000000008dd00000, 0x000000008dd00000| Untracked 
| 222|0x000000008de00000, 0x000000008de00000, 0x000000008df00000|  0%| F|  |TAMS 0x000000008de00000, 0x000000008de00000| Untracked 
| 223|0x000000008df00000, 0x000000008df00000, 0x000000008e000000|  0%| F|  |TAMS 0x000000008df00000, 0x000000008df00000| Untracked 
| 224|0x000000008e000000, 0x000000008e000000, 0x000000008e100000|  0%| F|  |TAMS 0x000000008e000000, 0x000000008e000000| Untracked 
| 225|0x000000008e100000, 0x000000008e100000, 0x000000008e200000|  0%| F|  |TAMS 0x000000008e100000, 0x000000008e100000| Untracked 
| 226|0x000000008e200000, 0x000000008e200000, 0x000000008e300000|  0%| F|  |TAMS 0x000000008e200000, 0x000000008e200000| Untracked 
| 227|0x000000008e300000, 0x000000008e300000, 0x000000008e400000|  0%| F|  |TAMS 0x000000008e300000, 0x000000008e300000| Untracked 
| 228|0x000000008e400000, 0x000000008e400000, 0x000000008e500000|  0%| F|  |TAMS 0x000000008e400000, 0x000000008e400000| Untracked 
| 229|0x000000008e500000, 0x000000008e500000, 0x000000008e600000|  0%| F|  |TAMS 0x000000008e500000, 0x000000008e500000| Untracked 
| 230|0x000000008e600000, 0x000000008e600000, 0x000000008e700000|  0%| F|  |TAMS 0x000000008e600000, 0x000000008e600000| Untracked 
| 231|0x000000008e700000, 0x000000008e700000, 0x000000008e800000|  0%| F|  |TAMS 0x000000008e700000, 0x000000008e700000| Untracked 
| 232|0x000000008e800000, 0x000000008e800000, 0x000000008e900000|  0%| F|  |TAMS 0x000000008e800000, 0x000000008e800000| Untracked 
| 233|0x000000008e900000, 0x000000008e900000, 0x000000008ea00000|  0%| F|  |TAMS 0x000000008e900000, 0x000000008e900000| Untracked 
| 234|0x000000008ea00000, 0x000000008ea00000, 0x000000008eb00000|  0%| F|  |TAMS 0x000000008ea00000, 0x000000008ea00000| Untracked 
| 235|0x000000008eb00000, 0x000000008eb00000, 0x000000008ec00000|  0%| F|  |TAMS 0x000000008eb00000, 0x000000008eb00000| Untracked 
| 236|0x000000008ec00000, 0x000000008ec00000, 0x000000008ed00000|  0%| F|  |TAMS 0x000000008ec00000, 0x000000008ec00000| Untracked 
| 237|0x000000008ed00000, 0x000000008ed00000, 0x000000008ee00000|  0%| F|  |TAMS 0x000000008ed00000, 0x000000008ed00000| Untracked 
| 238|0x000000008ee00000, 0x000000008ee00000, 0x000000008ef00000|  0%| F|  |TAMS 0x000000008ee00000, 0x000000008ee00000| Untracked 
| 239|0x000000008ef00000, 0x000000008ef00000, 0x000000008f000000|  0%| F|  |TAMS 0x000000008ef00000, 0x000000008ef00000| Untracked 
| 240|0x000000008f000000, 0x000000008f000000, 0x000000008f100000|  0%| F|  |TAMS 0x000000008f000000, 0x000000008f000000| Untracked 
| 241|0x000000008f100000, 0x000000008f100000, 0x000000008f200000|  0%| F|  |TAMS 0x000000008f100000, 0x000000008f100000| Untracked 
| 242|0x000000008f200000, 0x000000008f200000, 0x000000008f300000|  0%| F|  |TAMS 0x000000008f200000, 0x000000008f200000| Untracked 
| 243|0x000000008f300000, 0x000000008f300000, 0x000000008f400000|  0%| F|  |TAMS 0x000000008f300000, 0x000000008f300000| Untracked 
| 244|0x000000008f400000, 0x000000008f400000, 0x000000008f500000|  0%| F|  |TAMS 0x000000008f400000, 0x000000008f400000| Untracked 
| 245|0x000000008f500000, 0x000000008f500000, 0x000000008f600000|  0%| F|  |TAMS 0x000000008f500000, 0x000000008f500000| Untracked 
| 246|0x000000008f600000, 0x000000008f600000, 0x000000008f700000|  0%| F|  |TAMS 0x000000008f600000, 0x000000008f600000| Untracked 
| 247|0x000000008f700000, 0x000000008f700000, 0x000000008f800000|  0%| F|  |TAMS 0x000000008f700000, 0x000000008f700000| Untracked 
| 248|0x000000008f800000, 0x000000008f800000, 0x000000008f900000|  0%| F|  |TAMS 0x000000008f800000, 0x000000008f800000| Untracked 
| 249|0x000000008f900000, 0x000000008f900000, 0x000000008fa00000|  0%| F|  |TAMS 0x000000008f900000, 0x000000008f900000| Untracked 
| 250|0x000000008fa00000, 0x000000008fa00000, 0x000000008fb00000|  0%| F|  |TAMS 0x000000008fa00000, 0x000000008fa00000| Untracked 
| 251|0x000000008fb00000, 0x000000008fc00000, 0x000000008fc00000|100%| E|CS|TAMS 0x000000008fb00000, 0x000000008fb00000| Complete 

Card table byte_map: [0x00000209193d0000,0x00000209197d0000] _byte_map_base: 0x0000020918fd0000

Marking Bits (Prev, Next): (CMBitMap*) 0x0000020902463a20, (CMBitMap*) 0x0000020902463a60
 Prev Bits: [0x0000020919bd0000, 0x000002091bbd0000)
 Next Bits: [0x000002091bbd0000, 0x000002091dbd0000)

Polling page: 0x0000020900400000

Metaspace:

Usage:
  Non-class:     81.15 MB used.
      Class:     13.04 MB used.
       Both:     94.20 MB used.

Virtual space:
  Non-class space:      128.00 MB reserved,      81.62 MB ( 64%) committed,  2 nodes.
      Class space:      416.00 MB reserved,      13.50 MB (  3%) committed,  1 nodes.
             Both:      544.00 MB reserved,      95.12 MB ( 17%) committed. 

Chunk freelists:
   Non-Class:  13.61 MB
       Class:  2.44 MB
        Both:  16.05 MB

MaxMetaspaceSize: 512.00 MB
CompressedClassSpaceSize: 416.00 MB
Initial GC threshold: 21.00 MB
Current GC threshold: 112.00 MB
CDS: on
MetaspaceReclaimPolicy: balanced
 - commit_granule_bytes: 65536.
 - commit_granule_words: 8192.
 - virtual_space_node_default_size: 8388608.
 - enlarge_chunks_in_place: 1.
 - new_chunks_are_fully_committed: 0.
 - uncommit_free_chunks: 1.
 - use_allocation_guard: 0.
 - handle_deallocations: 1.


Internal statistics:

num_allocs_failed_limit: 6.
num_arena_births: 1182.
num_arena_deaths: 0.
num_vsnodes_births: 3.
num_vsnodes_deaths: 0.
num_space_committed: 1522.
num_space_uncommitted: 0.
num_chunks_returned_to_freelist: 6.
num_chunks_taken_from_freelist: 5365.
num_chunk_merges: 6.
num_chunk_splits: 3545.
num_chunks_enlarged: 2364.
num_inconsistent_stats: 0.

CodeHeap 'non-profiled nmethods': size=120000Kb used=8065Kb max_used=8065Kb free=111935Kb
 bounds [0x0000020911770000, 0x0000020911f60000, 0x0000020918ca0000]
CodeHeap 'profiled nmethods': size=120000Kb used=24228Kb max_used=24228Kb free=95771Kb
 bounds [0x0000020909ca0000, 0x000002090b450000, 0x00000209111d0000]
CodeHeap 'non-nmethods': size=5760Kb used=2405Kb max_used=2517Kb free=3354Kb
 bounds [0x00000209111d0000, 0x0000020911460000, 0x0000020911770000]
 total_blobs=12861 nmethods=11921 adapters=849
 compilation: enabled
              stopped_count=0, restarted_count=0
 full_count=0

Compilation events (20 events):
Event: 64.125 Thread 0x000002092064eed0 13325       3       org.gradle.api.internal.DelegatingDomainObjectSet::matching (11 bytes)
Event: 64.125 Thread 0x000002092064eed0 nmethod 13325 0x000002090b448190 code [0x000002090b448340, 0x000002090b448508]
Event: 64.167 Thread 0x000002092064c410 nmethod 13261 0x0000020911f40010 code [0x0000020911f402e0, 0x0000020911f42080]
Event: 64.167 Thread 0x000002092064c410 13317       4       jdk.internal.loader.AbstractClassLoaderValue$Sub::hashCode (19 bytes)
Event: 64.170 Thread 0x000002092064c410 nmethod 13317 0x0000020911f43310 code [0x0000020911f434c0, 0x0000020911f43658]
Event: 64.170 Thread 0x000002092064c410 13299       4       com.google.common.collect.RegularImmutableList::internalArrayEnd (6 bytes)
Event: 64.170 Thread 0x000002092064c410 nmethod 13299 0x0000020911f43790 code [0x0000020911f43900, 0x0000020911f43998]
Event: 64.170 Thread 0x000002092064c410 13296       4       org.gradle.api.internal.tasks.DefaultTaskDependency::<init> (10 bytes)
Event: 64.175 Thread 0x000002092064c410 nmethod 13296 0x0000020911f43a90 code [0x0000020911f43c00, 0x0000020911f43fb8]
Event: 64.191 Thread 0x00000209471014c0 nmethod 13305 0x0000020911f44090 code [0x0000020911f443c0, 0x0000020911f465a0]
Event: 64.242 Thread 0x00000209471014c0 13327   !   4       org.gradle.internal.classloader.CachingClassLoader::loadClass (85 bytes)
Event: 64.242 Thread 0x000002092064c410 13328       4       com.google.common.collect.MapMakerInternalMap::get (23 bytes)
Event: 64.306 Thread 0x000002092064c410 nmethod 13328 0x0000020911f47290 code [0x0000020911f47520, 0x0000020911f48f60]
Event: 64.306 Thread 0x000002092064c410 13329   !   4       com.google.common.collect.MapMakerInternalMap$Segment::get (58 bytes)
Event: 64.351 Thread 0x00000209471014c0 nmethod 13327 0x0000020911f49f10 code [0x0000020911f4a200, 0x0000020911f4c548]
Event: 64.380 Thread 0x000002092064c410 nmethod 13329 0x0000020911f4da90 code [0x0000020911f4dd00, 0x0000020911f4f600]
Event: 64.380 Thread 0x000002092064eed0 13330       3       kotlin.collections.CharIterator::next (8 bytes)
Event: 64.381 Thread 0x000002092064eed0 nmethod 13330 0x000002090b448610 code [0x000002090b4487e0, 0x000002090b448b28]
Event: 64.381 Thread 0x000002092064eed0 13331       3       kotlin.ranges.CharProgressionIterator::nextChar (52 bytes)
Event: 64.381 Thread 0x000002092064eed0 nmethod 13331 0x000002090b448c90 code [0x000002090b448e40, 0x000002090b4490c8]

GC Heap History (20 events):
Event: 53.847 GC heap before
{Heap before GC invocations=37 (full 0):
 garbage-first heap   total 216064K, used 170379K [0x0000000080000000, 0x0000000100000000)
  region size 1024K, 81 young (82944K), 8 survivors (8192K)
 Metaspace       used 83368K, committed 84224K, reserved 557056K
  class space    used 11632K, committed 12032K, reserved 425984K
}
Event: 53.862 GC heap after
{Heap after GC invocations=38 (full 0):
 garbage-first heap   total 216064K, used 109693K [0x0000000080000000, 0x0000000100000000)
  region size 1024K, 11 young (11264K), 11 survivors (11264K)
 Metaspace       used 83368K, committed 84224K, reserved 557056K
  class space    used 11632K, committed 12032K, reserved 425984K
}
Event: 55.994 GC heap before
{Heap before GC invocations=38 (full 0):
 garbage-first heap   total 216064K, used 173181K [0x0000000080000000, 0x0000000100000000)
  region size 1024K, 66 young (67584K), 11 survivors (11264K)
 Metaspace       used 84944K, committed 85824K, reserved 557056K
  class space    used 11816K, committed 12224K, reserved 425984K
}
Event: 56.012 GC heap after
{Heap after GC invocations=39 (full 0):
 garbage-first heap   total 216064K, used 127169K [0x0000000080000000, 0x0000000100000000)
  region size 1024K, 9 young (9216K), 9 survivors (9216K)
 Metaspace       used 84944K, committed 85824K, reserved 557056K
  class space    used 11816K, committed 12224K, reserved 425984K
}
Event: 58.793 GC heap before
{Heap before GC invocations=39 (full 0):
 garbage-first heap   total 216064K, used 174273K [0x0000000080000000, 0x0000000100000000)
  region size 1024K, 49 young (50176K), 9 survivors (9216K)
 Metaspace       used 86268K, committed 87168K, reserved 557056K
  class space    used 11993K, committed 12416K, reserved 425984K
}
Event: 58.805 GC heap after
{Heap after GC invocations=40 (full 0):
 garbage-first heap   total 216064K, used 142939K [0x0000000080000000, 0x0000000100000000)
  region size 1024K, 7 young (7168K), 7 survivors (7168K)
 Metaspace       used 86268K, committed 87168K, reserved 557056K
  class space    used 11993K, committed 12416K, reserved 425984K
}
Event: 59.628 GC heap before
{Heap before GC invocations=40 (full 0):
 garbage-first heap   total 216064K, used 174683K [0x0000000080000000, 0x0000000100000000)
  region size 1024K, 38 young (38912K), 7 survivors (7168K)
 Metaspace       used 88926K, committed 89856K, reserved 557056K
  class space    used 12334K, committed 12800K, reserved 425984K
}
Event: 59.638 GC heap after
{Heap after GC invocations=41 (full 0):
 garbage-first heap   total 216064K, used 147608K [0x0000000080000000, 0x0000000100000000)
  region size 1024K, 4 young (4096K), 4 survivors (4096K)
 Metaspace       used 88926K, committed 89856K, reserved 557056K
  class space    used 12334K, committed 12800K, reserved 425984K
}
Event: 60.496 GC heap before
{Heap before GC invocations=41 (full 0):
 garbage-first heap   total 216064K, used 177304K [0x0000000080000000, 0x0000000100000000)
  region size 1024K, 33 young (33792K), 4 survivors (4096K)
 Metaspace       used 89531K, committed 90432K, reserved 557056K
  class space    used 12433K, committed 12864K, reserved 425984K
}
Event: 60.510 GC heap after
{Heap after GC invocations=42 (full 0):
 garbage-first heap   total 216064K, used 153554K [0x0000000080000000, 0x0000000100000000)
  region size 1024K, 5 young (5120K), 5 survivors (5120K)
 Metaspace       used 89531K, committed 90432K, reserved 557056K
  class space    used 12433K, committed 12864K, reserved 425984K
}
Event: 61.238 GC heap before
{Heap before GC invocations=42 (full 0):
 garbage-first heap   total 216064K, used 178130K [0x0000000080000000, 0x0000000100000000)
  region size 1024K, 30 young (30720K), 5 survivors (5120K)
 Metaspace       used 91066K, committed 92032K, reserved 557056K
  class space    used 12668K, committed 13120K, reserved 425984K
}
Event: 61.246 GC heap after
{Heap after GC invocations=43 (full 0):
 garbage-first heap   total 216064K, used 155768K [0x0000000080000000, 0x0000000100000000)
  region size 1024K, 2 young (2048K), 2 survivors (2048K)
 Metaspace       used 91066K, committed 92032K, reserved 557056K
  class space    used 12668K, committed 13120K, reserved 425984K
}
Event: 61.752 GC heap before
{Heap before GC invocations=43 (full 0):
 garbage-first heap   total 216064K, used 180344K [0x0000000080000000, 0x0000000100000000)
  region size 1024K, 26 young (26624K), 2 survivors (2048K)
 Metaspace       used 92448K, committed 93376K, reserved 557056K
  class space    used 12858K, committed 13312K, reserved 425984K
}
Event: 61.757 GC heap after
{Heap after GC invocations=44 (full 0):
 garbage-first heap   total 216064K, used 156777K [0x0000000080000000, 0x0000000100000000)
  region size 1024K, 3 young (3072K), 3 survivors (3072K)
 Metaspace       used 92448K, committed 93376K, reserved 557056K
  class space    used 12858K, committed 13312K, reserved 425984K
}
Event: 62.573 GC heap before
{Heap before GC invocations=44 (full 0):
 garbage-first heap   total 216064K, used 182377K [0x0000000080000000, 0x0000000100000000)
  region size 1024K, 28 young (28672K), 3 survivors (3072K)
 Metaspace       used 94328K, committed 95296K, reserved 557056K
  class space    used 13099K, committed 13568K, reserved 425984K
}
Event: 62.579 GC heap after
{Heap after GC invocations=45 (full 0):
 garbage-first heap   total 216064K, used 159272K [0x0000000080000000, 0x0000000100000000)
  region size 1024K, 4 young (4096K), 4 survivors (4096K)
 Metaspace       used 94328K, committed 95296K, reserved 557056K
  class space    used 13099K, committed 13568K, reserved 425984K
}
Event: 63.302 GC heap before
{Heap before GC invocations=45 (full 0):
 garbage-first heap   total 216064K, used 183848K [0x0000000080000000, 0x0000000100000000)
  region size 1024K, 28 young (28672K), 4 survivors (4096K)
 Metaspace       used 95197K, committed 96128K, reserved 557056K
  class space    used 13223K, committed 13696K, reserved 425984K
}
Event: 63.311 GC heap after
{Heap after GC invocations=46 (full 0):
 garbage-first heap   total 216064K, used 163310K [0x0000000080000000, 0x0000000100000000)
  region size 1024K, 4 young (4096K), 4 survivors (4096K)
 Metaspace       used 95197K, committed 96128K, reserved 557056K
  class space    used 13223K, committed 13696K, reserved 425984K
}
Event: 64.136 GC heap before
{Heap before GC invocations=46 (full 0):
 garbage-first heap   total 216064K, used 183790K [0x0000000080000000, 0x0000000100000000)
  region size 1024K, 24 young (24576K), 4 survivors (4096K)
 Metaspace       used 96138K, committed 97088K, reserved 557056K
  class space    used 13323K, committed 13824K, reserved 425984K
}
Event: 64.148 GC heap after
{Heap after GC invocations=47 (full 0):
 garbage-first heap   total 216064K, used 168336K [0x0000000080000000, 0x0000000100000000)
  region size 1024K, 3 young (3072K), 3 survivors (3072K)
 Metaspace       used 96138K, committed 97088K, reserved 557056K
  class space    used 13323K, committed 13824K, reserved 425984K
}

Deoptimization events (20 events):
Event: 63.237 Thread 0x00000209437f3380 Uncommon trap: trap_request=0xffffff76 fr.pc=0x0000020911efc328 relative=0x00000000000003e8
Event: 63.237 Thread 0x00000209437f3380 Uncommon trap: reason=predicate action=maybe_recompile pc=0x0000020911efc328 method=java.util.AbstractCollection.toArray([Ljava/lang/Object;)[Ljava/lang/Object; @ 43 c2
Event: 63.237 Thread 0x00000209437f3380 DEOPT PACKING pc=0x0000020911efc328 sp=0x0000008d874f86e0
Event: 63.237 Thread 0x00000209437f3380 DEOPT UNPACKING pc=0x00000209112223a3 sp=0x0000008d874f8678 mode 2
Event: 63.862 Thread 0x00000209437f3380 Uncommon trap: trap_request=0xffffffd6 fr.pc=0x0000020911f19064 relative=0x00000000000003a4
Event: 63.862 Thread 0x00000209437f3380 Uncommon trap: reason=array_check action=maybe_recompile pc=0x0000020911f19064 method=java.util.AbstractCollection.toArray([Ljava/lang/Object;)[Ljava/lang/Object; @ 116 c2
Event: 63.862 Thread 0x00000209437f3380 DEOPT PACKING pc=0x0000020911f19064 sp=0x0000008d874f8830
Event: 63.862 Thread 0x00000209437f3380 DEOPT UNPACKING pc=0x00000209112223a3 sp=0x0000008d874f87d0 mode 2
Event: 63.882 Thread 0x00000209437f3380 Uncommon trap: trap_request=0xffffffd6 fr.pc=0x0000020911f19064 relative=0x00000000000003a4
Event: 63.882 Thread 0x00000209437f3380 Uncommon trap: reason=array_check action=maybe_recompile pc=0x0000020911f19064 method=java.util.AbstractCollection.toArray([Ljava/lang/Object;)[Ljava/lang/Object; @ 116 c2
Event: 63.882 Thread 0x00000209437f3380 DEOPT PACKING pc=0x0000020911f19064 sp=0x0000008d874f8830
Event: 63.882 Thread 0x00000209437f3380 DEOPT UNPACKING pc=0x00000209112223a3 sp=0x0000008d874f87d0 mode 2
Event: 63.923 Thread 0x00000209437f3380 Uncommon trap: trap_request=0xffffffd6 fr.pc=0x0000020911f19064 relative=0x00000000000003a4
Event: 63.923 Thread 0x00000209437f3380 Uncommon trap: reason=array_check action=maybe_recompile pc=0x0000020911f19064 method=java.util.AbstractCollection.toArray([Ljava/lang/Object;)[Ljava/lang/Object; @ 116 c2
Event: 63.923 Thread 0x00000209437f3380 DEOPT PACKING pc=0x0000020911f19064 sp=0x0000008d874f8720
Event: 63.923 Thread 0x00000209437f3380 DEOPT UNPACKING pc=0x00000209112223a3 sp=0x0000008d874f86c0 mode 2
Event: 63.923 Thread 0x00000209437f3380 Uncommon trap: trap_request=0xffffffd6 fr.pc=0x0000020911f19064 relative=0x00000000000003a4
Event: 63.923 Thread 0x00000209437f3380 Uncommon trap: reason=array_check action=maybe_recompile pc=0x0000020911f19064 method=java.util.AbstractCollection.toArray([Ljava/lang/Object;)[Ljava/lang/Object; @ 116 c2
Event: 63.923 Thread 0x00000209437f3380 DEOPT PACKING pc=0x0000020911f19064 sp=0x0000008d874f8720
Event: 63.923 Thread 0x00000209437f3380 DEOPT UNPACKING pc=0x00000209112223a3 sp=0x0000008d874f86c0 mode 2

Classes unloaded (0 events):
No events

Classes redefined (0 events):
No events

Internal exceptions (20 events):
Event: 59.703 Thread 0x0000020940f5c750 Exception <a 'java/lang/ClassNotFoundException'{0x000000008d02f638}: build_eqtz0sv90ye8tle21n9gxtt6b$_run_closure1$_closure4BeanInfo> (0x000000008d02f638) 
thrown [s\open\src\hotspot\share\classfile\systemDictionary.cpp, line 256]
Event: 59.704 Thread 0x0000020940f5c750 Exception <a 'java/lang/ClassNotFoundException'{0x000000008d039b58}: build_eqtz0sv90ye8tle21n9gxtt6b$_run_closure1$_closure4Customizer> (0x000000008d039b58) 
thrown [s\open\src\hotspot\share\classfile\systemDictionary.cpp, line 256]
Event: 59.706 Thread 0x0000020940f5c750 Exception <a 'java/lang/ClassNotFoundException'{0x000000008d05d4c8}: build_eqtz0sv90ye8tle21n9gxtt6b$_run_closure1BeanInfo> (0x000000008d05d4c8) 
thrown [s\open\src\hotspot\share\classfile\systemDictionary.cpp, line 256]
Event: 59.707 Thread 0x0000020940f5c750 Exception <a 'java/lang/ClassNotFoundException'{0x000000008d068118}: build_eqtz0sv90ye8tle21n9gxtt6b$_run_closure1Customizer> (0x000000008d068118) 
thrown [s\open\src\hotspot\share\classfile\systemDictionary.cpp, line 256]
Event: 59.720 Thread 0x0000020940f5c750 Exception <a 'java/lang/ClassNotFoundException'{0x000000008cf9fea0}: org/gradle/api/internal/file/collections/DefaultConfigurableFileTreeBeanInfo> (0x000000008cf9fea0) 
thrown [s\open\src\hotspot\share\classfile\systemDictionary.cpp, line 256]
Event: 59.721 Thread 0x0000020940f5c750 Exception <a 'java/lang/ClassNotFoundException'{0x000000008cfb3d20}: org/gradle/api/internal/file/CompositeFileTreeBeanInfo> (0x000000008cfb3d20) 
thrown [s\open\src\hotspot\share\classfile\systemDictionary.cpp, line 256]
Event: 59.723 Thread 0x0000020940f5c750 Exception <a 'java/lang/ClassNotFoundException'{0x000000008cfc8258}: org/gradle/api/internal/file/CompositeFileCollectionBeanInfo> (0x000000008cfc8258) 
thrown [s\open\src\hotspot\share\classfile\systemDictionary.cpp, line 256]
Event: 59.724 Thread 0x0000020940f5c750 Exception <a 'java/lang/ClassNotFoundException'{0x000000008cfdd230}: org/gradle/api/internal/file/AbstractFileCollectionBeanInfo> (0x000000008cfdd230) 
thrown [s\open\src\hotspot\share\classfile\systemDictionary.cpp, line 256]
Event: 59.725 Thread 0x0000020940f5c750 Exception <a 'java/lang/ClassNotFoundException'{0x000000008cff1c88}: org/gradle/api/internal/file/AbstractFileCollectionCustomizer> (0x000000008cff1c88) 
thrown [s\open\src\hotspot\share\classfile\systemDictionary.cpp, line 256]
Event: 59.727 Thread 0x0000020940f5c750 Exception <a 'java/lang/ClassNotFoundException'{0x000000008ce18368}: org/gradle/api/internal/file/CompositeFileCollectionCustomizer> (0x000000008ce18368) 
thrown [s\open\src\hotspot\share\classfile\systemDictionary.cpp, line 256]
Event: 59.729 Thread 0x0000020940f5c750 Exception <a 'java/lang/ClassNotFoundException'{0x000000008ce34b50}: org/gradle/api/internal/file/CompositeFileTreeCustomizer> (0x000000008ce34b50) 
thrown [s\open\src\hotspot\share\classfile\systemDictionary.cpp, line 256]
Event: 59.732 Thread 0x0000020940f5c750 Exception <a 'java/lang/ClassNotFoundException'{0x000000008ce54ef8}: org/gradle/api/internal/file/collections/DefaultConfigurableFileTreeCustomizer> (0x000000008ce54ef8) 
thrown [s\open\src\hotspot\share\classfile\systemDictionary.cpp, line 256]
Event: 59.830 Thread 0x0000020940f5c750 Exception <a 'java/lang/NoClassDefFoundError'{0x000000008cc833f0}: org/jetbrains/kotlin/gradle/plugin/KotlinBasePluginWrapper> (0x000000008cc833f0) 
thrown [s\open\src\hotspot\share\oops\constantPool.cpp, line 835]
Event: 60.291 Thread 0x0000020940f5c750 Implicit null exception at 0x0000020911c76a0c to 0x0000020911c7f338
Event: 60.340 Thread 0x00000209437f3380 Exception <a 'java/lang/NoSuchMethodError'{0x000000008babd480}: 'void java.lang.invoke.DirectMethodHandle$Holder.invokeVirtual(java.lang.Object, java.lang.Object)'> (0x000000008babd480) 
thrown [s\open\src\hotspot\share\interpreter\linkResolver.cpp, line 759]
Event: 61.562 Thread 0x00000209437f3380 Implicit null exception at 0x0000020911e6bd90 to 0x0000020911e6be64
Event: 61.620 Thread 0x00000209437f3380 Implicit null exception at 0x0000020911e75f12 to 0x0000020911e75ff6
Event: 61.632 Thread 0x00000209437f3380 Implicit null exception at 0x0000020911e76f4b to 0x0000020911e7700f
Event: 61.757 Thread 0x00000209437f3380 Implicit null exception at 0x0000020911e80356 to 0x0000020911e80d48
Event: 62.439 Thread 0x00000209437f3380 Implicit null exception at 0x0000020911ea4a4b to 0x0000020911ea5668

VM Operations (20 events):
Event: 60.261 Executing VM operation: HandshakeAllThreads done
Event: 60.496 Executing VM operation: G1CollectForAllocation
Event: 60.510 Executing VM operation: G1CollectForAllocation done
Event: 61.238 Executing VM operation: G1CollectForAllocation
Event: 61.246 Executing VM operation: G1CollectForAllocation done
Event: 61.752 Executing VM operation: G1CollectForAllocation
Event: 61.757 Executing VM operation: G1CollectForAllocation done
Event: 62.360 Executing VM operation: HandshakeAllThreads
Event: 62.361 Executing VM operation: HandshakeAllThreads done
Event: 62.399 Executing VM operation: HandshakeAllThreads
Event: 62.400 Executing VM operation: HandshakeAllThreads done
Event: 62.404 Executing VM operation: HandshakeAllThreads
Event: 62.404 Executing VM operation: HandshakeAllThreads done
Event: 62.573 Executing VM operation: G1CollectForAllocation
Event: 62.579 Executing VM operation: G1CollectForAllocation done
Event: 63.302 Executing VM operation: G1CollectForAllocation
Event: 63.311 Executing VM operation: G1CollectForAllocation done
Event: 64.136 Executing VM operation: G1CollectForAllocation
Event: 64.150 Executing VM operation: G1CollectForAllocation done
Event: 64.388 Executing VM operation: G1Concurrent

Events (20 events):
Event: 56.293 Thread 0x00000209206518e0 flushing nmethod 0x000002090a2e1090
Event: 59.456 Thread 0x0000020940e049c0 Thread added: 0x0000020940e049c0
Event: 60.258 loading class java/util/AbstractList$ListItr
Event: 60.259 loading class java/util/AbstractList$ListItr done
Event: 60.321 Thread 0x0000020941f67920 Thread added: 0x0000020941f67920
Event: 61.519 loading class java/util/zip/ZipOutputStream
Event: 61.520 loading class java/util/zip/ZipOutputStream done
Event: 61.720 Thread 0x0000020940e039d0 Thread added: 0x0000020940e039d0
Event: 61.839 loading class java/lang/ExceptionInInitializerError
Event: 61.839 loading class java/lang/ExceptionInInitializerError done
Event: 62.384 loading class javax/management/InstanceAlreadyExistsException
Event: 62.384 loading class javax/management/InstanceAlreadyExistsException done
Event: 62.385 loading class javax/management/MBeanRegistrationException
Event: 62.385 loading class javax/management/MBeanRegistrationException done
Event: 62.385 loading class javax/management/NotCompliantMBeanException
Event: 62.385 loading class javax/management/NotCompliantMBeanException done
Event: 62.590 loading class java/security/cert/CertificateEncodingException
Event: 62.590 loading class java/security/cert/CertificateEncodingException done
Event: 62.872 Thread 0x0000020940e039d0 Thread exited: 0x0000020940e039d0
Event: 64.079 Thread 0x00000209471014c0 Thread added: 0x00000209471014c0


Dynamic libraries:
0x00007ff6ee5f0000 - 0x00007ff6ee600000 	C:\Program Files\Java\jdk-17\bin\java.exe
0x00007ffbd3a50000 - 0x00007ffbd3c67000 	C:\WINDOWS\SYSTEM32\ntdll.dll
0x00007ffbd1d20000 - 0x00007ffbd1de4000 	C:\WINDOWS\System32\KERNEL32.DLL
0x00007ffbd1110000 - 0x00007ffbd14b6000 	C:\WINDOWS\System32\KERNELBASE.dll
0x00007ffbd0ff0000 - 0x00007ffbd1101000 	C:\WINDOWS\System32\ucrtbase.dll
0x00007ffbc6ae0000 - 0x00007ffbc6afb000 	C:\Program Files\Java\jdk-17\bin\VCRUNTIME140.dll
0x00007ffbc83c0000 - 0x00007ffbc83d9000 	C:\Program Files\Java\jdk-17\bin\jli.dll
0x00007ffbd27e0000 - 0x00007ffbd2891000 	C:\WINDOWS\System32\ADVAPI32.dll
0x00007ffbd24f0000 - 0x00007ffbd2597000 	C:\WINDOWS\System32\msvcrt.dll
0x00007ffbd21a0000 - 0x00007ffbd2245000 	C:\WINDOWS\System32\sechost.dll
0x00007ffbd2260000 - 0x00007ffbd2377000 	C:\WINDOWS\System32\RPCRT4.dll
0x00007ffbd36a0000 - 0x00007ffbd384e000 	C:\WINDOWS\System32\USER32.dll
0x00007ffbd16f0000 - 0x00007ffbd1716000 	C:\WINDOWS\System32\win32u.dll
0x00007ffbb5160000 - 0x00007ffbb53f3000 	C:\WINDOWS\WinSxS\amd64_microsoft.windows.common-controls_6595b64144ccf1df_6.0.22621.2506_none_270c5ae97388e100\COMCTL32.dll
0x00007ffbd17a0000 - 0x00007ffbd17c9000 	C:\WINDOWS\System32\GDI32.dll
0x00007ffbd15d0000 - 0x00007ffbd16e8000 	C:\WINDOWS\System32\gdi32full.dll
0x00007ffbd14c0000 - 0x00007ffbd155a000 	C:\WINDOWS\System32\msvcp_win.dll
0x00007ffbbef60000 - 0x00007ffbbef6a000 	C:\WINDOWS\SYSTEM32\VERSION.dll
0x00007ffbd2a10000 - 0x00007ffbd2a41000 	C:\WINDOWS\System32\IMM32.DLL
0x00007ffbc8560000 - 0x00007ffbc856c000 	C:\Program Files\Java\jdk-17\bin\vcruntime140_1.dll
0x00007ffbb24e0000 - 0x00007ffbb256e000 	C:\Program Files\Java\jdk-17\bin\msvcp140.dll
0x00007ffb79b30000 - 0x00007ffb7a711000 	C:\Program Files\Java\jdk-17\bin\server\jvm.dll
0x00007ffbd2250000 - 0x00007ffbd2258000 	C:\WINDOWS\System32\PSAPI.DLL
0x00007ffb97330000 - 0x00007ffb97339000 	C:\WINDOWS\SYSTEM32\WSOCK32.dll
0x00007ffbbf440000 - 0x00007ffbbf474000 	C:\WINDOWS\SYSTEM32\WINMM.dll
0x00007ffbd28b0000 - 0x00007ffbd2921000 	C:\WINDOWS\System32\WS2_32.dll
0x00007ffbcfd80000 - 0x00007ffbcfd98000 	C:\WINDOWS\SYSTEM32\kernel.appcore.dll
0x00007ffbc8490000 - 0x00007ffbc849a000 	C:\Program Files\Java\jdk-17\bin\jimage.dll
0x00007ffbcb600000 - 0x00007ffbcb833000 	C:\WINDOWS\SYSTEM32\DBGHELP.DLL
0x00007ffbd1df0000 - 0x00007ffbd2179000 	C:\WINDOWS\System32\combase.dll
0x00007ffbd2930000 - 0x00007ffbd2a07000 	C:\WINDOWS\System32\OLEAUT32.dll
0x00007ffb91040000 - 0x00007ffb91072000 	C:\WINDOWS\SYSTEM32\dbgcore.DLL
0x00007ffbd1720000 - 0x00007ffbd179a000 	C:\WINDOWS\System32\bcryptPrimitives.dll
0x00007ffbc5180000 - 0x00007ffbc51a5000 	C:\Program Files\Java\jdk-17\bin\java.dll
0x00007ffbb19f0000 - 0x00007ffbb1ac7000 	C:\Program Files\Java\jdk-17\bin\jsvml.dll
0x00007ffbd2bf0000 - 0x00007ffbd344a000 	C:\WINDOWS\System32\SHELL32.dll
0x00007ffbcec90000 - 0x00007ffbcf586000 	C:\WINDOWS\SYSTEM32\windows.storage.dll
0x00007ffbceb50000 - 0x00007ffbcec8e000 	C:\WINDOWS\SYSTEM32\wintypes.dll
0x00007ffbd38b0000 - 0x00007ffbd39a3000 	C:\WINDOWS\System32\SHCORE.dll
0x00007ffbd39b0000 - 0x00007ffbd3a0e000 	C:\WINDOWS\System32\shlwapi.dll
0x00007ffbd0cf0000 - 0x00007ffbd0d16000 	C:\WINDOWS\SYSTEM32\profapi.dll
0x00007ffbbe560000 - 0x00007ffbbe579000 	C:\Program Files\Java\jdk-17\bin\net.dll
0x00007ffbc54e0000 - 0x00007ffbc5617000 	C:\WINDOWS\SYSTEM32\WINHTTP.dll
0x00007ffbd01f0000 - 0x00007ffbd0259000 	C:\WINDOWS\system32\mswsock.dll
0x00007ffbbe290000 - 0x00007ffbbe2a6000 	C:\Program Files\Java\jdk-17\bin\nio.dll
0x00007ffbbc280000 - 0x00007ffbbc298000 	C:\Program Files\Java\jdk-17\bin\zip.dll
0x00007ffbc8370000 - 0x00007ffbc8380000 	C:\Program Files\Java\jdk-17\bin\verify.dll
0x00007ffbb5c50000 - 0x00007ffbb5c77000 	C:\Users\leejh\.gradle\native\68d5fa5c4cc2d200863cafc0d521ce42e7d3e7ee720ec0a83991735586a16f82\windows-amd64\native-platform.dll
0x00007ffbaac70000 - 0x00007ffbaadb4000 	C:\Users\leejh\.gradle\native\e376f236ea51e6404a007f0833ffe2c6e607c4080706a723a18a27aeea778392\windows-amd64\native-platform-file-events.dll
0x00007ffbc82b0000 - 0x00007ffbc82ba000 	C:\Program Files\Java\jdk-17\bin\management.dll
0x00007ffbc6e30000 - 0x00007ffbc6e3b000 	C:\Program Files\Java\jdk-17\bin\management_ext.dll
0x00007ffbd0540000 - 0x00007ffbd055b000 	C:\WINDOWS\SYSTEM32\CRYPTSP.dll
0x00007ffbcfce0000 - 0x00007ffbcfd15000 	C:\WINDOWS\system32\rsaenh.dll
0x00007ffbd0290000 - 0x00007ffbd02bc000 	C:\WINDOWS\SYSTEM32\USERENV.dll
0x00007ffbd06d0000 - 0x00007ffbd06f8000 	C:\WINDOWS\SYSTEM32\bcrypt.dll
0x00007ffbd0520000 - 0x00007ffbd052c000 	C:\WINDOWS\SYSTEM32\CRYPTBASE.dll
0x00007ffbcf830000 - 0x00007ffbcf85d000 	C:\WINDOWS\SYSTEM32\IPHLPAPI.DLL
0x00007ffbd28a0000 - 0x00007ffbd28a9000 	C:\WINDOWS\System32\NSI.dll
0x00007ffbc5110000 - 0x00007ffbc5129000 	C:\WINDOWS\SYSTEM32\dhcpcsvc6.DLL
0x00007ffbc50f0000 - 0x00007ffbc510f000 	C:\WINDOWS\SYSTEM32\dhcpcsvc.DLL
0x00007ffbcf860000 - 0x00007ffbcf959000 	C:\WINDOWS\SYSTEM32\DNSAPI.dll
0x00007ffbc5130000 - 0x00007ffbc513e000 	C:\Program Files\Java\jdk-17\bin\sunmscapi.dll
0x00007ffbd0dc0000 - 0x00007ffbd0f26000 	C:\WINDOWS\System32\CRYPT32.dll
0x00007ffbd06a0000 - 0x00007ffbd06cd000 	C:\WINDOWS\SYSTEM32\ncrypt.dll
0x00007ffbd0660000 - 0x00007ffbd0697000 	C:\WINDOWS\SYSTEM32\NTASN1.dll
0x00007ffb7cb10000 - 0x00007ffb7cb18000 	C:\WINDOWS\system32\wshunix.dll

dbghelp: loaded successfully - version: 4.0.5 - missing functions: none
symbol engine: initialized successfully - sym options: 0x614 - pdb path: .;C:\Program Files\Java\jdk-17\bin;C:\WINDOWS\SYSTEM32;C:\WINDOWS\WinSxS\amd64_microsoft.windows.common-controls_6595b64144ccf1df_6.0.22621.2506_none_270c5ae97388e100;C:\Program Files\Java\jdk-17\bin\server;C:\Users\leejh\.gradle\native\68d5fa5c4cc2d200863cafc0d521ce42e7d3e7ee720ec0a83991735586a16f82\windows-amd64;C:\Users\leejh\.gradle\native\e376f236ea51e6404a007f0833ffe2c6e607c4080706a723a18a27aeea778392\windows-amd64

VM Arguments:
jvm_args: -XX:MaxMetaspaceSize=512m --add-opens=java.base/java.util=ALL-UNNAMED --add-opens=java.base/java.lang=ALL-UNNAMED --add-opens=java.base/java.lang.invoke=ALL-UNNAMED --add-opens=java.prefs/java.util.prefs=ALL-UNNAMED --add-opens=java.base/java.nio.charset=ALL-UNNAMED --add-opens=java.base/java.net=ALL-UNNAMED --add-opens=java.base/java.util.concurrent.atomic=ALL-UNNAMED -Xmx2048m -Dfile.encoding=windows-1252 -Duser.country=ES -Duser.language=es -Duser.variant 
java_command: org.gradle.launcher.daemon.bootstrap.GradleDaemon 8.0.1
java_class_path (initial): C:\Users\leejh\.gradle\wrapper\dists\gradle-8.0.1-all\aro4hu1c3oeioove7l0i4i14o\gradle-8.0.1\lib\gradle-launcher-8.0.1.jar
Launcher Type: SUN_STANDARD

[Global flags]
     intx CICompilerCount                          = 4                                         {product} {ergonomic}
   size_t CompressedClassSpaceSize                 = 436207616                                 {product} {ergonomic}
     uint ConcGCThreads                            = 2                                         {product} {ergonomic}
     uint G1ConcRefinementThreads                  = 8                                         {product} {ergonomic}
   size_t G1HeapRegionSize                         = 1048576                                   {product} {ergonomic}
    uintx GCDrainStackTargetSize                   = 64                                        {product} {ergonomic}
   size_t InitialHeapSize                          = 264241152                                 {product} {ergonomic}
   size_t MarkStackSize                            = 4194304                                   {product} {ergonomic}
   size_t MaxHeapSize                              = 2147483648                                {product} {command line}
   size_t MaxMetaspaceSize                         = 536870912                                 {product} {command line}
   size_t MaxNewSize                               = 1287651328                                {product} {ergonomic}
   size_t MinHeapDeltaBytes                        = 1048576                                   {product} {ergonomic}
   size_t MinHeapSize                              = 8388608                                   {product} {ergonomic}
    uintx NonNMethodCodeHeapSize                   = 5839372                                {pd product} {ergonomic}
    uintx NonProfiledCodeHeapSize                  = 122909434                              {pd product} {ergonomic}
    uintx ProfiledCodeHeapSize                     = 122909434                              {pd product} {ergonomic}
    uintx ReservedCodeCacheSize                    = 251658240                              {pd product} {ergonomic}
     bool SegmentedCodeCache                       = true                                      {product} {ergonomic}
   size_t SoftMaxHeapSize                          = 2147483648                             {manageable} {ergonomic}
     bool UseCompressedClassPointers               = true                           {product lp64_product} {ergonomic}
     bool UseCompressedOops                        = true                           {product lp64_product} {ergonomic}
     bool UseG1GC                                  = true                                      {product} {ergonomic}
     bool UseLargePagesIndividualAllocation        = false                                  {pd product} {ergonomic}

Logging:
Log output configuration:
 #0: stdout all=warning uptime,level,tags
 #1: stderr all=off uptime,level,tags

Environment Variables:
JAVA_HOME=C:\Program Files\Java\jdk-17
CLASSPATH=C:\Users\leejh\Projects\bred\POS\android\\gradle\wrapper\gradle-wrapper.jar
PATH=C:\Users\leejh\Projects\bred\POS\node_modules\.bin;C:\Users\leejh\Projects\bred\POS\node_modules\.bin;C:\Users\leejh\Projects\bred\node_modules\.bin;C:\Users\leejh\Projects\node_modules\.bin;C:\Users\leejh\node_modules\.bin;C:\Users\node_modules\.bin;C:\node_modules\.bin;C:\Program Files\nodejs\node_modules\npm\node_modules\@npmcli\run-script\lib\node-gyp-bin;C:\Program Files\Java\jdk-17\bin;C:\Program Files\Common Files\Oracle\Java\javapath;C:\Python312\Scripts\;C:\Python312\;C:\Program Files\Microsoft MPI\Bin\;C:\Program Files (x86)\Common Files\Intel\Shared Libraries\redist\intel64\compiler;C:\WINDOWS\system32;C:\WINDOWS;C:\WINDOWS\System32\Wbem;C:\WINDOWS\System32\WindowsPowerShell\v1.0\;C:\WINDOWS\System32\OpenSSH\;C:\Program Files\dotnet\;C:\Program Files\Microsoft SQL Server\150\Tools\Binn\;C:\Program Files\Microsoft SQL Server\130\Tools\Binn\;C:\Program Files\Git\cmd;C:\Program Files (x86)\Microsoft SQL Server\160\Tools\Binn\;C:\Program Files\Microsoft SQL Server\160\Tools\Binn\;C:\Program Files\Microsoft SQL Server\Client SDK\ODBC\170\Tools\Binn\;C:\Program Files\Microsoft SQL Server\160\DTS\Binn\;C:\Program Files (x86)\Microsoft SQL Server\160\DTS\Binn\;C:\Program Files\Azure Data Studio\bin;C:\Program Files\Docker\Docker\resources\bin;C:\Program Files\nodejs\;C:\ProgramData\chocolatey\bin;C:\Users\leejh\AppData\Local\Android\Sdk\platform-tools;C:\Program Files\PowerShell\7;C:\Users\leejh\.gradle\wrapper\dists\gradle-8.0.1-all\aro4hu1c3oeioove7l0i4i14o\gradle-8.0.1\bin;C:\Users\leejh\AppData\Local\Android\Sdk\emulator;C:\Users\leejh\Projects\pyenv-win\bin;C:\Users\leejh\Projects\pyenv-win\shims;C:\Program Files (x86)\Windows Kits\10\Windows Performance Toolkit\;C:\Program Files (x86)\ZeroTier\One\;C:\Users\leejh\.pyenv\pyenv-win\bin;C:\Users\leejh\.pyenv\pyenv-win\shims;C:\Users\leejh\AppData\Local\Programs\Python\Python311\Scripts\;C:\Users\leejh\AppData\Local\Programs\Python\Python311\;C:\Users\leejh\AppData\Local\Microsoft\WindowsApps;C:\Users\leejh\.
USERNAME=leejh
OS=Windows_NT
PROCESSOR_IDENTIFIER=Intel64 Family 6 Model 142 Stepping 12, GenuineIntel



---------------  S Y S T E M  ---------------

OS:
 Windows 11 , 64 bit Build 22621 (10.0.22621.2506)
OS uptime: 2 days 18:12 hours
Hyper-V role detected

CPU: total 8 (initial active 8) (4 cores per cpu, 2 threads per core) family 6 model 142 stepping 12 microcode 0xf4, cx8, cmov, fxsr, ht, mmx, 3dnowpref, sse, sse2, sse3, ssse3, sse4.1, sse4.2, popcnt, lzcnt, tsc, tscinvbit, avx, avx2, aes, erms, clmul, bmi1, bmi2, adx, fma, vzeroupper, clflush, clflushopt, hv

Memory: 4k page, system-wide physical 16067M (1155M free)
TotalPageFile size 65219M (AvailPageFile size 18M)
current process WorkingSet (physical memory assigned to process): 470M, peak: 471M
current process commit charge ("private bytes"): 598M, peak: 625M

vm_info: Java HotSpot(TM) 64-Bit Server VM (17.0.9+11-LTS-201) for windows-amd64 JRE (17.0.9+11-LTS-201), built on Oct 10 2023 23:16:06 by "mach5one" with MS VC++ 17.1 (VS2022)

END.
